[
      {
            "name": "G388gat",
            "nodes": 5,
            "edges": 6,
            "roots": 1,
            "positive_terminal_node": true,
            "negative_terminal_node": true
      },
      {
            "name": "G390gat",
            "nodes": 5,
            "edges": 6,
            "roots": 1,
            "positive_terminal_node": true,
            "negative_terminal_node": true
      },
      {
            "name": "G389gat",
            "nodes": 5,
            "edges": 6,
            "roots": 1,
            "positive_terminal_node": true,
            "negative_terminal_node": true
      },
      {
            "name": "G391gat",
            "nodes": 4,
            "edges": 4,
            "roots": 1,
            "positive_terminal_node": true,
            "negative_terminal_node": true
      },
      {
            "name": "G418gat",
            "nodes": 6,
            "edges": 8,
            "roots": 1,
            "positive_terminal_node": true,
            "negative_terminal_node": true
      },
      {
            "name": "G420gat",
            "nodes": 5,
            "edges": 6,
            "roots": 1,
            "positive_terminal_node": true,
            "negative_terminal_node": true
      },
      {
            "name": "G421gat",
            "nodes": 5,
            "edges": 6,
            "roots": 1,
            "positive_terminal_node": true,
            "negative_terminal_node": true
      },
      {
            "name": "G422gat",
            "nodes": 5,
            "edges": 6,
            "roots": 1,
            "positive_terminal_node": true,
            "negative_terminal_node": true
      },
      {
            "name": "G423gat",
            "nodes": 5,
            "edges": 6,
            "roots": 1,
            "positive_terminal_node": true,
            "negative_terminal_node": true
      },
      {
            "name": "G447gat",
            "nodes": 5,
            "edges": 6,
            "roots": 1,
            "positive_terminal_node": true,
            "negative_terminal_node": true
      },
      {
            "name": "G448gat",
            "nodes": 8,
            "edges": 12,
            "roots": 1,
            "positive_terminal_node": true,
            "negative_terminal_node": true
      },
      {
            "name": "G449gat",
            "nodes": 9,
            "edges": 14,
            "roots": 1,
            "positive_terminal_node": true,
            "negative_terminal_node": true
      },
      {
            "name": "G450gat",
            "nodes": 5,
            "edges": 6,
            "roots": 1,
            "positive_terminal_node": true,
            "negative_terminal_node": true
      },
      {
            "name": "G767gat",
            "nodes": 21,
            "edges": 38,
            "roots": 1,
            "positive_terminal_node": true,
            "negative_terminal_node": true
      },
      {
            "name": "G768gat",
            "nodes": 21,
            "edges": 38,
            "roots": 1,
            "positive_terminal_node": true,
            "negative_terminal_node": true
      },
      {
            "name": "new_n107_",
            "nodes": 15,
            "edges": 26,
            "roots": 1,
            "positive_terminal_node": true,
            "negative_terminal_node": true
      },
      {
            "name": "new_n113_",
            "nodes": 8,
            "edges": 12,
            "roots": 1,
            "positive_terminal_node": true,
            "negative_terminal_node": true
      },
      {
            "name": "new_n127_",
            "nodes": 8,
            "edges": 12,
            "roots": 1,
            "positive_terminal_node": true,
            "negative_terminal_node": true
      },
      {
            "name": "new_n130_",
            "nodes": 16,
            "edges": 28,
            "roots": 1,
            "positive_terminal_node": true,
            "negative_terminal_node": true
      },
      {
            "name": "new_n133_",
            "nodes": 16,
            "edges": 28,
            "roots": 1,
            "positive_terminal_node": true,
            "negative_terminal_node": true
      },
      {
            "name": "new_n137_",
            "nodes": 16,
            "edges": 28,
            "roots": 1,
            "positive_terminal_node": true,
            "negative_terminal_node": true
      },
      {
            "name": "new_n112_",
            "nodes": 10,
            "edges": 16,
            "roots": 1,
            "positive_terminal_node": true,
            "negative_terminal_node": true
      },
      {
            "name": "new_n128_",
            "nodes": 10,
            "edges": 16,
            "roots": 1,
            "positive_terminal_node": true,
            "negative_terminal_node": true
      },
      {
            "name": "new_n108_",
            "nodes": 15,
            "edges": 26,
            "roots": 1,
            "positive_terminal_node": true,
            "negative_terminal_node": true
      },
      {
            "name": "new_n138_",
            "nodes": 9,
            "edges": 14,
            "roots": 1,
            "positive_terminal_node": true,
            "negative_terminal_node": true
      },
      {
            "name": "new_n109_",
            "nodes": 11,
            "edges": 18,
            "roots": 1,
            "positive_terminal_node": true,
            "negative_terminal_node": true
      },
      {
            "name": "new_n146_",
            "nodes": 14,
            "edges": 24,
            "roots": 1,
            "positive_terminal_node": true,
            "negative_terminal_node": true
      },
      {
            "name": "new_n151_",
            "nodes": 14,
            "edges": 24,
            "roots": 1,
            "positive_terminal_node": true,
            "negative_terminal_node": true
      },
      {
            "name": "new_n155_",
            "nodes": 14,
            "edges": 24,
            "roots": 1,
            "positive_terminal_node": true,
            "negative_terminal_node": true
      },
      {
            "name": "new_n115_",
            "nodes": 15,
            "edges": 26,
            "roots": 1,
            "positive_terminal_node": true,
            "negative_terminal_node": true
      },
      {
            "name": "new_n131_",
            "nodes": 9,
            "edges": 14,
            "roots": 1,
            "positive_terminal_node": true,
            "negative_terminal_node": true
      },
      {
            "name": "new_n116_",
            "nodes": 15,
            "edges": 26,
            "roots": 1,
            "positive_terminal_node": true,
            "negative_terminal_node": true
      },
      {
            "name": "new_n134_",
            "nodes": 9,
            "edges": 14,
            "roots": 1,
            "positive_terminal_node": true,
            "negative_terminal_node": true
      },
      {
            "name": "new_n122_",
            "nodes": 6,
            "edges": 8,
            "roots": 1,
            "positive_terminal_node": true,
            "negative_terminal_node": true
      },
      {
            "name": "new_n132_",
            "nodes": 11,
            "edges": 18,
            "roots": 1,
            "positive_terminal_node": true,
            "negative_terminal_node": true
      },
      {
            "name": "new_n135_",
            "nodes": 11,
            "edges": 18,
            "roots": 1,
            "positive_terminal_node": true,
            "negative_terminal_node": true
      },
      {
            "name": "new_n139_",
            "nodes": 12,
            "edges": 20,
            "roots": 1,
            "positive_terminal_node": true,
            "negative_terminal_node": true
      },
      {
            "name": "G419gat",
            "nodes": 7,
            "edges": 10,
            "roots": 1,
            "positive_terminal_node": true,
            "negative_terminal_node": true
      },
      {
            "name": "G446gat",
            "nodes": 7,
            "edges": 10,
            "roots": 1,
            "positive_terminal_node": true,
            "negative_terminal_node": true
      },
      {
            "name": "new_n111_",
            "nodes": 5,
            "edges": 6,
            "roots": 1,
            "positive_terminal_node": true,
            "negative_terminal_node": true
      },
      {
            "name": "new_n124_",
            "nodes": 8,
            "edges": 12,
            "roots": 1,
            "positive_terminal_node": true,
            "negative_terminal_node": true
      },
      {
            "name": "new_n125_",
            "nodes": 8,
            "edges": 12,
            "roots": 1,
            "positive_terminal_node": true,
            "negative_terminal_node": true
      },
      {
            "name": "new_n126_",
            "nodes": 10,
            "edges": 16,
            "roots": 1,
            "positive_terminal_node": true,
            "negative_terminal_node": true
      },
      {
            "name": "new_n141_",
            "nodes": 10,
            "edges": 16,
            "roots": 1,
            "positive_terminal_node": true,
            "negative_terminal_node": true
      },
      {
            "name": "new_n106_",
            "nodes": 5,
            "edges": 6,
            "roots": 1,
            "positive_terminal_node": true,
            "negative_terminal_node": true
      },
      {
            "name": "new_n143_",
            "nodes": 6,
            "edges": 8,
            "roots": 1,
            "positive_terminal_node": true,
            "negative_terminal_node": true
      },
      {
            "name": "new_n145_",
            "nodes": 24,
            "edges": 44,
            "roots": 1,
            "positive_terminal_node": true,
            "negative_terminal_node": true
      },
      {
            "name": "new_n118_",
            "nodes": 5,
            "edges": 6,
            "roots": 1,
            "positive_terminal_node": true,
            "negative_terminal_node": true
      },
      {
            "name": "new_n114_",
            "nodes": 27,
            "edges": 50,
            "roots": 1,
            "positive_terminal_node": true,
            "negative_terminal_node": true
      },
      {
            "name": "new_n119_",
            "nodes": 17,
            "edges": 30,
            "roots": 1,
            "positive_terminal_node": true,
            "negative_terminal_node": true
      },
      {
            "name": "new_n121_",
            "nodes": 5,
            "edges": 6,
            "roots": 1,
            "positive_terminal_node": true,
            "negative_terminal_node": true
      },
      {
            "name": "new_n150_",
            "nodes": 12,
            "edges": 20,
            "roots": 1,
            "positive_terminal_node": true,
            "negative_terminal_node": true
      },
      {
            "name": "new_n129_",
            "nodes": 10,
            "edges": 16,
            "roots": 1,
            "positive_terminal_node": true,
            "negative_terminal_node": true
      },
      {
            "name": "new_n153_",
            "nodes": 9,
            "edges": 14,
            "roots": 1,
            "positive_terminal_node": true,
            "negative_terminal_node": true
      },
      {
            "name": "new_n154_",
            "nodes": 12,
            "edges": 20,
            "roots": 1,
            "positive_terminal_node": true,
            "negative_terminal_node": true
      },
      {
            "name": "new_n136_",
            "nodes": 6,
            "edges": 8,
            "roots": 1,
            "positive_terminal_node": true,
            "negative_terminal_node": true
      },
      {
            "name": "new_n140_",
            "nodes": 18,
            "edges": 32,
            "roots": 1,
            "positive_terminal_node": true,
            "negative_terminal_node": true
      },
      {
            "name": "new_n148_",
            "nodes": 10,
            "edges": 16,
            "roots": 1,
            "positive_terminal_node": true,
            "negative_terminal_node": true
      },
      {
            "name": "new_n149_",
            "nodes": 11,
            "edges": 18,
            "roots": 1,
            "positive_terminal_node": true,
            "negative_terminal_node": true
      },
      {
            "name": "G850gat",
            "nodes": 19,
            "edges": 34,
            "roots": 1,
            "positive_terminal_node": true,
            "negative_terminal_node": true
      },
      {
            "name": "G863gat",
            "nodes": 37,
            "edges": 70,
            "roots": 1,
            "positive_terminal_node": true,
            "negative_terminal_node": true
      },
      {
            "name": "G874gat",
            "nodes": 25,
            "edges": 46,
            "roots": 1,
            "positive_terminal_node": true,
            "negative_terminal_node": true
      },
      {
            "name": "G864gat",
            "nodes": 19,
            "edges": 34,
            "roots": 1,
            "positive_terminal_node": true,
            "negative_terminal_node": true
      },
      {
            "name": "G865gat",
            "nodes": 22,
            "edges": 40,
            "roots": 1,
            "positive_terminal_node": true,
            "negative_terminal_node": true
      },
      {
            "name": "G880gat",
            "nodes": 14,
            "edges": 24,
            "roots": 1,
            "positive_terminal_node": true,
            "negative_terminal_node": true
      },
      {
            "name": "G866gat",
            "nodes": 10,
            "edges": 16,
            "roots": 1,
            "positive_terminal_node": true,
            "negative_terminal_node": true
      },
      {
            "name": "G878gat",
            "nodes": 14,
            "edges": 24,
            "roots": 1,
            "positive_terminal_node": true,
            "negative_terminal_node": true
      },
      {
            "name": "G879gat",
            "nodes": 17,
            "edges": 30,
            "roots": 1,
            "positive_terminal_node": true,
            "negative_terminal_node": true
      },
      {
            "klutparser": {
                  "total_time": 155.02229237556458
            }
      },
      {
            "patterns": [
                  {
                        "hash": "4b8c2cfb0c6f53666a623b1146239137",
                        "nr_bdds": 7,
                        "nodes": 5,
                        "edges": 6
                  },
                  {
                        "hash": "9b4be5d748a292e481722f1ef8f75020",
                        "nr_bdds": 1,
                        "nodes": 4,
                        "edges": 4
                  },
                  {
                        "hash": "e8b84f9a6048973ee83f697d1702109b",
                        "nr_bdds": 2,
                        "nodes": 6,
                        "edges": 8
                  },
                  {
                        "hash": "9cb5538ee75163054fc2701486e1c8c0",
                        "nr_bdds": 6,
                        "nodes": 5,
                        "edges": 6
                  },
                  {
                        "hash": "e87fa10a6bf60d1ec04fd944e316007c",
                        "nr_bdds": 1,
                        "nodes": 8,
                        "edges": 12
                  },
                  {
                        "hash": "626c60c8ef688ea2c3c3bccda1c79f08",
                        "nr_bdds": 1,
                        "nodes": 9,
                        "edges": 14
                  },
                  {
                        "hash": "fa59b9d214c3b913603d774a0e152cbe",
                        "nr_bdds": 2,
                        "nodes": 21,
                        "edges": 38
                  },
                  {
                        "hash": "8e29fff896861e7095e249b26e791fee",
                        "nr_bdds": 1,
                        "nodes": 15,
                        "edges": 26
                  },
                  {
                        "hash": "f7ef45a629c74956195fb00f91040809",
                        "nr_bdds": 1,
                        "nodes": 8,
                        "edges": 12
                  },
                  {
                        "hash": "a9eff3d8a4bf53414f8e1365cca01d84",
                        "nr_bdds": 1,
                        "nodes": 8,
                        "edges": 12
                  },
                  {
                        "hash": "00e03615bfb9002e65f00f4dddee4937",
                        "nr_bdds": 3,
                        "nodes": 16,
                        "edges": 28
                  },
                  {
                        "hash": "92cc246eba02d6604b6603e71e27fce2",
                        "nr_bdds": 2,
                        "nodes": 10,
                        "edges": 16
                  },
                  {
                        "hash": "2770174caebd82525e056533123a1388",
                        "nr_bdds": 3,
                        "nodes": 15,
                        "edges": 26
                  },
                  {
                        "hash": "aad73e6cd628b54d047afb1abeca99d8",
                        "nr_bdds": 3,
                        "nodes": 9,
                        "edges": 14
                  },
                  {
                        "hash": "aa55bcb29d1f23ae1309d892799e7ab7",
                        "nr_bdds": 1,
                        "nodes": 11,
                        "edges": 18
                  },
                  {
                        "hash": "03643c6f2d72520435aaafbcc467dceb",
                        "nr_bdds": 3,
                        "nodes": 14,
                        "edges": 24
                  },
                  {
                        "hash": "a2dbf422e172f0d81f68959829399c7e",
                        "nr_bdds": 2,
                        "nodes": 6,
                        "edges": 8
                  },
                  {
                        "hash": "eb5108f8016c311a0cfe1c45fab2df1d",
                        "nr_bdds": 2,
                        "nodes": 11,
                        "edges": 18
                  },
                  {
                        "hash": "670a4e0995f52ab4f423ad7a1a08e5e4",
                        "nr_bdds": 1,
                        "nodes": 12,
                        "edges": 20
                  },
                  {
                        "hash": "b67c4407f4287f5343f69dcba92bfc1f",
                        "nr_bdds": 2,
                        "nodes": 7,
                        "edges": 10
                  },
                  {
                        "hash": "1fce3decee4b23ef54bb5823f1bcf696",
                        "nr_bdds": 1,
                        "nodes": 8,
                        "edges": 12
                  },
                  {
                        "hash": "3d8081ccef5a718c000dcbd8347841af",
                        "nr_bdds": 1,
                        "nodes": 8,
                        "edges": 12
                  },
                  {
                        "hash": "f9b97e5ad3a0ae117a8f5b949d991918",
                        "nr_bdds": 1,
                        "nodes": 10,
                        "edges": 16
                  },
                  {
                        "hash": "e46acba191a414cea62ccaa7e8a1ddf4",
                        "nr_bdds": 1,
                        "nodes": 10,
                        "edges": 16
                  },
                  {
                        "hash": "a9b3b5288eae0aabc5a49809275244d1",
                        "nr_bdds": 1,
                        "nodes": 24,
                        "edges": 44
                  },
                  {
                        "hash": "0c6eaff2fbc9d4e096448c1df985cce0",
                        "nr_bdds": 1,
                        "nodes": 27,
                        "edges": 50
                  },
                  {
                        "hash": "b058e96d8db09ed6a66086b23bede3ea",
                        "nr_bdds": 1,
                        "nodes": 17,
                        "edges": 30
                  },
                  {
                        "hash": "83a2f94c43ed4e801833e9813f3d78f2",
                        "nr_bdds": 2,
                        "nodes": 12,
                        "edges": 20
                  },
                  {
                        "hash": "0deeacf876de27f3259337ad7832d409",
                        "nr_bdds": 2,
                        "nodes": 10,
                        "edges": 16
                  },
                  {
                        "hash": "7a6f2d8482f2fa6c02f2b44f1109de12",
                        "nr_bdds": 1,
                        "nodes": 9,
                        "edges": 14
                  },
                  {
                        "hash": "b18658e37c433b5fdb41a31372be9a14",
                        "nr_bdds": 1,
                        "nodes": 18,
                        "edges": 32
                  },
                  {
                        "hash": "2396843cba2ef6e5feb5d1d72104768d",
                        "nr_bdds": 1,
                        "nodes": 11,
                        "edges": 18
                  },
                  {
                        "hash": "79c8a64ef17d735c44030ce08a1103c6",
                        "nr_bdds": 2,
                        "nodes": 19,
                        "edges": 34
                  },
                  {
                        "hash": "1667fa48f40dabace36d0ce46d183233",
                        "nr_bdds": 1,
                        "nodes": 37,
                        "edges": 70
                  },
                  {
                        "hash": "7479ef02ebcb0c47cbf3965250809cd1",
                        "nr_bdds": 1,
                        "nodes": 25,
                        "edges": 46
                  },
                  {
                        "hash": "691f3e57140b9e52cbfeb916aa2d8f65",
                        "nr_bdds": 1,
                        "nodes": 22,
                        "edges": 40
                  },
                  {
                        "hash": "60bcec048295169d77c6456a62b40cdf",
                        "nr_bdds": 1,
                        "nodes": 14,
                        "edges": 24
                  },
                  {
                        "hash": "e90c4fa336f4d87352d1e16585545765",
                        "nr_bdds": 1,
                        "nodes": 10,
                        "edges": 16
                  },
                  {
                        "hash": "3293c2ce2368e4a191fffdd58b218b73",
                        "nr_bdds": 1,
                        "nodes": 14,
                        "edges": 24
                  },
                  {
                        "hash": "e3616de5473842f9eddc35e12a6f9f0e",
                        "nr_bdds": 1,
                        "nodes": 17,
                        "edges": 30
                  }
            ],
            "before": {
                  "rows": 787,
                  "cols": 1302,
                  "semi": 2089,
                  "area": 1024674,
                  "cycles": 4,
                  "total_time": 0.018619775772094727
            },
            "after": {
                  "rows": 522,
                  "cols": 884,
                  "semi": 1406,
                  "area": 461448,
                  "cycles": 14,
                  "total_time": 0.0002899169921875
            }
      }
]
