[
      {
            "name": "new_n70_",
            "nodes": 4,
            "edges": 4,
            "roots": 1,
            "positive_terminal_node": true,
            "negative_terminal_node": true
      },
      {
            "name": "new_n47_",
            "nodes": 6,
            "edges": 8,
            "roots": 1,
            "positive_terminal_node": true,
            "negative_terminal_node": true
      },
      {
            "name": "new_n71_",
            "nodes": 4,
            "edges": 4,
            "roots": 1,
            "positive_terminal_node": true,
            "negative_terminal_node": true
      },
      {
            "name": "new_n76_",
            "nodes": 4,
            "edges": 4,
            "roots": 1,
            "positive_terminal_node": true,
            "negative_terminal_node": true
      },
      {
            "name": "new_n48_",
            "nodes": 6,
            "edges": 8,
            "roots": 1,
            "positive_terminal_node": true,
            "negative_terminal_node": true
      },
      {
            "name": "new_n77_",
            "nodes": 4,
            "edges": 4,
            "roots": 1,
            "positive_terminal_node": true,
            "negative_terminal_node": true
      },
      {
            "name": "new_n57_",
            "nodes": 4,
            "edges": 4,
            "roots": 1,
            "positive_terminal_node": true,
            "negative_terminal_node": true
      },
      {
            "name": "new_n54_",
            "nodes": 4,
            "edges": 4,
            "roots": 1,
            "positive_terminal_node": true,
            "negative_terminal_node": true
      },
      {
            "name": "new_n49_",
            "nodes": 8,
            "edges": 12,
            "roots": 1,
            "positive_terminal_node": true,
            "negative_terminal_node": true
      },
      {
            "name": "new_n60_",
            "nodes": 4,
            "edges": 4,
            "roots": 1,
            "positive_terminal_node": true,
            "negative_terminal_node": true
      },
      {
            "name": "new_n64_",
            "nodes": 4,
            "edges": 4,
            "roots": 1,
            "positive_terminal_node": true,
            "negative_terminal_node": true
      },
      {
            "name": "new_n50_",
            "nodes": 6,
            "edges": 8,
            "roots": 1,
            "positive_terminal_node": true,
            "negative_terminal_node": true
      },
      {
            "name": "new_n65_",
            "nodes": 4,
            "edges": 4,
            "roots": 1,
            "positive_terminal_node": true,
            "negative_terminal_node": true
      },
      {
            "name": "new_n55_",
            "nodes": 4,
            "edges": 4,
            "roots": 1,
            "positive_terminal_node": true,
            "negative_terminal_node": true
      },
      {
            "name": "new_n58_",
            "nodes": 4,
            "edges": 4,
            "roots": 1,
            "positive_terminal_node": true,
            "negative_terminal_node": true
      },
      {
            "name": "new_n61_",
            "nodes": 4,
            "edges": 4,
            "roots": 1,
            "positive_terminal_node": true,
            "negative_terminal_node": true
      },
      {
            "name": "new_n66_",
            "nodes": 4,
            "edges": 4,
            "roots": 1,
            "positive_terminal_node": true,
            "negative_terminal_node": true
      },
      {
            "name": "new_n68_",
            "nodes": 4,
            "edges": 4,
            "roots": 1,
            "positive_terminal_node": true,
            "negative_terminal_node": true
      },
      {
            "name": "new_n72_",
            "nodes": 4,
            "edges": 4,
            "roots": 1,
            "positive_terminal_node": true,
            "negative_terminal_node": true
      },
      {
            "name": "new_n74_",
            "nodes": 4,
            "edges": 4,
            "roots": 1,
            "positive_terminal_node": true,
            "negative_terminal_node": true
      },
      {
            "name": "new_n78_",
            "nodes": 4,
            "edges": 4,
            "roots": 1,
            "positive_terminal_node": true,
            "negative_terminal_node": true
      },
      {
            "name": "new_n80_",
            "nodes": 4,
            "edges": 4,
            "roots": 1,
            "positive_terminal_node": true,
            "negative_terminal_node": true
      },
      {
            "name": "new_n46_",
            "nodes": 4,
            "edges": 4,
            "roots": 1,
            "positive_terminal_node": true,
            "negative_terminal_node": true
      },
      {
            "name": "new_n53_",
            "nodes": 9,
            "edges": 14,
            "roots": 1,
            "positive_terminal_node": true,
            "negative_terminal_node": true
      },
      {
            "name": "new_n56_",
            "nodes": 9,
            "edges": 14,
            "roots": 1,
            "positive_terminal_node": true,
            "negative_terminal_node": true
      },
      {
            "name": "new_n59_",
            "nodes": 9,
            "edges": 14,
            "roots": 1,
            "positive_terminal_node": true,
            "negative_terminal_node": true
      },
      {
            "name": "new_n63_",
            "nodes": 8,
            "edges": 12,
            "roots": 1,
            "positive_terminal_node": true,
            "negative_terminal_node": true
      },
      {
            "name": "new_n67_",
            "nodes": 8,
            "edges": 12,
            "roots": 1,
            "positive_terminal_node": true,
            "negative_terminal_node": true
      },
      {
            "name": "new_n69_",
            "nodes": 8,
            "edges": 12,
            "roots": 1,
            "positive_terminal_node": true,
            "negative_terminal_node": true
      },
      {
            "name": "new_n73_",
            "nodes": 8,
            "edges": 12,
            "roots": 1,
            "positive_terminal_node": true,
            "negative_terminal_node": true
      },
      {
            "name": "new_n75_",
            "nodes": 8,
            "edges": 12,
            "roots": 1,
            "positive_terminal_node": true,
            "negative_terminal_node": true
      },
      {
            "name": "new_n79_",
            "nodes": 8,
            "edges": 12,
            "roots": 1,
            "positive_terminal_node": true,
            "negative_terminal_node": true
      },
      {
            "name": "G223gat",
            "nodes": 5,
            "edges": 6,
            "roots": 1,
            "positive_terminal_node": true,
            "negative_terminal_node": true
      },
      {
            "name": "new_n83_",
            "nodes": 9,
            "edges": 14,
            "roots": 1,
            "positive_terminal_node": true,
            "negative_terminal_node": true
      },
      {
            "name": "new_n85_",
            "nodes": 9,
            "edges": 14,
            "roots": 1,
            "positive_terminal_node": true,
            "negative_terminal_node": true
      },
      {
            "name": "new_n86_",
            "nodes": 9,
            "edges": 14,
            "roots": 1,
            "positive_terminal_node": true,
            "negative_terminal_node": true
      },
      {
            "name": "new_n88_",
            "nodes": 8,
            "edges": 12,
            "roots": 1,
            "positive_terminal_node": true,
            "negative_terminal_node": true
      },
      {
            "name": "new_n89_",
            "nodes": 8,
            "edges": 12,
            "roots": 1,
            "positive_terminal_node": true,
            "negative_terminal_node": true
      },
      {
            "name": "new_n91_",
            "nodes": 9,
            "edges": 14,
            "roots": 1,
            "positive_terminal_node": true,
            "negative_terminal_node": true
      },
      {
            "name": "new_n92_",
            "nodes": 9,
            "edges": 14,
            "roots": 1,
            "positive_terminal_node": true,
            "negative_terminal_node": true
      },
      {
            "name": "new_n94_",
            "nodes": 9,
            "edges": 14,
            "roots": 1,
            "positive_terminal_node": true,
            "negative_terminal_node": true
      },
      {
            "name": "new_n95_",
            "nodes": 9,
            "edges": 14,
            "roots": 1,
            "positive_terminal_node": true,
            "negative_terminal_node": true
      },
      {
            "name": "new_n52_",
            "nodes": 5,
            "edges": 6,
            "roots": 1,
            "positive_terminal_node": true,
            "negative_terminal_node": true
      },
      {
            "name": "new_n62_",
            "nodes": 8,
            "edges": 12,
            "roots": 1,
            "positive_terminal_node": true,
            "negative_terminal_node": true
      },
      {
            "name": "G329gat",
            "nodes": 4,
            "edges": 4,
            "roots": 1,
            "positive_terminal_node": true,
            "negative_terminal_node": true
      },
      {
            "name": "new_n82_",
            "nodes": 9,
            "edges": 14,
            "roots": 1,
            "positive_terminal_node": true,
            "negative_terminal_node": true
      },
      {
            "name": "new_n84_",
            "nodes": 14,
            "edges": 24,
            "roots": 1,
            "positive_terminal_node": true,
            "negative_terminal_node": true
      },
      {
            "name": "new_n87_",
            "nodes": 14,
            "edges": 24,
            "roots": 1,
            "positive_terminal_node": true,
            "negative_terminal_node": true
      },
      {
            "name": "new_n90_",
            "nodes": 14,
            "edges": 24,
            "roots": 1,
            "positive_terminal_node": true,
            "negative_terminal_node": true
      },
      {
            "name": "new_n93_",
            "nodes": 14,
            "edges": 24,
            "roots": 1,
            "positive_terminal_node": true,
            "negative_terminal_node": true
      },
      {
            "name": "new_n98_",
            "nodes": 7,
            "edges": 10,
            "roots": 1,
            "positive_terminal_node": true,
            "negative_terminal_node": true
      },
      {
            "name": "new_n100_",
            "nodes": 7,
            "edges": 10,
            "roots": 1,
            "positive_terminal_node": true,
            "negative_terminal_node": true
      },
      {
            "name": "new_n101_",
            "nodes": 7,
            "edges": 10,
            "roots": 1,
            "positive_terminal_node": true,
            "negative_terminal_node": true
      },
      {
            "name": "new_n103_",
            "nodes": 7,
            "edges": 10,
            "roots": 1,
            "positive_terminal_node": true,
            "negative_terminal_node": true
      },
      {
            "name": "new_n105_",
            "nodes": 7,
            "edges": 10,
            "roots": 1,
            "positive_terminal_node": true,
            "negative_terminal_node": true
      },
      {
            "name": "new_n107_",
            "nodes": 7,
            "edges": 10,
            "roots": 1,
            "positive_terminal_node": true,
            "negative_terminal_node": true
      },
      {
            "name": "new_n108_",
            "nodes": 7,
            "edges": 10,
            "roots": 1,
            "positive_terminal_node": true,
            "negative_terminal_node": true
      },
      {
            "name": "new_n110_",
            "nodes": 7,
            "edges": 10,
            "roots": 1,
            "positive_terminal_node": true,
            "negative_terminal_node": true
      },
      {
            "name": "new_n111_",
            "nodes": 7,
            "edges": 10,
            "roots": 1,
            "positive_terminal_node": true,
            "negative_terminal_node": true
      },
      {
            "name": "G370gat",
            "nodes": 7,
            "edges": 10,
            "roots": 1,
            "positive_terminal_node": true,
            "negative_terminal_node": true
      },
      {
            "name": "new_n97_",
            "nodes": 5,
            "edges": 6,
            "roots": 1,
            "positive_terminal_node": true,
            "negative_terminal_node": true
      },
      {
            "name": "new_n99_",
            "nodes": 9,
            "edges": 14,
            "roots": 1,
            "positive_terminal_node": true,
            "negative_terminal_node": true
      },
      {
            "name": "new_n102_",
            "nodes": 5,
            "edges": 6,
            "roots": 1,
            "positive_terminal_node": true,
            "negative_terminal_node": true
      },
      {
            "name": "new_n104_",
            "nodes": 5,
            "edges": 6,
            "roots": 1,
            "positive_terminal_node": true,
            "negative_terminal_node": true
      },
      {
            "name": "new_n106_",
            "nodes": 9,
            "edges": 14,
            "roots": 1,
            "positive_terminal_node": true,
            "negative_terminal_node": true
      },
      {
            "name": "new_n109_",
            "nodes": 9,
            "edges": 14,
            "roots": 1,
            "positive_terminal_node": true,
            "negative_terminal_node": true
      },
      {
            "name": "new_n113_",
            "nodes": 5,
            "edges": 6,
            "roots": 1,
            "positive_terminal_node": true,
            "negative_terminal_node": true
      },
      {
            "name": "new_n114_",
            "nodes": 5,
            "edges": 6,
            "roots": 1,
            "positive_terminal_node": true,
            "negative_terminal_node": true
      },
      {
            "name": "new_n116_",
            "nodes": 5,
            "edges": 6,
            "roots": 1,
            "positive_terminal_node": true,
            "negative_terminal_node": true
      },
      {
            "name": "new_n117_",
            "nodes": 5,
            "edges": 6,
            "roots": 1,
            "positive_terminal_node": true,
            "negative_terminal_node": true
      },
      {
            "name": "new_n119_",
            "nodes": 8,
            "edges": 12,
            "roots": 1,
            "positive_terminal_node": true,
            "negative_terminal_node": true
      },
      {
            "name": "G421gat",
            "nodes": 8,
            "edges": 12,
            "roots": 1,
            "positive_terminal_node": true,
            "negative_terminal_node": true
      },
      {
            "name": "G430gat",
            "nodes": 6,
            "edges": 8,
            "roots": 1,
            "positive_terminal_node": true,
            "negative_terminal_node": true
      },
      {
            "name": "G431gat",
            "nodes": 8,
            "edges": 12,
            "roots": 1,
            "positive_terminal_node": true,
            "negative_terminal_node": true
      },
      {
            "name": "G432gat",
            "nodes": 8,
            "edges": 12,
            "roots": 1,
            "positive_terminal_node": true,
            "negative_terminal_node": true
      },
      {
            "klutparser": {
                  "total_time": 170.61669182777405
            }
      },
      {
            "patterns": [
                  {
                        "hash": "9b4be5d748a292e481722f1ef8f75020",
                        "nr_bdds": 20,
                        "nodes": 4,
                        "edges": 4
                  },
                  {
                        "hash": "a2dbf422e172f0d81f68959829399c7e",
                        "nr_bdds": 3,
                        "nodes": 6,
                        "edges": 8
                  },
                  {
                        "hash": "0e0c39f571f392bd16c22b0a285f5ceb",
                        "nr_bdds": 1,
                        "nodes": 8,
                        "edges": 12
                  },
                  {
                        "hash": "cf1529b490b95ac4ab8c1da53f1993ae",
                        "nr_bdds": 3,
                        "nodes": 9,
                        "edges": 14
                  },
                  {
                        "hash": "fac51fe3d9094898bf86ab7f5f2ef286",
                        "nr_bdds": 6,
                        "nodes": 8,
                        "edges": 12
                  },
                  {
                        "hash": "4b8c2cfb0c6f53666a623b1146239137",
                        "nr_bdds": 2,
                        "nodes": 5,
                        "edges": 6
                  },
                  {
                        "hash": "7a6f2d8482f2fa6c02f2b44f1109de12",
                        "nr_bdds": 1,
                        "nodes": 9,
                        "edges": 14
                  },
                  {
                        "hash": "c4092b78be804334a6c8dec097dd1d03",
                        "nr_bdds": 6,
                        "nodes": 9,
                        "edges": 14
                  },
                  {
                        "hash": "a01aee8f8e69897a27191b2f6274165e",
                        "nr_bdds": 2,
                        "nodes": 8,
                        "edges": 12
                  },
                  {
                        "hash": "e87fa10a6bf60d1ec04fd944e316007c",
                        "nr_bdds": 1,
                        "nodes": 8,
                        "edges": 12
                  },
                  {
                        "hash": "986494a77861629a344f7c84fb02d617",
                        "nr_bdds": 1,
                        "nodes": 9,
                        "edges": 14
                  },
                  {
                        "hash": "cafe4d61483aee3bc8c6cf5b1eec43a0",
                        "nr_bdds": 4,
                        "nodes": 14,
                        "edges": 24
                  },
                  {
                        "hash": "8ada93ed6dcbc31b8896267fc07625af",
                        "nr_bdds": 9,
                        "nodes": 7,
                        "edges": 10
                  },
                  {
                        "hash": "b67c4407f4287f5343f69dcba92bfc1f",
                        "nr_bdds": 1,
                        "nodes": 7,
                        "edges": 10
                  },
                  {
                        "hash": "9cb5538ee75163054fc2701486e1c8c0",
                        "nr_bdds": 7,
                        "nodes": 5,
                        "edges": 6
                  },
                  {
                        "hash": "bfdb73e1577ebe93da0e43798818b8fc",
                        "nr_bdds": 3,
                        "nodes": 9,
                        "edges": 14
                  },
                  {
                        "hash": "a61c16129d42de336dbab3b737bd6469",
                        "nr_bdds": 1,
                        "nodes": 8,
                        "edges": 12
                  },
                  {
                        "hash": "26d1a2f15300cc12947c9455350d0f9e",
                        "nr_bdds": 1,
                        "nodes": 8,
                        "edges": 12
                  },
                  {
                        "hash": "e8b84f9a6048973ee83f697d1702109b",
                        "nr_bdds": 1,
                        "nodes": 6,
                        "edges": 8
                  },
                  {
                        "hash": "ef69dd818f5451c5651da69a77812777",
                        "nr_bdds": 1,
                        "nodes": 8,
                        "edges": 12
                  },
                  {
                        "hash": "c7a9fa2b97c5cafa7295f2610befb92d",
                        "nr_bdds": 1,
                        "nodes": 8,
                        "edges": 12
                  }
            ],
            "before": {
                  "rows": 513,
                  "cols": 726,
                  "semi": 1239,
                  "area": 372438,
                  "cycles": 8,
                  "total_time": 0.01642465591430664
            },
            "after": {
                  "rows": 163,
                  "cols": 242,
                  "semi": 405,
                  "area": 39446,
                  "cycles": 52,
                  "total_time": 0.00047278404235839844
            }
      },
      {
            "cycles": {
                  "cycles": [
                        [
                              {
                                    "type": "LOAD",
                                    "hash": "9b4be5d748a292e481722f1ef8f75020"
                              },
                              {
                                    "type": "LOAD",
                                    "hash": "8ada93ed6dcbc31b8896267fc07625af"
                              },
                              {
                                    "type": "LOAD",
                                    "hash": "9cb5538ee75163054fc2701486e1c8c0"
                              },
                              {
                                    "type": "LOAD",
                                    "hash": "c4092b78be804334a6c8dec097dd1d03"
                              },
                              {
                                    "type": "LOAD",
                                    "hash": "fac51fe3d9094898bf86ab7f5f2ef286"
                              },
                              {
                                    "type": "LOAD",
                                    "hash": "cafe4d61483aee3bc8c6cf5b1eec43a0"
                              },
                              {
                                    "type": "LOAD",
                                    "hash": "cf1529b490b95ac4ab8c1da53f1993ae"
                              },
                              {
                                    "type": "LOAD",
                                    "hash": "bfdb73e1577ebe93da0e43798818b8fc"
                              },
                              {
                                    "type": "LOAD",
                                    "hash": "a2dbf422e172f0d81f68959829399c7e"
                              }
                        ],
                        [
                              {
                                    "type": "EVAL",
                                    "hash": "9b4be5d748a292e481722f1ef8f75020"
                              }
                        ],
                        [
                              {
                                    "type": "EVAL",
                                    "hash": "9b4be5d748a292e481722f1ef8f75020"
                              }
                        ],
                        [
                              {
                                    "type": "EVAL",
                                    "hash": "9b4be5d748a292e481722f1ef8f75020"
                              }
                        ],
                        [
                              {
                                    "type": "EVAL",
                                    "hash": "9b4be5d748a292e481722f1ef8f75020"
                              }
                        ],
                        [
                              {
                                    "type": "EVAL",
                                    "hash": "9b4be5d748a292e481722f1ef8f75020"
                              }
                        ],
                        [
                              {
                                    "type": "EVAL",
                                    "hash": "9b4be5d748a292e481722f1ef8f75020"
                              }
                        ],
                        [
                              {
                                    "type": "EVAL",
                                    "hash": "9b4be5d748a292e481722f1ef8f75020"
                              }
                        ],
                        [
                              {
                                    "type": "EVAL",
                                    "hash": "9b4be5d748a292e481722f1ef8f75020"
                              }
                        ],
                        [
                              {
                                    "type": "EVAL",
                                    "hash": "9b4be5d748a292e481722f1ef8f75020"
                              }
                        ],
                        [
                              {
                                    "type": "EVAL",
                                    "hash": "9b4be5d748a292e481722f1ef8f75020"
                              }
                        ],
                        [
                              {
                                    "type": "EVAL",
                                    "hash": "9b4be5d748a292e481722f1ef8f75020"
                              }
                        ],
                        [
                              {
                                    "type": "EVAL",
                                    "hash": "9b4be5d748a292e481722f1ef8f75020"
                              }
                        ],
                        [
                              {
                                    "type": "EVAL",
                                    "hash": "9b4be5d748a292e481722f1ef8f75020"
                              }
                        ],
                        [
                              {
                                    "type": "EVAL",
                                    "hash": "9b4be5d748a292e481722f1ef8f75020"
                              }
                        ],
                        [
                              {
                                    "type": "EVAL",
                                    "hash": "9b4be5d748a292e481722f1ef8f75020"
                              }
                        ],
                        [
                              {
                                    "type": "EVAL",
                                    "hash": "a2dbf422e172f0d81f68959829399c7e"
                              },
                              {
                                    "type": "EVAL",
                                    "hash": "9b4be5d748a292e481722f1ef8f75020"
                              }
                        ],
                        [
                              {
                                    "type": "EVAL",
                                    "hash": "a2dbf422e172f0d81f68959829399c7e"
                              },
                              {
                                    "type": "EVAL",
                                    "hash": "9b4be5d748a292e481722f1ef8f75020"
                              }
                        ],
                        [
                              {
                                    "type": "EVAL",
                                    "hash": "a2dbf422e172f0d81f68959829399c7e"
                              },
                              {
                                    "type": "EVAL",
                                    "hash": "9b4be5d748a292e481722f1ef8f75020"
                              }
                        ],
                        [
                              {
                                    "type": "LOAD",
                                    "hash": "0e0c39f571f392bd16c22b0a285f5ceb"
                              }
                        ],
                        [
                              {
                                    "type": "EVAL",
                                    "hash": "0e0c39f571f392bd16c22b0a285f5ceb"
                              }
                        ],
                        [
                              {
                                    "type": "EVAL",
                                    "hash": "fac51fe3d9094898bf86ab7f5f2ef286"
                              }
                        ],
                        [
                              {
                                    "type": "EVAL",
                                    "hash": "fac51fe3d9094898bf86ab7f5f2ef286"
                              }
                        ],
                        [
                              {
                                    "type": "EVAL",
                                    "hash": "fac51fe3d9094898bf86ab7f5f2ef286"
                              }
                        ],
                        [
                              {
                                    "type": "EVAL",
                                    "hash": "cf1529b490b95ac4ab8c1da53f1993ae"
                              },
                              {
                                    "type": "EVAL",
                                    "hash": "fac51fe3d9094898bf86ab7f5f2ef286"
                              }
                        ],
                        [
                              {
                                    "type": "EVAL",
                                    "hash": "cf1529b490b95ac4ab8c1da53f1993ae"
                              },
                              {
                                    "type": "EVAL",
                                    "hash": "fac51fe3d9094898bf86ab7f5f2ef286"
                              }
                        ],
                        [
                              {
                                    "type": "EVAL",
                                    "hash": "9b4be5d748a292e481722f1ef8f75020"
                              },
                              {
                                    "type": "EVAL",
                                    "hash": "fac51fe3d9094898bf86ab7f5f2ef286"
                              },
                              {
                                    "type": "EVAL",
                                    "hash": "cf1529b490b95ac4ab8c1da53f1993ae"
                              }
                        ],
                        [
                              {
                                    "type": "EVAL",
                                    "hash": "c4092b78be804334a6c8dec097dd1d03"
                              }
                        ],
                        [
                              {
                                    "type": "EVAL",
                                    "hash": "c4092b78be804334a6c8dec097dd1d03"
                              }
                        ],
                        [
                              {
                                    "type": "EVAL",
                                    "hash": "c4092b78be804334a6c8dec097dd1d03"
                              }
                        ],
                        [
                              {
                                    "type": "EVAL",
                                    "hash": "c4092b78be804334a6c8dec097dd1d03"
                              }
                        ],
                        [
                              {
                                    "type": "EVAL",
                                    "hash": "c4092b78be804334a6c8dec097dd1d03"
                              }
                        ],
                        [
                              {
                                    "type": "LOAD",
                                    "hash": "a01aee8f8e69897a27191b2f6274165e"
                              }
                        ],
                        [
                              {
                                    "type": "EVAL",
                                    "hash": "a01aee8f8e69897a27191b2f6274165e"
                              }
                        ],
                        [
                              {
                                    "type": "EVAL",
                                    "hash": "a01aee8f8e69897a27191b2f6274165e"
                              },
                              {
                                    "type": "EVAL",
                                    "hash": "c4092b78be804334a6c8dec097dd1d03"
                              }
                        ],
                        [
                              {
                                    "type": "LOAD",
                                    "hash": "7a6f2d8482f2fa6c02f2b44f1109de12"
                              }
                        ],
                        [
                              {
                                    "type": "EVAL",
                                    "hash": "7a6f2d8482f2fa6c02f2b44f1109de12"
                              }
                        ],
                        [
                              {
                                    "type": "LOAD",
                                    "hash": "4b8c2cfb0c6f53666a623b1146239137"
                              }
                        ],
                        [
                              {
                                    "type": "EVAL",
                                    "hash": "4b8c2cfb0c6f53666a623b1146239137"
                              }
                        ],
                        [
                              {
                                    "type": "LOAD",
                                    "hash": "e87fa10a6bf60d1ec04fd944e316007c"
                              }
                        ],
                        [
                              {
                                    "type": "EVAL",
                                    "hash": "e87fa10a6bf60d1ec04fd944e316007c"
                              }
                        ],
                        [
                              {
                                    "type": "EVAL",
                                    "hash": "cafe4d61483aee3bc8c6cf5b1eec43a0"
                              }
                        ],
                        [
                              {
                                    "type": "EVAL",
                                    "hash": "cafe4d61483aee3bc8c6cf5b1eec43a0"
                              }
                        ],
                        [
                              {
                                    "type": "EVAL",
                                    "hash": "cafe4d61483aee3bc8c6cf5b1eec43a0"
                              }
                        ],
                        [
                              {
                                    "type": "EVAL",
                                    "hash": "9b4be5d748a292e481722f1ef8f75020"
                              },
                              {
                                    "type": "EVAL",
                                    "hash": "cafe4d61483aee3bc8c6cf5b1eec43a0"
                              }
                        ],
                        [
                              {
                                    "type": "LOAD",
                                    "hash": "986494a77861629a344f7c84fb02d617"
                              }
                        ],
                        [
                              {
                                    "type": "EVAL",
                                    "hash": "986494a77861629a344f7c84fb02d617"
                              }
                        ],
                        [
                              {
                                    "type": "LOAD",
                                    "hash": "4b8c2cfb0c6f53666a623b1146239137"
                              }
                        ],
                        [
                              {
                                    "type": "EVAL",
                                    "hash": "4b8c2cfb0c6f53666a623b1146239137"
                              }
                        ],
                        [
                              {
                                    "type": "EVAL",
                                    "hash": "8ada93ed6dcbc31b8896267fc07625af"
                              }
                        ],
                        [
                              {
                                    "type": "EVAL",
                                    "hash": "8ada93ed6dcbc31b8896267fc07625af"
                              }
                        ],
                        [
                              {
                                    "type": "EVAL",
                                    "hash": "8ada93ed6dcbc31b8896267fc07625af"
                              }
                        ],
                        [
                              {
                                    "type": "EVAL",
                                    "hash": "8ada93ed6dcbc31b8896267fc07625af"
                              }
                        ],
                        [
                              {
                                    "type": "EVAL",
                                    "hash": "8ada93ed6dcbc31b8896267fc07625af"
                              }
                        ],
                        [
                              {
                                    "type": "EVAL",
                                    "hash": "8ada93ed6dcbc31b8896267fc07625af"
                              }
                        ],
                        [
                              {
                                    "type": "EVAL",
                                    "hash": "8ada93ed6dcbc31b8896267fc07625af"
                              }
                        ],
                        [
                              {
                                    "type": "EVAL",
                                    "hash": "8ada93ed6dcbc31b8896267fc07625af"
                              }
                        ],
                        [
                              {
                                    "type": "EVAL",
                                    "hash": "8ada93ed6dcbc31b8896267fc07625af"
                              }
                        ],
                        [
                              {
                                    "type": "LOAD",
                                    "hash": "b67c4407f4287f5343f69dcba92bfc1f"
                              }
                        ],
                        [
                              {
                                    "type": "EVAL",
                                    "hash": "b67c4407f4287f5343f69dcba92bfc1f"
                              }
                        ],
                        [
                              {
                                    "type": "EVAL",
                                    "hash": "9cb5538ee75163054fc2701486e1c8c0"
                              }
                        ],
                        [
                              {
                                    "type": "EVAL",
                                    "hash": "9cb5538ee75163054fc2701486e1c8c0"
                              }
                        ],
                        [
                              {
                                    "type": "EVAL",
                                    "hash": "9cb5538ee75163054fc2701486e1c8c0"
                              }
                        ],
                        [
                              {
                                    "type": "EVAL",
                                    "hash": "9cb5538ee75163054fc2701486e1c8c0"
                              }
                        ],
                        [
                              {
                                    "type": "EVAL",
                                    "hash": "9cb5538ee75163054fc2701486e1c8c0"
                              },
                              {
                                    "type": "EVAL",
                                    "hash": "bfdb73e1577ebe93da0e43798818b8fc"
                              }
                        ],
                        [
                              {
                                    "type": "EVAL",
                                    "hash": "9cb5538ee75163054fc2701486e1c8c0"
                              },
                              {
                                    "type": "EVAL",
                                    "hash": "bfdb73e1577ebe93da0e43798818b8fc"
                              }
                        ],
                        [
                              {
                                    "type": "EVAL",
                                    "hash": "9cb5538ee75163054fc2701486e1c8c0"
                              },
                              {
                                    "type": "EVAL",
                                    "hash": "bfdb73e1577ebe93da0e43798818b8fc"
                              }
                        ],
                        [
                              {
                                    "type": "LOAD",
                                    "hash": "a61c16129d42de336dbab3b737bd6469"
                              }
                        ],
                        [
                              {
                                    "type": "EVAL",
                                    "hash": "a61c16129d42de336dbab3b737bd6469"
                              }
                        ],
                        [
                              {
                                    "type": "LOAD",
                                    "hash": "c7a9fa2b97c5cafa7295f2610befb92d"
                              }
                        ],
                        [
                              {
                                    "type": "EVAL",
                                    "hash": "c7a9fa2b97c5cafa7295f2610befb92d"
                              }
                        ],
                        [
                              {
                                    "type": "LOAD",
                                    "hash": "ef69dd818f5451c5651da69a77812777"
                              }
                        ],
                        [
                              {
                                    "type": "EVAL",
                                    "hash": "ef69dd818f5451c5651da69a77812777"
                              }
                        ],
                        [
                              {
                                    "type": "LOAD",
                                    "hash": "e8b84f9a6048973ee83f697d1702109b"
                              }
                        ],
                        [
                              {
                                    "type": "EVAL",
                                    "hash": "e8b84f9a6048973ee83f697d1702109b"
                              }
                        ],
                        [
                              {
                                    "type": "LOAD",
                                    "hash": "26d1a2f15300cc12947c9455350d0f9e"
                              }
                        ],
                        [
                              {
                                    "type": "EVAL",
                                    "hash": "26d1a2f15300cc12947c9455350d0f9e"
                              }
                        ]
                  ],
                  "total_time": 0.00036835670471191406
            }
      }
]
