[
      {
            "name": "G3",
            "nodes": 1649,
            "edges": 3294,
            "roots": 1,
            "positive_terminal_node": true,
            "negative_terminal_node": true
      },
      {
            "name": "G6",
            "nodes": 1649,
            "edges": 3294,
            "roots": 1,
            "positive_terminal_node": true,
            "negative_terminal_node": true
      },
      {
            "name": "G9",
            "nodes": 1649,
            "edges": 3294,
            "roots": 1,
            "positive_terminal_node": true,
            "negative_terminal_node": true
      },
      {
            "name": "G12",
            "nodes": 1625,
            "edges": 3246,
            "roots": 1,
            "positive_terminal_node": true,
            "negative_terminal_node": true
      },
      {
            "name": "G30",
            "nodes": 1609,
            "edges": 3214,
            "roots": 1,
            "positive_terminal_node": true,
            "negative_terminal_node": true
      },
      {
            "name": "G45",
            "nodes": 1649,
            "edges": 3294,
            "roots": 1,
            "positive_terminal_node": true,
            "negative_terminal_node": true
      },
      {
            "name": "G48",
            "nodes": 1625,
            "edges": 3246,
            "roots": 1,
            "positive_terminal_node": true,
            "negative_terminal_node": true
      },
      {
            "name": "G15",
            "nodes": 1529,
            "edges": 3054,
            "roots": 1,
            "positive_terminal_node": true,
            "negative_terminal_node": true
      },
      {
            "name": "G18",
            "nodes": 1561,
            "edges": 3118,
            "roots": 1,
            "positive_terminal_node": true,
            "negative_terminal_node": true
      },
      {
            "name": "G21",
            "nodes": 1465,
            "edges": 2926,
            "roots": 1,
            "positive_terminal_node": true,
            "negative_terminal_node": true
      },
      {
            "name": "G24",
            "nodes": 1561,
            "edges": 3118,
            "roots": 1,
            "positive_terminal_node": true,
            "negative_terminal_node": true
      },
      {
            "name": "G27",
            "nodes": 1497,
            "edges": 2990,
            "roots": 1,
            "positive_terminal_node": true,
            "negative_terminal_node": true
      },
      {
            "name": "G33",
            "nodes": 1369,
            "edges": 2734,
            "roots": 1,
            "positive_terminal_node": true,
            "negative_terminal_node": true
      },
      {
            "name": "G36",
            "nodes": 1241,
            "edges": 2478,
            "roots": 1,
            "positive_terminal_node": true,
            "negative_terminal_node": true
      },
      {
            "name": "G39",
            "nodes": 1369,
            "edges": 2734,
            "roots": 1,
            "positive_terminal_node": true,
            "negative_terminal_node": true
      },
      {
            "name": "G42",
            "nodes": 1305,
            "edges": 2606,
            "roots": 1,
            "positive_terminal_node": true,
            "negative_terminal_node": true
      },
      {
            "name": "G75",
            "nodes": 1064,
            "edges": 2124,
            "roots": 1,
            "positive_terminal_node": true,
            "negative_terminal_node": true
      },
      {
            "name": "G51",
            "nodes": 344,
            "edges": 684,
            "roots": 1,
            "positive_terminal_node": true,
            "negative_terminal_node": true
      },
      {
            "name": "G54",
            "nodes": 246,
            "edges": 488,
            "roots": 1,
            "positive_terminal_node": true,
            "negative_terminal_node": true
      },
      {
            "name": "G60",
            "nodes": 252,
            "edges": 500,
            "roots": 1,
            "positive_terminal_node": true,
            "negative_terminal_node": true
      },
      {
            "name": "G63",
            "nodes": 208,
            "edges": 412,
            "roots": 1,
            "positive_terminal_node": true,
            "negative_terminal_node": true
      },
      {
            "name": "G66",
            "nodes": 216,
            "edges": 428,
            "roots": 1,
            "positive_terminal_node": true,
            "negative_terminal_node": true
      },
      {
            "name": "G69",
            "nodes": 1806,
            "edges": 3608,
            "roots": 1,
            "positive_terminal_node": true,
            "negative_terminal_node": true
      },
      {
            "name": "G72",
            "nodes": 1875,
            "edges": 3746,
            "roots": 1,
            "positive_terminal_node": true,
            "negative_terminal_node": true
      },
      {
            "name": "G57",
            "nodes": 242,
            "edges": 480,
            "roots": 1,
            "positive_terminal_node": true,
            "negative_terminal_node": true
      }
]
