[
      {
            "name": "G353",
            "nodes": 6,
            "edges": 8,
            "roots": 1,
            "positive_terminal_node": true,
            "negative_terminal_node": true
      },
      {
            "name": "G355",
            "nodes": 5,
            "edges": 6,
            "roots": 1,
            "positive_terminal_node": true,
            "negative_terminal_node": true
      },
      {
            "name": "G351",
            "nodes": 17,
            "edges": 30,
            "roots": 1,
            "positive_terminal_node": true,
            "negative_terminal_node": true
      },
      {
            "name": "new_n159_",
            "nodes": 14,
            "edges": 24,
            "roots": 1,
            "positive_terminal_node": true,
            "negative_terminal_node": true
      },
      {
            "name": "new_n78_",
            "nodes": 10,
            "edges": 16,
            "roots": 1,
            "positive_terminal_node": true,
            "negative_terminal_node": true
      },
      {
            "name": "new_n80_",
            "nodes": 9,
            "edges": 14,
            "roots": 1,
            "positive_terminal_node": true,
            "negative_terminal_node": true
      },
      {
            "name": "new_n210_",
            "nodes": 12,
            "edges": 20,
            "roots": 1,
            "positive_terminal_node": true,
            "negative_terminal_node": true
      },
      {
            "name": "new_n131_",
            "nodes": 6,
            "edges": 8,
            "roots": 1,
            "positive_terminal_node": true,
            "negative_terminal_node": true
      },
      {
            "name": "new_n176_",
            "nodes": 13,
            "edges": 22,
            "roots": 1,
            "positive_terminal_node": true,
            "negative_terminal_node": true
      },
      {
            "name": "new_n85_",
            "nodes": 21,
            "edges": 38,
            "roots": 1,
            "positive_terminal_node": true,
            "negative_terminal_node": true
      },
      {
            "name": "new_n92_",
            "nodes": 15,
            "edges": 26,
            "roots": 1,
            "positive_terminal_node": true,
            "negative_terminal_node": true
      },
      {
            "name": "new_n95_",
            "nodes": 14,
            "edges": 24,
            "roots": 1,
            "positive_terminal_node": true,
            "negative_terminal_node": true
      },
      {
            "name": "new_n99_",
            "nodes": 19,
            "edges": 34,
            "roots": 1,
            "positive_terminal_node": true,
            "negative_terminal_node": true
      },
      {
            "name": "new_n102_",
            "nodes": 17,
            "edges": 30,
            "roots": 1,
            "positive_terminal_node": true,
            "negative_terminal_node": true
      },
      {
            "name": "new_n109_",
            "nodes": 15,
            "edges": 26,
            "roots": 1,
            "positive_terminal_node": true,
            "negative_terminal_node": true
      },
      {
            "name": "new_n130_",
            "nodes": 5,
            "edges": 6,
            "roots": 1,
            "positive_terminal_node": true,
            "negative_terminal_node": true
      },
      {
            "name": "new_n133_",
            "nodes": 15,
            "edges": 26,
            "roots": 1,
            "positive_terminal_node": true,
            "negative_terminal_node": true
      },
      {
            "name": "new_n137_",
            "nodes": 14,
            "edges": 24,
            "roots": 1,
            "positive_terminal_node": true,
            "negative_terminal_node": true
      },
      {
            "name": "new_n172_",
            "nodes": 21,
            "edges": 38,
            "roots": 1,
            "positive_terminal_node": true,
            "negative_terminal_node": true
      },
      {
            "name": "new_n182_",
            "nodes": 12,
            "edges": 20,
            "roots": 1,
            "positive_terminal_node": true,
            "negative_terminal_node": true
      },
      {
            "name": "new_n190_",
            "nodes": 17,
            "edges": 30,
            "roots": 1,
            "positive_terminal_node": true,
            "negative_terminal_node": true
      },
      {
            "name": "new_n127_",
            "nodes": 6,
            "edges": 8,
            "roots": 1,
            "positive_terminal_node": true,
            "negative_terminal_node": true
      },
      {
            "name": "new_n209_",
            "nodes": 4,
            "edges": 4,
            "roots": 1,
            "positive_terminal_node": true,
            "negative_terminal_node": true
      },
      {
            "name": "new_n86_",
            "nodes": 10,
            "edges": 16,
            "roots": 1,
            "positive_terminal_node": true,
            "negative_terminal_node": true
      },
      {
            "name": "new_n89_",
            "nodes": 10,
            "edges": 16,
            "roots": 1,
            "positive_terminal_node": true,
            "negative_terminal_node": true
      },
      {
            "name": "new_n93_",
            "nodes": 10,
            "edges": 16,
            "roots": 1,
            "positive_terminal_node": true,
            "negative_terminal_node": true
      },
      {
            "name": "new_n96_",
            "nodes": 10,
            "edges": 16,
            "roots": 1,
            "positive_terminal_node": true,
            "negative_terminal_node": true
      },
      {
            "name": "new_n100_",
            "nodes": 10,
            "edges": 16,
            "roots": 1,
            "positive_terminal_node": true,
            "negative_terminal_node": true
      },
      {
            "name": "new_n87_",
            "nodes": 13,
            "edges": 22,
            "roots": 1,
            "positive_terminal_node": true,
            "negative_terminal_node": true
      },
      {
            "name": "new_n90_",
            "nodes": 13,
            "edges": 22,
            "roots": 1,
            "positive_terminal_node": true,
            "negative_terminal_node": true
      },
      {
            "name": "new_n94_",
            "nodes": 13,
            "edges": 22,
            "roots": 1,
            "positive_terminal_node": true,
            "negative_terminal_node": true
      },
      {
            "name": "new_n97_",
            "nodes": 13,
            "edges": 22,
            "roots": 1,
            "positive_terminal_node": true,
            "negative_terminal_node": true
      },
      {
            "name": "new_n101_",
            "nodes": 11,
            "edges": 18,
            "roots": 1,
            "positive_terminal_node": true,
            "negative_terminal_node": true
      },
      {
            "name": "new_n104_",
            "nodes": 14,
            "edges": 24,
            "roots": 1,
            "positive_terminal_node": true,
            "negative_terminal_node": true
      },
      {
            "name": "new_n108_",
            "nodes": 14,
            "edges": 24,
            "roots": 1,
            "positive_terminal_node": true,
            "negative_terminal_node": true
      },
      {
            "name": "new_n111_",
            "nodes": 14,
            "edges": 24,
            "roots": 1,
            "positive_terminal_node": true,
            "negative_terminal_node": true
      },
      {
            "name": "new_n136_",
            "nodes": 16,
            "edges": 28,
            "roots": 1,
            "positive_terminal_node": true,
            "negative_terminal_node": true
      },
      {
            "name": "new_n138_",
            "nodes": 8,
            "edges": 12,
            "roots": 1,
            "positive_terminal_node": true,
            "negative_terminal_node": true
      },
      {
            "name": "new_n139_",
            "nodes": 6,
            "edges": 8,
            "roots": 1,
            "positive_terminal_node": true,
            "negative_terminal_node": true
      },
      {
            "name": "new_n148_",
            "nodes": 16,
            "edges": 28,
            "roots": 1,
            "positive_terminal_node": true,
            "negative_terminal_node": true
      },
      {
            "name": "new_n181_",
            "nodes": 11,
            "edges": 18,
            "roots": 1,
            "positive_terminal_node": true,
            "negative_terminal_node": true
      },
      {
            "name": "new_n88_",
            "nodes": 16,
            "edges": 28,
            "roots": 1,
            "positive_terminal_node": true,
            "negative_terminal_node": true
      },
      {
            "name": "new_n132_",
            "nodes": 13,
            "edges": 22,
            "roots": 1,
            "positive_terminal_node": true,
            "negative_terminal_node": true
      },
      {
            "name": "new_n177_",
            "nodes": 15,
            "edges": 26,
            "roots": 1,
            "positive_terminal_node": true,
            "negative_terminal_node": true
      },
      {
            "name": "new_n187_",
            "nodes": 15,
            "edges": 26,
            "roots": 1,
            "positive_terminal_node": true,
            "negative_terminal_node": true
      },
      {
            "name": "new_n103_",
            "nodes": 10,
            "edges": 16,
            "roots": 1,
            "positive_terminal_node": true,
            "negative_terminal_node": true
      },
      {
            "name": "new_n106_",
            "nodes": 21,
            "edges": 38,
            "roots": 1,
            "positive_terminal_node": true,
            "negative_terminal_node": true
      },
      {
            "name": "new_n201_",
            "nodes": 16,
            "edges": 28,
            "roots": 1,
            "positive_terminal_node": true,
            "negative_terminal_node": true
      },
      {
            "name": "new_n107_",
            "nodes": 10,
            "edges": 16,
            "roots": 1,
            "positive_terminal_node": true,
            "negative_terminal_node": true
      },
      {
            "name": "new_n218_",
            "nodes": 11,
            "edges": 18,
            "roots": 1,
            "positive_terminal_node": true,
            "negative_terminal_node": true
      },
      {
            "name": "new_n110_",
            "nodes": 10,
            "edges": 16,
            "roots": 1,
            "positive_terminal_node": true,
            "negative_terminal_node": true
      },
      {
            "name": "new_n147_",
            "nodes": 16,
            "edges": 28,
            "roots": 1,
            "positive_terminal_node": true,
            "negative_terminal_node": true
      },
      {
            "name": "new_n200_",
            "nodes": 10,
            "edges": 16,
            "roots": 1,
            "positive_terminal_node": true,
            "negative_terminal_node": true
      },
      {
            "name": "new_n219_",
            "nodes": 16,
            "edges": 28,
            "roots": 1,
            "positive_terminal_node": true,
            "negative_terminal_node": true
      },
      {
            "name": "new_n152_",
            "nodes": 6,
            "edges": 8,
            "roots": 1,
            "positive_terminal_node": true,
            "negative_terminal_node": true
      },
      {
            "name": "new_n122_",
            "nodes": 7,
            "edges": 10,
            "roots": 1,
            "positive_terminal_node": true,
            "negative_terminal_node": true
      },
      {
            "name": "new_n134_",
            "nodes": 13,
            "edges": 22,
            "roots": 1,
            "positive_terminal_node": true,
            "negative_terminal_node": true
      },
      {
            "name": "new_n146_",
            "nodes": 10,
            "edges": 16,
            "roots": 1,
            "positive_terminal_node": true,
            "negative_terminal_node": true
      },
      {
            "name": "new_n171_",
            "nodes": 15,
            "edges": 26,
            "roots": 1,
            "positive_terminal_node": true,
            "negative_terminal_node": true
      },
      {
            "name": "new_n170_",
            "nodes": 13,
            "edges": 22,
            "roots": 1,
            "positive_terminal_node": true,
            "negative_terminal_node": true
      },
      {
            "name": "new_n189_",
            "nodes": 15,
            "edges": 26,
            "roots": 1,
            "positive_terminal_node": true,
            "negative_terminal_node": true
      },
      {
            "name": "new_n179_",
            "nodes": 15,
            "edges": 26,
            "roots": 1,
            "positive_terminal_node": true,
            "negative_terminal_node": true
      },
      {
            "name": "new_n188_",
            "nodes": 13,
            "edges": 22,
            "roots": 1,
            "positive_terminal_node": true,
            "negative_terminal_node": true
      },
      {
            "name": "new_n135_",
            "nodes": 15,
            "edges": 26,
            "roots": 1,
            "positive_terminal_node": true,
            "negative_terminal_node": true
      },
      {
            "name": "new_n178_",
            "nodes": 13,
            "edges": 22,
            "roots": 1,
            "positive_terminal_node": true,
            "negative_terminal_node": true
      },
      {
            "name": "new_n144_",
            "nodes": 13,
            "edges": 22,
            "roots": 1,
            "positive_terminal_node": true,
            "negative_terminal_node": true
      },
      {
            "name": "new_n169_",
            "nodes": 15,
            "edges": 26,
            "roots": 1,
            "positive_terminal_node": true,
            "negative_terminal_node": true
      },
      {
            "name": "new_n186_",
            "nodes": 13,
            "edges": 22,
            "roots": 1,
            "positive_terminal_node": true,
            "negative_terminal_node": true
      },
      {
            "name": "new_n145_",
            "nodes": 15,
            "edges": 26,
            "roots": 1,
            "positive_terminal_node": true,
            "negative_terminal_node": true
      },
      {
            "name": "new_n168_",
            "nodes": 13,
            "edges": 22,
            "roots": 1,
            "positive_terminal_node": true,
            "negative_terminal_node": true
      },
      {
            "name": "new_n217_",
            "nodes": 15,
            "edges": 26,
            "roots": 1,
            "positive_terminal_node": true,
            "negative_terminal_node": true
      },
      {
            "name": "new_n198_",
            "nodes": 13,
            "edges": 22,
            "roots": 1,
            "positive_terminal_node": true,
            "negative_terminal_node": true
      },
      {
            "name": "new_n199_",
            "nodes": 15,
            "edges": 26,
            "roots": 1,
            "positive_terminal_node": true,
            "negative_terminal_node": true
      },
      {
            "name": "new_n213_",
            "nodes": 13,
            "edges": 22,
            "roots": 1,
            "positive_terminal_node": true,
            "negative_terminal_node": true
      },
      {
            "name": "new_n216_",
            "nodes": 11,
            "edges": 18,
            "roots": 1,
            "positive_terminal_node": true,
            "negative_terminal_node": true
      },
      {
            "name": "new_n212_",
            "nodes": 13,
            "edges": 22,
            "roots": 1,
            "positive_terminal_node": true,
            "negative_terminal_node": true
      },
      {
            "name": "new_n77_",
            "nodes": 11,
            "edges": 18,
            "roots": 1,
            "positive_terminal_node": true,
            "negative_terminal_node": true
      },
      {
            "name": "G358",
            "nodes": 11,
            "edges": 18,
            "roots": 1,
            "positive_terminal_node": true,
            "negative_terminal_node": true
      },
      {
            "name": "new_n208_",
            "nodes": 16,
            "edges": 28,
            "roots": 1,
            "positive_terminal_node": true,
            "negative_terminal_node": true
      },
      {
            "name": "new_n158_",
            "nodes": 7,
            "edges": 10,
            "roots": 1,
            "positive_terminal_node": true,
            "negative_terminal_node": true
      },
      {
            "name": "new_n91_",
            "nodes": 36,
            "edges": 68,
            "roots": 1,
            "positive_terminal_node": true,
            "negative_terminal_node": true
      },
      {
            "name": "new_n114_",
            "nodes": 7,
            "edges": 10,
            "roots": 1,
            "positive_terminal_node": true,
            "negative_terminal_node": true
      },
      {
            "name": "new_n117_",
            "nodes": 27,
            "edges": 50,
            "roots": 1,
            "positive_terminal_node": true,
            "negative_terminal_node": true
      },
      {
            "name": "new_n180_",
            "nodes": 19,
            "edges": 34,
            "roots": 1,
            "positive_terminal_node": true,
            "negative_terminal_node": true
      },
      {
            "name": "new_n84_",
            "nodes": 36,
            "edges": 68,
            "roots": 1,
            "positive_terminal_node": true,
            "negative_terminal_node": true
      },
      {
            "name": "new_n118_",
            "nodes": 21,
            "edges": 38,
            "roots": 1,
            "positive_terminal_node": true,
            "negative_terminal_node": true
      },
      {
            "name": "new_n157_",
            "nodes": 7,
            "edges": 10,
            "roots": 1,
            "positive_terminal_node": true,
            "negative_terminal_node": true
      },
      {
            "name": "new_n98_",
            "nodes": 36,
            "edges": 68,
            "roots": 1,
            "positive_terminal_node": true,
            "negative_terminal_node": true
      },
      {
            "name": "new_n116_",
            "nodes": 21,
            "edges": 38,
            "roots": 1,
            "positive_terminal_node": true,
            "negative_terminal_node": true
      },
      {
            "name": "new_n162_",
            "nodes": 7,
            "edges": 10,
            "roots": 1,
            "positive_terminal_node": true,
            "negative_terminal_node": true
      },
      {
            "name": "new_n120_",
            "nodes": 7,
            "edges": 10,
            "roots": 1,
            "positive_terminal_node": true,
            "negative_terminal_node": true
      },
      {
            "name": "new_n105_",
            "nodes": 36,
            "edges": 68,
            "roots": 1,
            "positive_terminal_node": true,
            "negative_terminal_node": true
      },
      {
            "name": "new_n113_",
            "nodes": 7,
            "edges": 10,
            "roots": 1,
            "positive_terminal_node": true,
            "negative_terminal_node": true
      },
      {
            "name": "new_n115_",
            "nodes": 27,
            "edges": 50,
            "roots": 1,
            "positive_terminal_node": true,
            "negative_terminal_node": true
      },
      {
            "name": "new_n126_",
            "nodes": 18,
            "edges": 32,
            "roots": 1,
            "positive_terminal_node": true,
            "negative_terminal_node": true
      },
      {
            "name": "new_n151_",
            "nodes": 12,
            "edges": 20,
            "roots": 1,
            "positive_terminal_node": true,
            "negative_terminal_node": true
      },
      {
            "name": "new_n205_",
            "nodes": 12,
            "edges": 20,
            "roots": 1,
            "positive_terminal_node": true,
            "negative_terminal_node": true
      },
      {
            "name": "new_n121_",
            "nodes": 12,
            "edges": 20,
            "roots": 1,
            "positive_terminal_node": true,
            "negative_terminal_node": true
      },
      {
            "name": "new_n123_",
            "nodes": 12,
            "edges": 20,
            "roots": 1,
            "positive_terminal_node": true,
            "negative_terminal_node": true
      },
      {
            "name": "new_n142_",
            "nodes": 12,
            "edges": 20,
            "roots": 1,
            "positive_terminal_node": true,
            "negative_terminal_node": true
      },
      {
            "name": "new_n153_",
            "nodes": 12,
            "edges": 20,
            "roots": 1,
            "positive_terminal_node": true,
            "negative_terminal_node": true
      },
      {
            "name": "new_n163_",
            "nodes": 12,
            "edges": 20,
            "roots": 1,
            "positive_terminal_node": true,
            "negative_terminal_node": true
      },
      {
            "name": "new_n164_",
            "nodes": 12,
            "edges": 20,
            "roots": 1,
            "positive_terminal_node": true,
            "negative_terminal_node": true
      },
      {
            "name": "new_n129_",
            "nodes": 11,
            "edges": 18,
            "roots": 1,
            "positive_terminal_node": true,
            "negative_terminal_node": true
      },
      {
            "name": "new_n175_",
            "nodes": 7,
            "edges": 10,
            "roots": 1,
            "positive_terminal_node": true,
            "negative_terminal_node": true
      },
      {
            "name": "new_n185_",
            "nodes": 11,
            "edges": 18,
            "roots": 1,
            "positive_terminal_node": true,
            "negative_terminal_node": true
      },
      {
            "name": "new_n211_",
            "nodes": 12,
            "edges": 20,
            "roots": 1,
            "positive_terminal_node": true,
            "negative_terminal_node": true
      },
      {
            "name": "G361",
            "nodes": 15,
            "edges": 26,
            "roots": 1,
            "positive_terminal_node": true,
            "negative_terminal_node": true
      },
      {
            "name": "new_n83_",
            "nodes": 4,
            "edges": 4,
            "roots": 1,
            "positive_terminal_node": true,
            "negative_terminal_node": true
      },
      {
            "name": "G369",
            "nodes": 11,
            "edges": 18,
            "roots": 1,
            "positive_terminal_node": true,
            "negative_terminal_node": true
      },
      {
            "name": "new_n154_",
            "nodes": 12,
            "edges": 20,
            "roots": 1,
            "positive_terminal_node": true,
            "negative_terminal_node": true
      },
      {
            "name": "new_n125_",
            "nodes": 11,
            "edges": 18,
            "roots": 1,
            "positive_terminal_node": true,
            "negative_terminal_node": true
      },
      {
            "name": "new_n196_",
            "nodes": 9,
            "edges": 14,
            "roots": 1,
            "positive_terminal_node": true,
            "negative_terminal_node": true
      },
      {
            "name": "new_n197_",
            "nodes": 14,
            "edges": 24,
            "roots": 1,
            "positive_terminal_node": true,
            "negative_terminal_node": true
      },
      {
            "name": "G399",
            "nodes": 8,
            "edges": 12,
            "roots": 1,
            "positive_terminal_node": true,
            "negative_terminal_node": true
      },
      {
            "name": "new_n166_",
            "nodes": 10,
            "edges": 16,
            "roots": 1,
            "positive_terminal_node": true,
            "negative_terminal_node": true
      },
      {
            "name": "new_n141_",
            "nodes": 17,
            "edges": 30,
            "roots": 1,
            "positive_terminal_node": true,
            "negative_terminal_node": true
      },
      {
            "name": "new_n143_",
            "nodes": 14,
            "edges": 24,
            "roots": 1,
            "positive_terminal_node": true,
            "negative_terminal_node": true
      },
      {
            "name": "new_n194_",
            "nodes": 8,
            "edges": 12,
            "roots": 1,
            "positive_terminal_node": true,
            "negative_terminal_node": true
      },
      {
            "name": "new_n155_",
            "nodes": 10,
            "edges": 16,
            "roots": 1,
            "positive_terminal_node": true,
            "negative_terminal_node": true
      },
      {
            "name": "new_n156_",
            "nodes": 12,
            "edges": 20,
            "roots": 1,
            "positive_terminal_node": true,
            "negative_terminal_node": true
      },
      {
            "name": "new_n192_",
            "nodes": 9,
            "edges": 14,
            "roots": 1,
            "positive_terminal_node": true,
            "negative_terminal_node": true
      },
      {
            "name": "new_n193_",
            "nodes": 13,
            "edges": 22,
            "roots": 1,
            "positive_terminal_node": true,
            "negative_terminal_node": true
      },
      {
            "name": "new_n195_",
            "nodes": 11,
            "edges": 18,
            "roots": 1,
            "positive_terminal_node": true,
            "negative_terminal_node": true
      },
      {
            "name": "new_n204_",
            "nodes": 10,
            "edges": 16,
            "roots": 1,
            "positive_terminal_node": true,
            "negative_terminal_node": true
      },
      {
            "name": "new_n215_",
            "nodes": 14,
            "edges": 24,
            "roots": 1,
            "positive_terminal_node": true,
            "negative_terminal_node": true
      },
      {
            "name": "new_n165_",
            "nodes": 15,
            "edges": 26,
            "roots": 1,
            "positive_terminal_node": true,
            "negative_terminal_node": true
      },
      {
            "name": "new_n161_",
            "nodes": 18,
            "edges": 32,
            "roots": 1,
            "positive_terminal_node": true,
            "negative_terminal_node": true
      },
      {
            "name": "new_n167_",
            "nodes": 15,
            "edges": 26,
            "roots": 1,
            "positive_terminal_node": true,
            "negative_terminal_node": true
      },
      {
            "name": "G396",
            "nodes": 12,
            "edges": 20,
            "roots": 1,
            "positive_terminal_node": true,
            "negative_terminal_node": true
      },
      {
            "name": "new_n174_",
            "nodes": 17,
            "edges": 30,
            "roots": 1,
            "positive_terminal_node": true,
            "negative_terminal_node": true
      },
      {
            "name": "new_n184_",
            "nodes": 27,
            "edges": 50,
            "roots": 1,
            "positive_terminal_node": true,
            "negative_terminal_node": true
      },
      {
            "name": "new_n207_",
            "nodes": 12,
            "edges": 20,
            "roots": 1,
            "positive_terminal_node": true,
            "negative_terminal_node": true
      },
      {
            "name": "G372",
            "nodes": 5,
            "edges": 6,
            "roots": 1,
            "positive_terminal_node": true,
            "negative_terminal_node": true
      },
      {
            "name": "new_n150_",
            "nodes": 17,
            "edges": 30,
            "roots": 1,
            "positive_terminal_node": true,
            "negative_terminal_node": true
      },
      {
            "name": "G364",
            "nodes": 13,
            "edges": 22,
            "roots": 1,
            "positive_terminal_node": true,
            "negative_terminal_node": true
      },
      {
            "name": "G384",
            "nodes": 6,
            "edges": 8,
            "roots": 1,
            "positive_terminal_node": true,
            "negative_terminal_node": true
      },
      {
            "name": "G378",
            "nodes": 15,
            "edges": 26,
            "roots": 1,
            "positive_terminal_node": true,
            "negative_terminal_node": true
      },
      {
            "name": "new_n203_",
            "nodes": 17,
            "edges": 30,
            "roots": 1,
            "positive_terminal_node": true,
            "negative_terminal_node": true
      },
      {
            "name": "G381",
            "nodes": 12,
            "edges": 20,
            "roots": 1,
            "positive_terminal_node": true,
            "negative_terminal_node": true
      },
      {
            "name": "new_n225_",
            "nodes": 18,
            "edges": 32,
            "roots": 1,
            "positive_terminal_node": true,
            "negative_terminal_node": true
      },
      {
            "name": "G387",
            "nodes": 9,
            "edges": 14,
            "roots": 1,
            "positive_terminal_node": true,
            "negative_terminal_node": true
      },
      {
            "name": "G393",
            "nodes": 7,
            "edges": 10,
            "roots": 1,
            "positive_terminal_node": true,
            "negative_terminal_node": true
      },
      {
            "name": "G390",
            "nodes": 9,
            "edges": 14,
            "roots": 1,
            "positive_terminal_node": true,
            "negative_terminal_node": true
      },
      {
            "name": "new_n221_",
            "nodes": 14,
            "edges": 24,
            "roots": 1,
            "positive_terminal_node": true,
            "negative_terminal_node": true
      },
      {
            "name": "new_n224_",
            "nodes": 26,
            "edges": 48,
            "roots": 1,
            "positive_terminal_node": true,
            "negative_terminal_node": true
      },
      {
            "name": "new_n206_",
            "nodes": 10,
            "edges": 16,
            "roots": 1,
            "positive_terminal_node": true,
            "negative_terminal_node": true
      },
      {
            "name": "G367",
            "nodes": 12,
            "edges": 20,
            "roots": 1,
            "positive_terminal_node": true,
            "negative_terminal_node": true
      },
      {
            "name": "G375",
            "nodes": 5,
            "edges": 6,
            "roots": 1,
            "positive_terminal_node": true,
            "negative_terminal_node": true
      },
      {
            "name": "G407",
            "nodes": 9,
            "edges": 14,
            "roots": 1,
            "positive_terminal_node": true,
            "negative_terminal_node": true
      },
      {
            "name": "G409",
            "nodes": 11,
            "edges": 18,
            "roots": 1,
            "positive_terminal_node": true,
            "negative_terminal_node": true
      },
      {
            "name": "G405",
            "nodes": 16,
            "edges": 28,
            "roots": 1,
            "positive_terminal_node": true,
            "negative_terminal_node": true
      },
      {
            "name": "G402",
            "nodes": 11,
            "edges": 18,
            "roots": 1,
            "positive_terminal_node": true,
            "negative_terminal_node": true
      },
      {
            "klutparser": {
                  "total_time": 350.1239640712738
            }
      },
      {
            "patterns": [
                  {
                        "hash": "e8b84f9a6048973ee83f697d1702109b",
                        "nr_bdds": 3,
                        "nodes": 6,
                        "edges": 8
                  },
                  {
                        "hash": "9cb5538ee75163054fc2701486e1c8c0",
                        "nr_bdds": 2,
                        "nodes": 5,
                        "edges": 6
                  },
                  {
                        "hash": "03bb4ed733306e50a15acac1786538b4",
                        "nr_bdds": 1,
                        "nodes": 17,
                        "edges": 30
                  },
                  {
                        "hash": "91022038918eac3c6599b1ff97f7f55c",
                        "nr_bdds": 1,
                        "nodes": 14,
                        "edges": 24
                  },
                  {
                        "hash": "fa8317531b8ab8f0b5f941055e697ef6",
                        "nr_bdds": 1,
                        "nodes": 10,
                        "edges": 16
                  },
                  {
                        "hash": "a5d842cf76d1112fa025602764872564",
                        "nr_bdds": 1,
                        "nodes": 9,
                        "edges": 14
                  },
                  {
                        "hash": "2911ac608b68faf85b59266396086f00",
                        "nr_bdds": 1,
                        "nodes": 12,
                        "edges": 20
                  },
                  {
                        "hash": "0786a4b7b6e7e9aa4fd2d348958211f2",
                        "nr_bdds": 1,
                        "nodes": 6,
                        "edges": 8
                  },
                  {
                        "hash": "be060aa78fa6b4760f9fc31b101f409d",
                        "nr_bdds": 3,
                        "nodes": 13,
                        "edges": 22
                  },
                  {
                        "hash": "446048cfb1f8d9986d779dffb5b67dee",
                        "nr_bdds": 1,
                        "nodes": 21,
                        "edges": 38
                  },
                  {
                        "hash": "f09cba5bc5fe00fb125374241b06f866",
                        "nr_bdds": 1,
                        "nodes": 15,
                        "edges": 26
                  },
                  {
                        "hash": "642509ca5ae3efcd5451b105d443a73d",
                        "nr_bdds": 1,
                        "nodes": 14,
                        "edges": 24
                  },
                  {
                        "hash": "a8f483d4e0a702c6d7b1023c419cec47",
                        "nr_bdds": 1,
                        "nodes": 19,
                        "edges": 34
                  },
                  {
                        "hash": "c67e9d499ca275f33e1c32e62ea50083",
                        "nr_bdds": 1,
                        "nodes": 17,
                        "edges": 30
                  },
                  {
                        "hash": "f8d58115bfcda8d816c046afd8752073",
                        "nr_bdds": 1,
                        "nodes": 15,
                        "edges": 26
                  },
                  {
                        "hash": "4b8c2cfb0c6f53666a623b1146239137",
                        "nr_bdds": 2,
                        "nodes": 5,
                        "edges": 6
                  },
                  {
                        "hash": "046096fa3c5421a6076a2d0488722a01",
                        "nr_bdds": 5,
                        "nodes": 15,
                        "edges": 26
                  },
                  {
                        "hash": "ec3a9bc3153bda577fedf696c0cff7f6",
                        "nr_bdds": 1,
                        "nodes": 14,
                        "edges": 24
                  },
                  {
                        "hash": "8ca810ab563c74ab5cca4e8e31056153",
                        "nr_bdds": 1,
                        "nodes": 21,
                        "edges": 38
                  },
                  {
                        "hash": "24a01df36b998e079e44f4d9032b854c",
                        "nr_bdds": 1,
                        "nodes": 12,
                        "edges": 20
                  },
                  {
                        "hash": "09ef328d2697c2310ef1ff65c9181083",
                        "nr_bdds": 1,
                        "nodes": 17,
                        "edges": 30
                  },
                  {
                        "hash": "9b4be5d748a292e481722f1ef8f75020",
                        "nr_bdds": 2,
                        "nodes": 4,
                        "edges": 4
                  },
                  {
                        "hash": "ee14f6d5e384c65e0bf73a174d5eff14",
                        "nr_bdds": 10,
                        "nodes": 10,
                        "edges": 16
                  },
                  {
                        "hash": "ee6039ccd9565da4d20022f6d11d3418",
                        "nr_bdds": 4,
                        "nodes": 13,
                        "edges": 22
                  },
                  {
                        "hash": "b65c03e57b127dcd36b5e0b7a024e259",
                        "nr_bdds": 1,
                        "nodes": 11,
                        "edges": 18
                  },
                  {
                        "hash": "3b6e83a541ba67298734d99a03b63f3a",
                        "nr_bdds": 3,
                        "nodes": 14,
                        "edges": 24
                  },
                  {
                        "hash": "cf1655ca5bd58f061157717c5eba9abb",
                        "nr_bdds": 1,
                        "nodes": 16,
                        "edges": 28
                  },
                  {
                        "hash": "2935b754bf6f2cf452cc56bfeacc5554",
                        "nr_bdds": 1,
                        "nodes": 8,
                        "edges": 12
                  },
                  {
                        "hash": "9c64a4a606a48aab8432d0086169cf18",
                        "nr_bdds": 1,
                        "nodes": 6,
                        "edges": 8
                  },
                  {
                        "hash": "804c021321e09276f359f8ab4bf058f3",
                        "nr_bdds": 1,
                        "nodes": 16,
                        "edges": 28
                  },
                  {
                        "hash": "40746da42fb5bc803f6f1fb495a34215",
                        "nr_bdds": 1,
                        "nodes": 11,
                        "edges": 18
                  },
                  {
                        "hash": "173fd87842373dc8f48bf855157847ab",
                        "nr_bdds": 1,
                        "nodes": 16,
                        "edges": 28
                  },
                  {
                        "hash": "3f30b29b280907b71ebad2e505549c9a",
                        "nr_bdds": 8,
                        "nodes": 13,
                        "edges": 22
                  },
                  {
                        "hash": "7433a0404896e608774b267d33690ebe",
                        "nr_bdds": 6,
                        "nodes": 15,
                        "edges": 26
                  },
                  {
                        "hash": "b4a91c3aeb491960b4bd13926ff0f642",
                        "nr_bdds": 1,
                        "nodes": 21,
                        "edges": 38
                  },
                  {
                        "hash": "de0b11e3f2e316d17f5cc498217269f9",
                        "nr_bdds": 1,
                        "nodes": 16,
                        "edges": 28
                  },
                  {
                        "hash": "3875365d9c3d19e04c441a36bfbe77cf",
                        "nr_bdds": 1,
                        "nodes": 11,
                        "edges": 18
                  },
                  {
                        "hash": "a6f0f03bd41665f5f2dc5b6c9d6d5278",
                        "nr_bdds": 1,
                        "nodes": 16,
                        "edges": 28
                  },
                  {
                        "hash": "02b065177d9704433680f522a3564065",
                        "nr_bdds": 1,
                        "nodes": 16,
                        "edges": 28
                  },
                  {
                        "hash": "b67c4407f4287f5343f69dcba92bfc1f",
                        "nr_bdds": 1,
                        "nodes": 7,
                        "edges": 10
                  },
                  {
                        "hash": "f3b284d11bd505657e4f8b60457f8ea3",
                        "nr_bdds": 1,
                        "nodes": 13,
                        "edges": 22
                  },
                  {
                        "hash": "a2beab579527ae0c3d2787cfc9005302",
                        "nr_bdds": 1,
                        "nodes": 11,
                        "edges": 18
                  },
                  {
                        "hash": "742aef0745bdea115fc0758d22efe688",
                        "nr_bdds": 1,
                        "nodes": 11,
                        "edges": 18
                  },
                  {
                        "hash": "96cbf4917540f32a3d8d1c90aff4ad59",
                        "nr_bdds": 1,
                        "nodes": 11,
                        "edges": 18
                  },
                  {
                        "hash": "eac390279af07c19eb3c6c5ca217a8a3",
                        "nr_bdds": 1,
                        "nodes": 16,
                        "edges": 28
                  },
                  {
                        "hash": "b1bce7e8fc9dca6674d755a642d676cf",
                        "nr_bdds": 6,
                        "nodes": 7,
                        "edges": 10
                  },
                  {
                        "hash": "65b382de1c348856492cecb9149cad81",
                        "nr_bdds": 4,
                        "nodes": 36,
                        "edges": 68
                  },
                  {
                        "hash": "dbde9c5e639733126d83bb82743243fc",
                        "nr_bdds": 2,
                        "nodes": 27,
                        "edges": 50
                  },
                  {
                        "hash": "0acd8e3b6e94f62da25b13360f31a9b3",
                        "nr_bdds": 1,
                        "nodes": 19,
                        "edges": 34
                  },
                  {
                        "hash": "bf399a0e94838da3cd8d0a874c44b2a8",
                        "nr_bdds": 2,
                        "nodes": 21,
                        "edges": 38
                  },
                  {
                        "hash": "108f8736d369414574ddfa7b75f851b3",
                        "nr_bdds": 1,
                        "nodes": 18,
                        "edges": 32
                  },
                  {
                        "hash": "4c8161de512e22cb08909a52f57e0878",
                        "nr_bdds": 8,
                        "nodes": 12,
                        "edges": 20
                  },
                  {
                        "hash": "d0075518275f685472896f0905dcac2a",
                        "nr_bdds": 1,
                        "nodes": 11,
                        "edges": 18
                  },
                  {
                        "hash": "c3c111ea7a96c42024a30bfdfc3a906f",
                        "nr_bdds": 1,
                        "nodes": 7,
                        "edges": 10
                  },
                  {
                        "hash": "e68d4eb89f9290185f0aa43ed2f68122",
                        "nr_bdds": 1,
                        "nodes": 11,
                        "edges": 18
                  },
                  {
                        "hash": "355eb3c0e6af589b160a3322b0ed3087",
                        "nr_bdds": 1,
                        "nodes": 12,
                        "edges": 20
                  },
                  {
                        "hash": "2eba567e9aa9b1ad1fdde7796cd56bf4",
                        "nr_bdds": 1,
                        "nodes": 15,
                        "edges": 26
                  },
                  {
                        "hash": "6d5f31ee840cb10184e9ce0dd08858e3",
                        "nr_bdds": 1,
                        "nodes": 11,
                        "edges": 18
                  },
                  {
                        "hash": "5f0a206d3d9457189f7da0174aebc849",
                        "nr_bdds": 1,
                        "nodes": 12,
                        "edges": 20
                  },
                  {
                        "hash": "2117ccc701fdd3c29976f1321eeaa913",
                        "nr_bdds": 1,
                        "nodes": 11,
                        "edges": 18
                  },
                  {
                        "hash": "d5baaca3365f249527fc008aaeaff320",
                        "nr_bdds": 2,
                        "nodes": 9,
                        "edges": 14
                  },
                  {
                        "hash": "6846b54d6207ad07c0048d81db5a3730",
                        "nr_bdds": 2,
                        "nodes": 14,
                        "edges": 24
                  },
                  {
                        "hash": "82ad70bb61ef64090ca413890ea56246",
                        "nr_bdds": 1,
                        "nodes": 8,
                        "edges": 12
                  },
                  {
                        "hash": "639cdec4e6f120686cc87e68c16da345",
                        "nr_bdds": 1,
                        "nodes": 10,
                        "edges": 16
                  },
                  {
                        "hash": "afe84fa3fc50b49641ece0ffec405e8d",
                        "nr_bdds": 1,
                        "nodes": 17,
                        "edges": 30
                  },
                  {
                        "hash": "30e32f78e5175c3e725904886dfa4d9f",
                        "nr_bdds": 1,
                        "nodes": 14,
                        "edges": 24
                  },
                  {
                        "hash": "bfe5576feb9f11b10bb5642232d72fb8",
                        "nr_bdds": 1,
                        "nodes": 8,
                        "edges": 12
                  },
                  {
                        "hash": "f326d84d0a8f46daad06e21e81ae01c1",
                        "nr_bdds": 1,
                        "nodes": 10,
                        "edges": 16
                  },
                  {
                        "hash": "0f5578306912022db72ae36037f0bce8",
                        "nr_bdds": 1,
                        "nodes": 12,
                        "edges": 20
                  },
                  {
                        "hash": "e0166b2654d1a617cbfa86537cdc870d",
                        "nr_bdds": 1,
                        "nodes": 13,
                        "edges": 22
                  },
                  {
                        "hash": "f4d95cf0988679c9d1c3550da7e6beb3",
                        "nr_bdds": 1,
                        "nodes": 11,
                        "edges": 18
                  },
                  {
                        "hash": "6a7e1fe3225ced5f16a9bce5e1a5476a",
                        "nr_bdds": 1,
                        "nodes": 10,
                        "edges": 16
                  },
                  {
                        "hash": "74a4d14db1217cb3eb4dc56b9025c5b9",
                        "nr_bdds": 1,
                        "nodes": 15,
                        "edges": 26
                  },
                  {
                        "hash": "26b64c82021367a2f506b7401e1c7218",
                        "nr_bdds": 1,
                        "nodes": 18,
                        "edges": 32
                  },
                  {
                        "hash": "b5c0fad2e98625f0f161eef58e4f1fe7",
                        "nr_bdds": 1,
                        "nodes": 15,
                        "edges": 26
                  },
                  {
                        "hash": "8056fa45cba87885dcba240ab634fb9b",
                        "nr_bdds": 1,
                        "nodes": 12,
                        "edges": 20
                  },
                  {
                        "hash": "199cbe0b4bb3cd002bfd5b6415fe23f9",
                        "nr_bdds": 1,
                        "nodes": 17,
                        "edges": 30
                  },
                  {
                        "hash": "173313e5622c72e7a1f9e3a49387b92b",
                        "nr_bdds": 1,
                        "nodes": 27,
                        "edges": 50
                  },
                  {
                        "hash": "4e2ec97ca57449eec58987fbfa437f1e",
                        "nr_bdds": 1,
                        "nodes": 12,
                        "edges": 20
                  },
                  {
                        "hash": "8cc86192ea7c32bb2a2342a5ca2aa471",
                        "nr_bdds": 1,
                        "nodes": 17,
                        "edges": 30
                  },
                  {
                        "hash": "5bc1f0687e83a2f5699ef33dc13afc4f",
                        "nr_bdds": 1,
                        "nodes": 13,
                        "edges": 22
                  },
                  {
                        "hash": "139ddeb095408caaf1d74b1c22dfed03",
                        "nr_bdds": 1,
                        "nodes": 6,
                        "edges": 8
                  },
                  {
                        "hash": "005768f891944960f99249531b6a1453",
                        "nr_bdds": 1,
                        "nodes": 15,
                        "edges": 26
                  },
                  {
                        "hash": "9e449e59024959ddcc82b98bc3a21c9d",
                        "nr_bdds": 1,
                        "nodes": 17,
                        "edges": 30
                  },
                  {
                        "hash": "82d0fa5f15b072b8f0fa9356ad2eb8a5",
                        "nr_bdds": 1,
                        "nodes": 12,
                        "edges": 20
                  },
                  {
                        "hash": "28bfa845aa84243094e650af5a7b527d",
                        "nr_bdds": 1,
                        "nodes": 18,
                        "edges": 32
                  },
                  {
                        "hash": "ba4f726d61c7a21c22a326233a4ff7cf",
                        "nr_bdds": 1,
                        "nodes": 9,
                        "edges": 14
                  },
                  {
                        "hash": "b0119d264c02ac9d08f59ad7e1bd9ac7",
                        "nr_bdds": 1,
                        "nodes": 7,
                        "edges": 10
                  },
                  {
                        "hash": "61537068a3047c72cc11b7dce22135c7",
                        "nr_bdds": 1,
                        "nodes": 9,
                        "edges": 14
                  },
                  {
                        "hash": "66e33d5eb7894eaa6489ce43f3e34585",
                        "nr_bdds": 1,
                        "nodes": 14,
                        "edges": 24
                  },
                  {
                        "hash": "4767aac1bb3e83eec89d92ed99b91e8e",
                        "nr_bdds": 1,
                        "nodes": 26,
                        "edges": 48
                  },
                  {
                        "hash": "8c6d0268d7ee55c701fc04dfd93c5433",
                        "nr_bdds": 1,
                        "nodes": 10,
                        "edges": 16
                  },
                  {
                        "hash": "82ff97360f16b5cd6660f04053e04eea",
                        "nr_bdds": 1,
                        "nodes": 12,
                        "edges": 20
                  },
                  {
                        "hash": "aad73e6cd628b54d047afb1abeca99d8",
                        "nr_bdds": 1,
                        "nodes": 9,
                        "edges": 14
                  },
                  {
                        "hash": "dc4599de890645457343a49d2d5421dd",
                        "nr_bdds": 1,
                        "nodes": 11,
                        "edges": 18
                  },
                  {
                        "hash": "b4f0b47fd212200b246b777d0e78096f",
                        "nr_bdds": 1,
                        "nodes": 16,
                        "edges": 28
                  },
                  {
                        "hash": "c605533323c4ac80fe00a5362de5d58f",
                        "nr_bdds": 1,
                        "nodes": 11,
                        "edges": 18
                  }
            ],
            "before": {
                  "rows": 2026,
                  "cols": 3440,
                  "semi": 5466,
                  "area": 6969440,
                  "cycles": 6,
                  "total_time": 0.03315615653991699
            },
            "after": {
                  "rows": 1293,
                  "cols": 2198,
                  "semi": 3491,
                  "area": 2842014,
                  "cycles": 22,
                  "total_time": 0.0003018379211425781
            }
      }
]
