[
      {
            "name": "new_n77_",
            "nodes": 21,
            "edges": 38,
            "roots": 1,
            "positive_terminal_node": true,
            "negative_terminal_node": true
      },
      {
            "name": "new_n79_",
            "nodes": 21,
            "edges": 38,
            "roots": 1,
            "positive_terminal_node": true,
            "negative_terminal_node": true
      },
      {
            "name": "new_n81_",
            "nodes": 21,
            "edges": 38,
            "roots": 1,
            "positive_terminal_node": true,
            "negative_terminal_node": true
      },
      {
            "name": "new_n83_",
            "nodes": 21,
            "edges": 38,
            "roots": 1,
            "positive_terminal_node": true,
            "negative_terminal_node": true
      },
      {
            "name": "new_n85_",
            "nodes": 21,
            "edges": 38,
            "roots": 1,
            "positive_terminal_node": true,
            "negative_terminal_node": true
      },
      {
            "name": "new_n87_",
            "nodes": 21,
            "edges": 38,
            "roots": 1,
            "positive_terminal_node": true,
            "negative_terminal_node": true
      },
      {
            "name": "new_n89_",
            "nodes": 21,
            "edges": 38,
            "roots": 1,
            "positive_terminal_node": true,
            "negative_terminal_node": true
      },
      {
            "name": "new_n91_",
            "nodes": 21,
            "edges": 38,
            "roots": 1,
            "positive_terminal_node": true,
            "negative_terminal_node": true
      },
      {
            "name": "new_n76_",
            "nodes": 11,
            "edges": 18,
            "roots": 1,
            "positive_terminal_node": true,
            "negative_terminal_node": true
      },
      {
            "name": "new_n78_",
            "nodes": 11,
            "edges": 18,
            "roots": 1,
            "positive_terminal_node": true,
            "negative_terminal_node": true
      },
      {
            "name": "new_n80_",
            "nodes": 11,
            "edges": 18,
            "roots": 1,
            "positive_terminal_node": true,
            "negative_terminal_node": true
      },
      {
            "name": "new_n82_",
            "nodes": 11,
            "edges": 18,
            "roots": 1,
            "positive_terminal_node": true,
            "negative_terminal_node": true
      },
      {
            "name": "new_n84_",
            "nodes": 11,
            "edges": 18,
            "roots": 1,
            "positive_terminal_node": true,
            "negative_terminal_node": true
      },
      {
            "name": "new_n86_",
            "nodes": 11,
            "edges": 18,
            "roots": 1,
            "positive_terminal_node": true,
            "negative_terminal_node": true
      },
      {
            "name": "new_n88_",
            "nodes": 11,
            "edges": 18,
            "roots": 1,
            "positive_terminal_node": true,
            "negative_terminal_node": true
      },
      {
            "name": "new_n90_",
            "nodes": 11,
            "edges": 18,
            "roots": 1,
            "positive_terminal_node": true,
            "negative_terminal_node": true
      },
      {
            "name": "God0",
            "nodes": 19,
            "edges": 34,
            "roots": 1,
            "positive_terminal_node": true,
            "negative_terminal_node": true
      },
      {
            "name": "God1",
            "nodes": 19,
            "edges": 34,
            "roots": 1,
            "positive_terminal_node": true,
            "negative_terminal_node": true
      },
      {
            "name": "God2",
            "nodes": 19,
            "edges": 34,
            "roots": 1,
            "positive_terminal_node": true,
            "negative_terminal_node": true
      },
      {
            "name": "God3",
            "nodes": 19,
            "edges": 34,
            "roots": 1,
            "positive_terminal_node": true,
            "negative_terminal_node": true
      },
      {
            "name": "God4",
            "nodes": 19,
            "edges": 34,
            "roots": 1,
            "positive_terminal_node": true,
            "negative_terminal_node": true
      },
      {
            "name": "God5",
            "nodes": 19,
            "edges": 34,
            "roots": 1,
            "positive_terminal_node": true,
            "negative_terminal_node": true
      },
      {
            "name": "God6",
            "nodes": 19,
            "edges": 34,
            "roots": 1,
            "positive_terminal_node": true,
            "negative_terminal_node": true
      },
      {
            "name": "God7",
            "nodes": 19,
            "edges": 34,
            "roots": 1,
            "positive_terminal_node": true,
            "negative_terminal_node": true
      },
      {
            "name": "God8",
            "nodes": 19,
            "edges": 34,
            "roots": 1,
            "positive_terminal_node": true,
            "negative_terminal_node": true
      },
      {
            "name": "God9",
            "nodes": 19,
            "edges": 34,
            "roots": 1,
            "positive_terminal_node": true,
            "negative_terminal_node": true
      },
      {
            "name": "God10",
            "nodes": 19,
            "edges": 34,
            "roots": 1,
            "positive_terminal_node": true,
            "negative_terminal_node": true
      },
      {
            "name": "God11",
            "nodes": 19,
            "edges": 34,
            "roots": 1,
            "positive_terminal_node": true,
            "negative_terminal_node": true
      },
      {
            "name": "God12",
            "nodes": 19,
            "edges": 34,
            "roots": 1,
            "positive_terminal_node": true,
            "negative_terminal_node": true
      },
      {
            "name": "God13",
            "nodes": 19,
            "edges": 34,
            "roots": 1,
            "positive_terminal_node": true,
            "negative_terminal_node": true
      },
      {
            "name": "God14",
            "nodes": 19,
            "edges": 34,
            "roots": 1,
            "positive_terminal_node": true,
            "negative_terminal_node": true
      },
      {
            "name": "God15",
            "nodes": 19,
            "edges": 34,
            "roots": 1,
            "positive_terminal_node": true,
            "negative_terminal_node": true
      },
      {
            "name": "God16",
            "nodes": 19,
            "edges": 34,
            "roots": 1,
            "positive_terminal_node": true,
            "negative_terminal_node": true
      },
      {
            "name": "God17",
            "nodes": 19,
            "edges": 34,
            "roots": 1,
            "positive_terminal_node": true,
            "negative_terminal_node": true
      },
      {
            "name": "God18",
            "nodes": 19,
            "edges": 34,
            "roots": 1,
            "positive_terminal_node": true,
            "negative_terminal_node": true
      },
      {
            "name": "God19",
            "nodes": 19,
            "edges": 34,
            "roots": 1,
            "positive_terminal_node": true,
            "negative_terminal_node": true
      },
      {
            "name": "God20",
            "nodes": 19,
            "edges": 34,
            "roots": 1,
            "positive_terminal_node": true,
            "negative_terminal_node": true
      },
      {
            "name": "God21",
            "nodes": 19,
            "edges": 34,
            "roots": 1,
            "positive_terminal_node": true,
            "negative_terminal_node": true
      },
      {
            "name": "God22",
            "nodes": 19,
            "edges": 34,
            "roots": 1,
            "positive_terminal_node": true,
            "negative_terminal_node": true
      },
      {
            "name": "God23",
            "nodes": 19,
            "edges": 34,
            "roots": 1,
            "positive_terminal_node": true,
            "negative_terminal_node": true
      },
      {
            "name": "God24",
            "nodes": 19,
            "edges": 34,
            "roots": 1,
            "positive_terminal_node": true,
            "negative_terminal_node": true
      },
      {
            "name": "God25",
            "nodes": 19,
            "edges": 34,
            "roots": 1,
            "positive_terminal_node": true,
            "negative_terminal_node": true
      },
      {
            "name": "God26",
            "nodes": 19,
            "edges": 34,
            "roots": 1,
            "positive_terminal_node": true,
            "negative_terminal_node": true
      },
      {
            "name": "God27",
            "nodes": 19,
            "edges": 34,
            "roots": 1,
            "positive_terminal_node": true,
            "negative_terminal_node": true
      },
      {
            "name": "God28",
            "nodes": 19,
            "edges": 34,
            "roots": 1,
            "positive_terminal_node": true,
            "negative_terminal_node": true
      },
      {
            "name": "God29",
            "nodes": 19,
            "edges": 34,
            "roots": 1,
            "positive_terminal_node": true,
            "negative_terminal_node": true
      },
      {
            "name": "God30",
            "nodes": 19,
            "edges": 34,
            "roots": 1,
            "positive_terminal_node": true,
            "negative_terminal_node": true
      },
      {
            "name": "God31",
            "nodes": 19,
            "edges": 34,
            "roots": 1,
            "positive_terminal_node": true,
            "negative_terminal_node": true
      },
      {
            "klutparser": {
                  "total_time": 110.00142431259155
            }
      },
      {
            "patterns": [
                  {
                        "hash": "9232b3800676f07a5fcf225f05ddd149",
                        "nr_bdds": 8,
                        "nodes": 21,
                        "edges": 38
                  },
                  {
                        "hash": "96cbf4917540f32a3d8d1c90aff4ad59",
                        "nr_bdds": 8,
                        "nodes": 11,
                        "edges": 18
                  },
                  {
                        "hash": "5c3133d01908dc518dc5fc5cade58f5d",
                        "nr_bdds": 32,
                        "nodes": 19,
                        "edges": 34
                  }
            ],
            "before": {
                  "rows": 864,
                  "cols": 1536,
                  "semi": 2400,
                  "area": 1327104,
                  "cycles": 4,
                  "total_time": 0.01800847053527832
            },
            "after": {
                  "rows": 51,
                  "cols": 90,
                  "semi": 141,
                  "area": 4590,
                  "cycles": 49,
                  "total_time": 0.00046563148498535156
            }
      }
]
