[
      {
            "name": "G388gat",
            "nodes": 5,
            "edges": 6,
            "roots": 1,
            "positive_terminal_node": true,
            "negative_terminal_node": true
      },
      {
            "name": "G390gat",
            "nodes": 5,
            "edges": 6,
            "roots": 1,
            "positive_terminal_node": true,
            "negative_terminal_node": true
      },
      {
            "name": "G389gat",
            "nodes": 5,
            "edges": 6,
            "roots": 1,
            "positive_terminal_node": true,
            "negative_terminal_node": true
      },
      {
            "name": "G391gat",
            "nodes": 4,
            "edges": 4,
            "roots": 1,
            "positive_terminal_node": true,
            "negative_terminal_node": true
      },
      {
            "name": "G418gat",
            "nodes": 6,
            "edges": 8,
            "roots": 1,
            "positive_terminal_node": true,
            "negative_terminal_node": true
      },
      {
            "name": "G420gat",
            "nodes": 5,
            "edges": 6,
            "roots": 1,
            "positive_terminal_node": true,
            "negative_terminal_node": true
      },
      {
            "name": "G421gat",
            "nodes": 5,
            "edges": 6,
            "roots": 1,
            "positive_terminal_node": true,
            "negative_terminal_node": true
      },
      {
            "name": "G422gat",
            "nodes": 5,
            "edges": 6,
            "roots": 1,
            "positive_terminal_node": true,
            "negative_terminal_node": true
      },
      {
            "name": "G423gat",
            "nodes": 5,
            "edges": 6,
            "roots": 1,
            "positive_terminal_node": true,
            "negative_terminal_node": true
      },
      {
            "name": "G447gat",
            "nodes": 5,
            "edges": 6,
            "roots": 1,
            "positive_terminal_node": true,
            "negative_terminal_node": true
      },
      {
            "name": "G448gat",
            "nodes": 8,
            "edges": 12,
            "roots": 1,
            "positive_terminal_node": true,
            "negative_terminal_node": true
      },
      {
            "name": "G449gat",
            "nodes": 9,
            "edges": 14,
            "roots": 1,
            "positive_terminal_node": true,
            "negative_terminal_node": true
      },
      {
            "name": "G450gat",
            "nodes": 5,
            "edges": 6,
            "roots": 1,
            "positive_terminal_node": true,
            "negative_terminal_node": true
      },
      {
            "name": "G767gat",
            "nodes": 21,
            "edges": 38,
            "roots": 1,
            "positive_terminal_node": true,
            "negative_terminal_node": true
      },
      {
            "name": "G768gat",
            "nodes": 21,
            "edges": 38,
            "roots": 1,
            "positive_terminal_node": true,
            "negative_terminal_node": true
      },
      {
            "name": "new_n107_",
            "nodes": 15,
            "edges": 26,
            "roots": 1,
            "positive_terminal_node": true,
            "negative_terminal_node": true
      },
      {
            "name": "new_n108_",
            "nodes": 10,
            "edges": 16,
            "roots": 1,
            "positive_terminal_node": true,
            "negative_terminal_node": true
      },
      {
            "name": "new_n123_",
            "nodes": 10,
            "edges": 16,
            "roots": 1,
            "positive_terminal_node": true,
            "negative_terminal_node": true
      },
      {
            "name": "new_n109_",
            "nodes": 11,
            "edges": 18,
            "roots": 1,
            "positive_terminal_node": true,
            "negative_terminal_node": true
      },
      {
            "name": "new_n110_",
            "nodes": 6,
            "edges": 8,
            "roots": 1,
            "positive_terminal_node": true,
            "negative_terminal_node": true
      },
      {
            "name": "G419gat",
            "nodes": 7,
            "edges": 10,
            "roots": 1,
            "positive_terminal_node": true,
            "negative_terminal_node": true
      },
      {
            "name": "G446gat",
            "nodes": 7,
            "edges": 10,
            "roots": 1,
            "positive_terminal_node": true,
            "negative_terminal_node": true
      },
      {
            "name": "new_n106_",
            "nodes": 11,
            "edges": 18,
            "roots": 1,
            "positive_terminal_node": true,
            "negative_terminal_node": true
      },
      {
            "name": "new_n113_",
            "nodes": 11,
            "edges": 18,
            "roots": 1,
            "positive_terminal_node": true,
            "negative_terminal_node": true
      },
      {
            "name": "new_n114_",
            "nodes": 11,
            "edges": 18,
            "roots": 1,
            "positive_terminal_node": true,
            "negative_terminal_node": true
      },
      {
            "name": "new_n115_",
            "nodes": 11,
            "edges": 18,
            "roots": 1,
            "positive_terminal_node": true,
            "negative_terminal_node": true
      },
      {
            "name": "new_n122_",
            "nodes": 12,
            "edges": 20,
            "roots": 1,
            "positive_terminal_node": true,
            "negative_terminal_node": true
      },
      {
            "name": "new_n124_",
            "nodes": 12,
            "edges": 20,
            "roots": 1,
            "positive_terminal_node": true,
            "negative_terminal_node": true
      },
      {
            "name": "new_n125_",
            "nodes": 12,
            "edges": 20,
            "roots": 1,
            "positive_terminal_node": true,
            "negative_terminal_node": true
      },
      {
            "name": "new_n126_",
            "nodes": 12,
            "edges": 20,
            "roots": 1,
            "positive_terminal_node": true,
            "negative_terminal_node": true
      },
      {
            "name": "new_n119_",
            "nodes": 8,
            "edges": 12,
            "roots": 1,
            "positive_terminal_node": true,
            "negative_terminal_node": true
      },
      {
            "name": "new_n134_",
            "nodes": 6,
            "edges": 8,
            "roots": 1,
            "positive_terminal_node": true,
            "negative_terminal_node": true
      },
      {
            "name": "G850gat",
            "nodes": 19,
            "edges": 34,
            "roots": 1,
            "positive_terminal_node": true,
            "negative_terminal_node": true
      },
      {
            "name": "new_n117_",
            "nodes": 15,
            "edges": 26,
            "roots": 1,
            "positive_terminal_node": true,
            "negative_terminal_node": true
      },
      {
            "name": "new_n112_",
            "nodes": 12,
            "edges": 20,
            "roots": 1,
            "positive_terminal_node": true,
            "negative_terminal_node": true
      },
      {
            "name": "new_n121_",
            "nodes": 15,
            "edges": 26,
            "roots": 1,
            "positive_terminal_node": true,
            "negative_terminal_node": true
      },
      {
            "name": "new_n129_",
            "nodes": 5,
            "edges": 6,
            "roots": 1,
            "positive_terminal_node": true,
            "negative_terminal_node": true
      },
      {
            "name": "new_n130_",
            "nodes": 13,
            "edges": 22,
            "roots": 1,
            "positive_terminal_node": true,
            "negative_terminal_node": true
      },
      {
            "name": "new_n132_",
            "nodes": 13,
            "edges": 22,
            "roots": 1,
            "positive_terminal_node": true,
            "negative_terminal_node": true
      },
      {
            "name": "G865gat",
            "nodes": 20,
            "edges": 36,
            "roots": 1,
            "positive_terminal_node": true,
            "negative_terminal_node": true
      },
      {
            "name": "G864gat",
            "nodes": 15,
            "edges": 26,
            "roots": 1,
            "positive_terminal_node": true,
            "negative_terminal_node": true
      },
      {
            "name": "G863gat",
            "nodes": 17,
            "edges": 30,
            "roots": 1,
            "positive_terminal_node": true,
            "negative_terminal_node": true
      },
      {
            "name": "G866gat",
            "nodes": 15,
            "edges": 26,
            "roots": 1,
            "positive_terminal_node": true,
            "negative_terminal_node": true
      },
      {
            "name": "G874gat",
            "nodes": 17,
            "edges": 30,
            "roots": 1,
            "positive_terminal_node": true,
            "negative_terminal_node": true
      },
      {
            "name": "G880gat",
            "nodes": 20,
            "edges": 36,
            "roots": 1,
            "positive_terminal_node": true,
            "negative_terminal_node": true
      },
      {
            "name": "G878gat",
            "nodes": 17,
            "edges": 30,
            "roots": 1,
            "positive_terminal_node": true,
            "negative_terminal_node": true
      },
      {
            "name": "G879gat",
            "nodes": 15,
            "edges": 26,
            "roots": 1,
            "positive_terminal_node": true,
            "negative_terminal_node": true
      },
      {
            "klutparser": {
                  "total_time": 107.20624160766602
            }
      },
      {
            "patterns": [
                  {
                        "hash": "4b8c2cfb0c6f53666a623b1146239137",
                        "nr_bdds": 7,
                        "nodes": 5,
                        "edges": 6
                  },
                  {
                        "hash": "9b4be5d748a292e481722f1ef8f75020",
                        "nr_bdds": 1,
                        "nodes": 4,
                        "edges": 4
                  },
                  {
                        "hash": "e8b84f9a6048973ee83f697d1702109b",
                        "nr_bdds": 1,
                        "nodes": 6,
                        "edges": 8
                  },
                  {
                        "hash": "9cb5538ee75163054fc2701486e1c8c0",
                        "nr_bdds": 2,
                        "nodes": 5,
                        "edges": 6
                  },
                  {
                        "hash": "e87fa10a6bf60d1ec04fd944e316007c",
                        "nr_bdds": 1,
                        "nodes": 8,
                        "edges": 12
                  },
                  {
                        "hash": "626c60c8ef688ea2c3c3bccda1c79f08",
                        "nr_bdds": 1,
                        "nodes": 9,
                        "edges": 14
                  },
                  {
                        "hash": "fa59b9d214c3b913603d774a0e152cbe",
                        "nr_bdds": 2,
                        "nodes": 21,
                        "edges": 38
                  },
                  {
                        "hash": "8e29fff896861e7095e249b26e791fee",
                        "nr_bdds": 1,
                        "nodes": 15,
                        "edges": 26
                  },
                  {
                        "hash": "92cc246eba02d6604b6603e71e27fce2",
                        "nr_bdds": 2,
                        "nodes": 10,
                        "edges": 16
                  },
                  {
                        "hash": "aa55bcb29d1f23ae1309d892799e7ab7",
                        "nr_bdds": 1,
                        "nodes": 11,
                        "edges": 18
                  },
                  {
                        "hash": "a2dbf422e172f0d81f68959829399c7e",
                        "nr_bdds": 2,
                        "nodes": 6,
                        "edges": 8
                  },
                  {
                        "hash": "b67c4407f4287f5343f69dcba92bfc1f",
                        "nr_bdds": 2,
                        "nodes": 7,
                        "edges": 10
                  },
                  {
                        "hash": "bd569e7745928ba77d6a6996bfef485e",
                        "nr_bdds": 4,
                        "nodes": 11,
                        "edges": 18
                  },
                  {
                        "hash": "d9cc08aa6303155f91d8a54314adca24",
                        "nr_bdds": 4,
                        "nodes": 12,
                        "edges": 20
                  },
                  {
                        "hash": "0e0c39f571f392bd16c22b0a285f5ceb",
                        "nr_bdds": 1,
                        "nodes": 8,
                        "edges": 12
                  },
                  {
                        "hash": "c2443fae021518796fa830aef237e030",
                        "nr_bdds": 1,
                        "nodes": 19,
                        "edges": 34
                  },
                  {
                        "hash": "4b8108daf4132d5388fc93eb326af795",
                        "nr_bdds": 1,
                        "nodes": 15,
                        "edges": 26
                  },
                  {
                        "hash": "be3605271683d32c59bbb884c3858c6b",
                        "nr_bdds": 1,
                        "nodes": 12,
                        "edges": 20
                  },
                  {
                        "hash": "57946f899997e654d1c5cb619b6ca088",
                        "nr_bdds": 1,
                        "nodes": 15,
                        "edges": 26
                  },
                  {
                        "hash": "9822a24b511f3933f5d70afca4f08599",
                        "nr_bdds": 1,
                        "nodes": 5,
                        "edges": 6
                  },
                  {
                        "hash": "c7443d2e2818e2e7244a30188ea79180",
                        "nr_bdds": 2,
                        "nodes": 13,
                        "edges": 22
                  },
                  {
                        "hash": "2c7f106691932acdbdf62d0f3cbd267b",
                        "nr_bdds": 2,
                        "nodes": 20,
                        "edges": 36
                  },
                  {
                        "hash": "48f7605be421118ee2d169cb881f5f95",
                        "nr_bdds": 1,
                        "nodes": 15,
                        "edges": 26
                  },
                  {
                        "hash": "ccceb9d584b848f05ca02ffe3b759a65",
                        "nr_bdds": 2,
                        "nodes": 17,
                        "edges": 30
                  },
                  {
                        "hash": "69c4ab22ed4d78d9e598bead2ec02f59",
                        "nr_bdds": 1,
                        "nodes": 15,
                        "edges": 26
                  },
                  {
                        "hash": "e484c159236a517379b982b395113e5e",
                        "nr_bdds": 1,
                        "nodes": 17,
                        "edges": 30
                  },
                  {
                        "hash": "71ecc84c9b772c1dff4c5ae01b9a59a2",
                        "nr_bdds": 1,
                        "nodes": 15,
                        "edges": 26
                  }
            ],
            "before": {
                  "rows": 514,
                  "cols": 840,
                  "semi": 1354,
                  "area": 431760,
                  "cycles": 5,
                  "total_time": 0.015103340148925781
            },
            "after": {
                  "rows": 316,
                  "cols": 524,
                  "semi": 840,
                  "area": 165584,
                  "cycles": 14,
                  "total_time": 0.00020933151245117188
            }
      }
]
