[
      {
            "name": "new_n77_",
            "nodes": 9,
            "edges": 14,
            "roots": 1,
            "positive_terminal_node": true,
            "negative_terminal_node": true
      },
      {
            "name": "new_n78_",
            "nodes": 9,
            "edges": 14,
            "roots": 1,
            "positive_terminal_node": true,
            "negative_terminal_node": true
      },
      {
            "name": "new_n79_",
            "nodes": 9,
            "edges": 14,
            "roots": 1,
            "positive_terminal_node": true,
            "negative_terminal_node": true
      },
      {
            "name": "new_n81_",
            "nodes": 9,
            "edges": 14,
            "roots": 1,
            "positive_terminal_node": true,
            "negative_terminal_node": true
      },
      {
            "name": "new_n82_",
            "nodes": 9,
            "edges": 14,
            "roots": 1,
            "positive_terminal_node": true,
            "negative_terminal_node": true
      },
      {
            "name": "new_n84_",
            "nodes": 9,
            "edges": 14,
            "roots": 1,
            "positive_terminal_node": true,
            "negative_terminal_node": true
      },
      {
            "name": "new_n90_",
            "nodes": 9,
            "edges": 14,
            "roots": 1,
            "positive_terminal_node": true,
            "negative_terminal_node": true
      },
      {
            "name": "new_n93_",
            "nodes": 9,
            "edges": 14,
            "roots": 1,
            "positive_terminal_node": true,
            "negative_terminal_node": true
      },
      {
            "name": "new_n98_",
            "nodes": 9,
            "edges": 14,
            "roots": 1,
            "positive_terminal_node": true,
            "negative_terminal_node": true
      },
      {
            "name": "new_n85_",
            "nodes": 17,
            "edges": 30,
            "roots": 1,
            "positive_terminal_node": true,
            "negative_terminal_node": true
      },
      {
            "name": "new_n88_",
            "nodes": 17,
            "edges": 30,
            "roots": 1,
            "positive_terminal_node": true,
            "negative_terminal_node": true
      },
      {
            "name": "new_n97_",
            "nodes": 9,
            "edges": 14,
            "roots": 1,
            "positive_terminal_node": true,
            "negative_terminal_node": true
      },
      {
            "name": "new_n91_",
            "nodes": 9,
            "edges": 14,
            "roots": 1,
            "positive_terminal_node": true,
            "negative_terminal_node": true
      },
      {
            "name": "new_n92_",
            "nodes": 9,
            "edges": 14,
            "roots": 1,
            "positive_terminal_node": true,
            "negative_terminal_node": true
      },
      {
            "name": "new_n99_",
            "nodes": 17,
            "edges": 30,
            "roots": 1,
            "positive_terminal_node": true,
            "negative_terminal_node": true
      },
      {
            "name": "new_n87_",
            "nodes": 9,
            "edges": 14,
            "roots": 1,
            "positive_terminal_node": true,
            "negative_terminal_node": true
      },
      {
            "name": "new_n94_",
            "nodes": 17,
            "edges": 30,
            "roots": 1,
            "positive_terminal_node": true,
            "negative_terminal_node": true
      },
      {
            "name": "new_n96_",
            "nodes": 9,
            "edges": 14,
            "roots": 1,
            "positive_terminal_node": true,
            "negative_terminal_node": true
      },
      {
            "name": "new_n76_",
            "nodes": 10,
            "edges": 16,
            "roots": 1,
            "positive_terminal_node": true,
            "negative_terminal_node": true
      },
      {
            "name": "new_n80_",
            "nodes": 10,
            "edges": 16,
            "roots": 1,
            "positive_terminal_node": true,
            "negative_terminal_node": true
      },
      {
            "name": "new_n83_",
            "nodes": 8,
            "edges": 12,
            "roots": 1,
            "positive_terminal_node": true,
            "negative_terminal_node": true
      },
      {
            "name": "new_n120_",
            "nodes": 24,
            "edges": 44,
            "roots": 1,
            "positive_terminal_node": true,
            "negative_terminal_node": true
      },
      {
            "name": "new_n121_",
            "nodes": 10,
            "edges": 16,
            "roots": 1,
            "positive_terminal_node": true,
            "negative_terminal_node": true
      },
      {
            "name": "new_n105_",
            "nodes": 8,
            "edges": 12,
            "roots": 1,
            "positive_terminal_node": true,
            "negative_terminal_node": true
      },
      {
            "name": "new_n86_",
            "nodes": 8,
            "edges": 12,
            "roots": 1,
            "positive_terminal_node": true,
            "negative_terminal_node": true
      },
      {
            "name": "new_n119_",
            "nodes": 24,
            "edges": 44,
            "roots": 1,
            "positive_terminal_node": true,
            "negative_terminal_node": true
      },
      {
            "name": "new_n131_",
            "nodes": 24,
            "edges": 44,
            "roots": 1,
            "positive_terminal_node": true,
            "negative_terminal_node": true
      },
      {
            "name": "new_n89_",
            "nodes": 24,
            "edges": 44,
            "roots": 1,
            "positive_terminal_node": true,
            "negative_terminal_node": true
      },
      {
            "name": "new_n110_",
            "nodes": 24,
            "edges": 44,
            "roots": 1,
            "positive_terminal_node": true,
            "negative_terminal_node": true
      },
      {
            "name": "new_n122_",
            "nodes": 8,
            "edges": 12,
            "roots": 1,
            "positive_terminal_node": true,
            "negative_terminal_node": true
      },
      {
            "name": "new_n95_",
            "nodes": 24,
            "edges": 44,
            "roots": 1,
            "positive_terminal_node": true,
            "negative_terminal_node": true
      },
      {
            "name": "new_n104_",
            "nodes": 10,
            "edges": 16,
            "roots": 1,
            "positive_terminal_node": true,
            "negative_terminal_node": true
      },
      {
            "name": "G1324gat",
            "nodes": 15,
            "edges": 26,
            "roots": 1,
            "positive_terminal_node": true,
            "negative_terminal_node": true
      },
      {
            "name": "G1325gat",
            "nodes": 15,
            "edges": 26,
            "roots": 1,
            "positive_terminal_node": true,
            "negative_terminal_node": true
      },
      {
            "name": "G1326gat",
            "nodes": 15,
            "edges": 26,
            "roots": 1,
            "positive_terminal_node": true,
            "negative_terminal_node": true
      },
      {
            "name": "G1327gat",
            "nodes": 15,
            "edges": 26,
            "roots": 1,
            "positive_terminal_node": true,
            "negative_terminal_node": true
      },
      {
            "name": "G1332gat",
            "nodes": 15,
            "edges": 26,
            "roots": 1,
            "positive_terminal_node": true,
            "negative_terminal_node": true
      },
      {
            "name": "G1333gat",
            "nodes": 15,
            "edges": 26,
            "roots": 1,
            "positive_terminal_node": true,
            "negative_terminal_node": true
      },
      {
            "name": "G1334gat",
            "nodes": 15,
            "edges": 26,
            "roots": 1,
            "positive_terminal_node": true,
            "negative_terminal_node": true
      },
      {
            "name": "G1335gat",
            "nodes": 15,
            "edges": 26,
            "roots": 1,
            "positive_terminal_node": true,
            "negative_terminal_node": true
      },
      {
            "name": "G1328gat",
            "nodes": 17,
            "edges": 30,
            "roots": 1,
            "positive_terminal_node": true,
            "negative_terminal_node": true
      },
      {
            "name": "G1329gat",
            "nodes": 17,
            "edges": 30,
            "roots": 1,
            "positive_terminal_node": true,
            "negative_terminal_node": true
      },
      {
            "name": "G1330gat",
            "nodes": 17,
            "edges": 30,
            "roots": 1,
            "positive_terminal_node": true,
            "negative_terminal_node": true
      },
      {
            "name": "G1331gat",
            "nodes": 17,
            "edges": 30,
            "roots": 1,
            "positive_terminal_node": true,
            "negative_terminal_node": true
      },
      {
            "name": "G1336gat",
            "nodes": 17,
            "edges": 30,
            "roots": 1,
            "positive_terminal_node": true,
            "negative_terminal_node": true
      },
      {
            "name": "G1337gat",
            "nodes": 17,
            "edges": 30,
            "roots": 1,
            "positive_terminal_node": true,
            "negative_terminal_node": true
      },
      {
            "name": "G1338gat",
            "nodes": 17,
            "edges": 30,
            "roots": 1,
            "positive_terminal_node": true,
            "negative_terminal_node": true
      },
      {
            "name": "G1339gat",
            "nodes": 17,
            "edges": 30,
            "roots": 1,
            "positive_terminal_node": true,
            "negative_terminal_node": true
      },
      {
            "name": "G1340gat",
            "nodes": 15,
            "edges": 26,
            "roots": 1,
            "positive_terminal_node": true,
            "negative_terminal_node": true
      },
      {
            "name": "G1341gat",
            "nodes": 15,
            "edges": 26,
            "roots": 1,
            "positive_terminal_node": true,
            "negative_terminal_node": true
      },
      {
            "name": "G1342gat",
            "nodes": 15,
            "edges": 26,
            "roots": 1,
            "positive_terminal_node": true,
            "negative_terminal_node": true
      },
      {
            "name": "G1343gat",
            "nodes": 15,
            "edges": 26,
            "roots": 1,
            "positive_terminal_node": true,
            "negative_terminal_node": true
      },
      {
            "name": "G1344gat",
            "nodes": 17,
            "edges": 30,
            "roots": 1,
            "positive_terminal_node": true,
            "negative_terminal_node": true
      },
      {
            "name": "G1345gat",
            "nodes": 17,
            "edges": 30,
            "roots": 1,
            "positive_terminal_node": true,
            "negative_terminal_node": true
      },
      {
            "name": "G1346gat",
            "nodes": 17,
            "edges": 30,
            "roots": 1,
            "positive_terminal_node": true,
            "negative_terminal_node": true
      },
      {
            "name": "G1347gat",
            "nodes": 17,
            "edges": 30,
            "roots": 1,
            "positive_terminal_node": true,
            "negative_terminal_node": true
      },
      {
            "name": "G1348gat",
            "nodes": 15,
            "edges": 26,
            "roots": 1,
            "positive_terminal_node": true,
            "negative_terminal_node": true
      },
      {
            "name": "G1349gat",
            "nodes": 15,
            "edges": 26,
            "roots": 1,
            "positive_terminal_node": true,
            "negative_terminal_node": true
      },
      {
            "name": "G1350gat",
            "nodes": 15,
            "edges": 26,
            "roots": 1,
            "positive_terminal_node": true,
            "negative_terminal_node": true
      },
      {
            "name": "G1351gat",
            "nodes": 15,
            "edges": 26,
            "roots": 1,
            "positive_terminal_node": true,
            "negative_terminal_node": true
      },
      {
            "name": "G1352gat",
            "nodes": 17,
            "edges": 30,
            "roots": 1,
            "positive_terminal_node": true,
            "negative_terminal_node": true
      },
      {
            "name": "G1353gat",
            "nodes": 17,
            "edges": 30,
            "roots": 1,
            "positive_terminal_node": true,
            "negative_terminal_node": true
      },
      {
            "name": "G1354gat",
            "nodes": 17,
            "edges": 30,
            "roots": 1,
            "positive_terminal_node": true,
            "negative_terminal_node": true
      },
      {
            "name": "G1355gat",
            "nodes": 17,
            "edges": 30,
            "roots": 1,
            "positive_terminal_node": true,
            "negative_terminal_node": true
      },
      {
            "klutparser": {
                  "total_time": 146.5918915271759
            }
      },
      {
            "patterns": [
                  {
                        "hash": "a5d842cf76d1112fa025602764872564",
                        "nr_bdds": 14,
                        "nodes": 9,
                        "edges": 14
                  },
                  {
                        "hash": "03bb4ed733306e50a15acac1786538b4",
                        "nr_bdds": 4,
                        "nodes": 17,
                        "edges": 30
                  },
                  {
                        "hash": "71e7c1149e141c99f72aa164b51a25f0",
                        "nr_bdds": 4,
                        "nodes": 10,
                        "edges": 16
                  },
                  {
                        "hash": "85f0f80c418db2d221f73d1110539166",
                        "nr_bdds": 4,
                        "nodes": 8,
                        "edges": 12
                  },
                  {
                        "hash": "540cc51a6ff8cd5c3857baad709d9747",
                        "nr_bdds": 6,
                        "nodes": 24,
                        "edges": 44
                  },
                  {
                        "hash": "1f8b22273b4b23fab6b9b10e55433f02",
                        "nr_bdds": 16,
                        "nodes": 15,
                        "edges": 26
                  },
                  {
                        "hash": "d1a4e9741872481d1c2564eaaf6dac93",
                        "nr_bdds": 16,
                        "nodes": 17,
                        "edges": 30
                  }
            ],
            "before": {
                  "rows": 922,
                  "cols": 1588,
                  "semi": 2510,
                  "area": 1464136,
                  "cycles": 4,
                  "total_time": 0.01783156394958496
            },
            "after": {
                  "rows": 100,
                  "cols": 172,
                  "semi": 272,
                  "area": 17200,
                  "cycles": 37,
                  "total_time": 0.00028634071350097656
            }
      },
      {
            "cycles": {
                  "cycles": [
                        [
                              {
                                    "type": "LOAD",
                                    "hash": "d1a4e9741872481d1c2564eaaf6dac93"
                              },
                              {
                                    "type": "LOAD",
                                    "hash": "1f8b22273b4b23fab6b9b10e55433f02"
                              },
                              {
                                    "type": "LOAD",
                                    "hash": "a5d842cf76d1112fa025602764872564"
                              },
                              {
                                    "type": "LOAD",
                                    "hash": "540cc51a6ff8cd5c3857baad709d9747"
                              },
                              {
                                    "type": "LOAD",
                                    "hash": "03bb4ed733306e50a15acac1786538b4"
                              },
                              {
                                    "type": "LOAD",
                                    "hash": "71e7c1149e141c99f72aa164b51a25f0"
                              },
                              {
                                    "type": "LOAD",
                                    "hash": "85f0f80c418db2d221f73d1110539166"
                              }
                        ],
                        [
                              {
                                    "type": "EVAL",
                                    "hash": "a5d842cf76d1112fa025602764872564"
                              }
                        ],
                        [
                              {
                                    "type": "EVAL",
                                    "hash": "a5d842cf76d1112fa025602764872564"
                              }
                        ],
                        [
                              {
                                    "type": "EVAL",
                                    "hash": "a5d842cf76d1112fa025602764872564"
                              }
                        ],
                        [
                              {
                                    "type": "EVAL",
                                    "hash": "a5d842cf76d1112fa025602764872564"
                              }
                        ],
                        [
                              {
                                    "type": "EVAL",
                                    "hash": "a5d842cf76d1112fa025602764872564"
                              }
                        ],
                        [
                              {
                                    "type": "EVAL",
                                    "hash": "a5d842cf76d1112fa025602764872564"
                              }
                        ],
                        [
                              {
                                    "type": "EVAL",
                                    "hash": "a5d842cf76d1112fa025602764872564"
                              }
                        ],
                        [
                              {
                                    "type": "EVAL",
                                    "hash": "a5d842cf76d1112fa025602764872564"
                              }
                        ],
                        [
                              {
                                    "type": "EVAL",
                                    "hash": "a5d842cf76d1112fa025602764872564"
                              }
                        ],
                        [
                              {
                                    "type": "EVAL",
                                    "hash": "a5d842cf76d1112fa025602764872564"
                              }
                        ],
                        [
                              {
                                    "type": "EVAL",
                                    "hash": "a5d842cf76d1112fa025602764872564"
                              },
                              {
                                    "type": "EVAL",
                                    "hash": "03bb4ed733306e50a15acac1786538b4"
                              }
                        ],
                        [
                              {
                                    "type": "EVAL",
                                    "hash": "a5d842cf76d1112fa025602764872564"
                              },
                              {
                                    "type": "EVAL",
                                    "hash": "03bb4ed733306e50a15acac1786538b4"
                              }
                        ],
                        [
                              {
                                    "type": "EVAL",
                                    "hash": "a5d842cf76d1112fa025602764872564"
                              },
                              {
                                    "type": "EVAL",
                                    "hash": "03bb4ed733306e50a15acac1786538b4"
                              }
                        ],
                        [
                              {
                                    "type": "EVAL",
                                    "hash": "a5d842cf76d1112fa025602764872564"
                              },
                              {
                                    "type": "EVAL",
                                    "hash": "03bb4ed733306e50a15acac1786538b4"
                              }
                        ],
                        [
                              {
                                    "type": "EVAL",
                                    "hash": "540cc51a6ff8cd5c3857baad709d9747"
                              }
                        ],
                        [
                              {
                                    "type": "EVAL",
                                    "hash": "540cc51a6ff8cd5c3857baad709d9747"
                              }
                        ],
                        [
                              {
                                    "type": "EVAL",
                                    "hash": "540cc51a6ff8cd5c3857baad709d9747"
                              },
                              {
                                    "type": "EVAL",
                                    "hash": "85f0f80c418db2d221f73d1110539166"
                              },
                              {
                                    "type": "EVAL",
                                    "hash": "71e7c1149e141c99f72aa164b51a25f0"
                              }
                        ],
                        [
                              {
                                    "type": "EVAL",
                                    "hash": "540cc51a6ff8cd5c3857baad709d9747"
                              },
                              {
                                    "type": "EVAL",
                                    "hash": "85f0f80c418db2d221f73d1110539166"
                              },
                              {
                                    "type": "EVAL",
                                    "hash": "71e7c1149e141c99f72aa164b51a25f0"
                              }
                        ],
                        [
                              {
                                    "type": "EVAL",
                                    "hash": "540cc51a6ff8cd5c3857baad709d9747"
                              },
                              {
                                    "type": "EVAL",
                                    "hash": "85f0f80c418db2d221f73d1110539166"
                              },
                              {
                                    "type": "EVAL",
                                    "hash": "71e7c1149e141c99f72aa164b51a25f0"
                              }
                        ],
                        [
                              {
                                    "type": "EVAL",
                                    "hash": "540cc51a6ff8cd5c3857baad709d9747"
                              },
                              {
                                    "type": "EVAL",
                                    "hash": "85f0f80c418db2d221f73d1110539166"
                              },
                              {
                                    "type": "EVAL",
                                    "hash": "71e7c1149e141c99f72aa164b51a25f0"
                              }
                        ],
                        [
                              {
                                    "type": "EVAL",
                                    "hash": "d1a4e9741872481d1c2564eaaf6dac93"
                              },
                              {
                                    "type": "EVAL",
                                    "hash": "1f8b22273b4b23fab6b9b10e55433f02"
                              }
                        ],
                        [
                              {
                                    "type": "EVAL",
                                    "hash": "d1a4e9741872481d1c2564eaaf6dac93"
                              },
                              {
                                    "type": "EVAL",
                                    "hash": "1f8b22273b4b23fab6b9b10e55433f02"
                              }
                        ],
                        [
                              {
                                    "type": "EVAL",
                                    "hash": "d1a4e9741872481d1c2564eaaf6dac93"
                              },
                              {
                                    "type": "EVAL",
                                    "hash": "1f8b22273b4b23fab6b9b10e55433f02"
                              }
                        ],
                        [
                              {
                                    "type": "EVAL",
                                    "hash": "d1a4e9741872481d1c2564eaaf6dac93"
                              },
                              {
                                    "type": "EVAL",
                                    "hash": "1f8b22273b4b23fab6b9b10e55433f02"
                              }
                        ],
                        [
                              {
                                    "type": "EVAL",
                                    "hash": "d1a4e9741872481d1c2564eaaf6dac93"
                              },
                              {
                                    "type": "EVAL",
                                    "hash": "1f8b22273b4b23fab6b9b10e55433f02"
                              }
                        ],
                        [
                              {
                                    "type": "EVAL",
                                    "hash": "d1a4e9741872481d1c2564eaaf6dac93"
                              },
                              {
                                    "type": "EVAL",
                                    "hash": "1f8b22273b4b23fab6b9b10e55433f02"
                              }
                        ],
                        [
                              {
                                    "type": "EVAL",
                                    "hash": "d1a4e9741872481d1c2564eaaf6dac93"
                              },
                              {
                                    "type": "EVAL",
                                    "hash": "1f8b22273b4b23fab6b9b10e55433f02"
                              }
                        ],
                        [
                              {
                                    "type": "EVAL",
                                    "hash": "d1a4e9741872481d1c2564eaaf6dac93"
                              },
                              {
                                    "type": "EVAL",
                                    "hash": "1f8b22273b4b23fab6b9b10e55433f02"
                              }
                        ],
                        [
                              {
                                    "type": "EVAL",
                                    "hash": "d1a4e9741872481d1c2564eaaf6dac93"
                              },
                              {
                                    "type": "EVAL",
                                    "hash": "1f8b22273b4b23fab6b9b10e55433f02"
                              }
                        ],
                        [
                              {
                                    "type": "EVAL",
                                    "hash": "d1a4e9741872481d1c2564eaaf6dac93"
                              },
                              {
                                    "type": "EVAL",
                                    "hash": "1f8b22273b4b23fab6b9b10e55433f02"
                              }
                        ],
                        [
                              {
                                    "type": "EVAL",
                                    "hash": "d1a4e9741872481d1c2564eaaf6dac93"
                              },
                              {
                                    "type": "EVAL",
                                    "hash": "1f8b22273b4b23fab6b9b10e55433f02"
                              }
                        ],
                        [
                              {
                                    "type": "EVAL",
                                    "hash": "d1a4e9741872481d1c2564eaaf6dac93"
                              },
                              {
                                    "type": "EVAL",
                                    "hash": "1f8b22273b4b23fab6b9b10e55433f02"
                              }
                        ],
                        [
                              {
                                    "type": "EVAL",
                                    "hash": "d1a4e9741872481d1c2564eaaf6dac93"
                              },
                              {
                                    "type": "EVAL",
                                    "hash": "1f8b22273b4b23fab6b9b10e55433f02"
                              }
                        ],
                        [
                              {
                                    "type": "EVAL",
                                    "hash": "d1a4e9741872481d1c2564eaaf6dac93"
                              },
                              {
                                    "type": "EVAL",
                                    "hash": "1f8b22273b4b23fab6b9b10e55433f02"
                              }
                        ],
                        [
                              {
                                    "type": "EVAL",
                                    "hash": "d1a4e9741872481d1c2564eaaf6dac93"
                              },
                              {
                                    "type": "EVAL",
                                    "hash": "1f8b22273b4b23fab6b9b10e55433f02"
                              }
                        ],
                        [
                              {
                                    "type": "EVAL",
                                    "hash": "d1a4e9741872481d1c2564eaaf6dac93"
                              },
                              {
                                    "type": "EVAL",
                                    "hash": "1f8b22273b4b23fab6b9b10e55433f02"
                              }
                        ]
                  ],
                  "total_time": 0.0002143383026123047
            }
      }
]
