[
      {
            "name": "G184",
            "nodes": 3,
            "edges": 2,
            "roots": 1,
            "positive_terminal_node": true,
            "negative_terminal_node": true
      },
      {
            "name": "G256",
            "nodes": 3,
            "edges": 2,
            "roots": 1,
            "positive_terminal_node": true,
            "negative_terminal_node": true
      },
      {
            "name": "G234",
            "nodes": 5,
            "edges": 6,
            "roots": 1,
            "positive_terminal_node": true,
            "negative_terminal_node": true
      },
      {
            "name": "G268",
            "nodes": 3,
            "edges": 2,
            "roots": 1,
            "positive_terminal_node": true,
            "negative_terminal_node": true
      },
      {
            "name": "G204",
            "nodes": 3,
            "edges": 2,
            "roots": 1,
            "positive_terminal_node": true,
            "negative_terminal_node": true
      },
      {
            "name": "G244",
            "nodes": 3,
            "edges": 2,
            "roots": 1,
            "positive_terminal_node": true,
            "negative_terminal_node": true
      },
      {
            "name": "G221",
            "nodes": 3,
            "edges": 2,
            "roots": 1,
            "positive_terminal_node": true,
            "negative_terminal_node": true
      },
      {
            "name": "G210",
            "nodes": 3,
            "edges": 2,
            "roots": 1,
            "positive_terminal_node": true,
            "negative_terminal_node": true
      },
      {
            "name": "G282",
            "nodes": 21,
            "edges": 38,
            "roots": 1,
            "positive_terminal_node": true,
            "negative_terminal_node": true
      },
      {
            "name": "G186",
            "nodes": 3,
            "edges": 2,
            "roots": 1,
            "positive_terminal_node": true,
            "negative_terminal_node": true
      },
      {
            "name": "G158",
            "nodes": 6,
            "edges": 8,
            "roots": 1,
            "positive_terminal_node": true,
            "negative_terminal_node": true
      },
      {
            "name": "G323",
            "nodes": 21,
            "edges": 38,
            "roots": 1,
            "positive_terminal_node": true,
            "negative_terminal_node": true
      },
      {
            "name": "G191",
            "nodes": 3,
            "edges": 2,
            "roots": 1,
            "positive_terminal_node": true,
            "negative_terminal_node": true
      },
      {
            "name": "G190",
            "nodes": 3,
            "edges": 2,
            "roots": 1,
            "positive_terminal_node": true,
            "negative_terminal_node": true
      },
      {
            "name": "G239",
            "nodes": 3,
            "edges": 2,
            "roots": 1,
            "positive_terminal_node": true,
            "negative_terminal_node": true
      },
      {
            "name": "G240",
            "nodes": 3,
            "edges": 2,
            "roots": 1,
            "positive_terminal_node": true,
            "negative_terminal_node": true
      },
      {
            "name": "G286",
            "nodes": 9,
            "edges": 14,
            "roots": 1,
            "positive_terminal_node": true,
            "negative_terminal_node": true
      },
      {
            "name": "G219",
            "nodes": 3,
            "edges": 2,
            "roots": 1,
            "positive_terminal_node": true,
            "negative_terminal_node": true
      },
      {
            "name": "G284",
            "nodes": 17,
            "edges": 30,
            "roots": 1,
            "positive_terminal_node": true,
            "negative_terminal_node": true
      },
      {
            "name": "G247",
            "nodes": 3,
            "edges": 2,
            "roots": 1,
            "positive_terminal_node": true,
            "negative_terminal_node": true
      },
      {
            "name": "G200",
            "nodes": 3,
            "edges": 2,
            "roots": 1,
            "positive_terminal_node": true,
            "negative_terminal_node": true
      },
      {
            "name": "G263",
            "nodes": 3,
            "edges": 2,
            "roots": 1,
            "positive_terminal_node": true,
            "negative_terminal_node": true
      },
      {
            "name": "G409",
            "nodes": 3,
            "edges": 2,
            "roots": 1,
            "positive_terminal_node": true,
            "negative_terminal_node": true
      },
      {
            "name": "G198",
            "nodes": 3,
            "edges": 2,
            "roots": 1,
            "positive_terminal_node": true,
            "negative_terminal_node": true
      },
      {
            "name": "G153",
            "nodes": 10,
            "edges": 16,
            "roots": 1,
            "positive_terminal_node": true,
            "negative_terminal_node": true
      },
      {
            "name": "G288",
            "nodes": 8,
            "edges": 12,
            "roots": 1,
            "positive_terminal_node": true,
            "negative_terminal_node": true
      },
      {
            "name": "G231",
            "nodes": 0,
            "edges": 0,
            "roots": 0,
            "positive_terminal_node": false,
            "negative_terminal_node": false
      },
      {
            "name": "G215",
            "nodes": 3,
            "edges": 2,
            "roots": 1,
            "positive_terminal_node": true,
            "negative_terminal_node": true
      },
      {
            "name": "G305",
            "nodes": 9,
            "edges": 14,
            "roots": 1,
            "positive_terminal_node": true,
            "negative_terminal_node": true
      },
      {
            "name": "G227",
            "nodes": 17,
            "edges": 30,
            "roots": 1,
            "positive_terminal_node": true,
            "negative_terminal_node": true
      },
      {
            "name": "G335",
            "nodes": 3,
            "edges": 2,
            "roots": 1,
            "positive_terminal_node": true,
            "negative_terminal_node": true
      },
      {
            "name": "G192",
            "nodes": 3,
            "edges": 2,
            "roots": 1,
            "positive_terminal_node": true,
            "negative_terminal_node": true
      },
      {
            "name": "G251",
            "nodes": 3,
            "edges": 2,
            "roots": 1,
            "positive_terminal_node": true,
            "negative_terminal_node": true
      },
      {
            "name": "G270",
            "nodes": 3,
            "edges": 2,
            "roots": 1,
            "positive_terminal_node": true,
            "negative_terminal_node": true
      },
      {
            "name": "G297",
            "nodes": 17,
            "edges": 30,
            "roots": 1,
            "positive_terminal_node": true,
            "negative_terminal_node": true
      },
      {
            "name": "G252",
            "nodes": 3,
            "edges": 2,
            "roots": 1,
            "positive_terminal_node": true,
            "negative_terminal_node": true
      },
      {
            "name": "G180",
            "nodes": 3,
            "edges": 2,
            "roots": 1,
            "positive_terminal_node": true,
            "negative_terminal_node": true
      },
      {
            "name": "G259",
            "nodes": 5,
            "edges": 6,
            "roots": 1,
            "positive_terminal_node": true,
            "negative_terminal_node": true
      },
      {
            "name": "G331",
            "nodes": 79,
            "edges": 154,
            "roots": 1,
            "positive_terminal_node": true,
            "negative_terminal_node": true
      },
      {
            "name": "G145",
            "nodes": 37,
            "edges": 70,
            "roots": 1,
            "positive_terminal_node": true,
            "negative_terminal_node": true
      },
      {
            "name": "G274",
            "nodes": 3,
            "edges": 2,
            "roots": 1,
            "positive_terminal_node": true,
            "negative_terminal_node": true
      },
      {
            "name": "G241",
            "nodes": 3,
            "edges": 2,
            "roots": 1,
            "positive_terminal_node": true,
            "negative_terminal_node": true
      },
      {
            "name": "G156",
            "nodes": 18,
            "edges": 32,
            "roots": 1,
            "positive_terminal_node": true,
            "negative_terminal_node": true
      },
      {
            "name": "G236",
            "nodes": 3,
            "edges": 2,
            "roots": 1,
            "positive_terminal_node": true,
            "negative_terminal_node": true
      },
      {
            "name": "G290",
            "nodes": 9,
            "edges": 14,
            "roots": 1,
            "positive_terminal_node": true,
            "negative_terminal_node": true
      },
      {
            "name": "G308",
            "nodes": 1743,
            "edges": 3482,
            "roots": 1,
            "positive_terminal_node": true,
            "negative_terminal_node": true
      },
      {
            "name": "G276",
            "nodes": 3,
            "edges": 2,
            "roots": 1,
            "positive_terminal_node": true,
            "negative_terminal_node": true
      },
      {
            "name": "G278",
            "nodes": 3,
            "edges": 2,
            "roots": 1,
            "positive_terminal_node": true,
            "negative_terminal_node": true
      },
      {
            "name": "G203",
            "nodes": 3,
            "edges": 2,
            "roots": 1,
            "positive_terminal_node": true,
            "negative_terminal_node": true
      },
      {
            "name": "G164",
            "nodes": 9,
            "edges": 14,
            "roots": 1,
            "positive_terminal_node": true,
            "negative_terminal_node": true
      },
      {
            "name": "G225",
            "nodes": 1743,
            "edges": 3482,
            "roots": 1,
            "positive_terminal_node": true,
            "negative_terminal_node": true
      },
      {
            "name": "G277",
            "nodes": 3,
            "edges": 2,
            "roots": 1,
            "positive_terminal_node": true,
            "negative_terminal_node": true
      },
      {
            "name": "G150",
            "nodes": 1004,
            "edges": 2004,
            "roots": 1,
            "positive_terminal_node": true,
            "negative_terminal_node": true
      },
      {
            "name": "G148",
            "nodes": 17,
            "edges": 30,
            "roots": 1,
            "positive_terminal_node": true,
            "negative_terminal_node": true
      },
      {
            "name": "G271",
            "nodes": 3,
            "edges": 2,
            "roots": 1,
            "positive_terminal_node": true,
            "negative_terminal_node": true
      },
      {
            "name": "G265",
            "nodes": 3,
            "edges": 2,
            "roots": 1,
            "positive_terminal_node": true,
            "negative_terminal_node": true
      },
      {
            "name": "G321",
            "nodes": 17,
            "edges": 30,
            "roots": 1,
            "positive_terminal_node": true,
            "negative_terminal_node": true
      },
      {
            "name": "G208",
            "nodes": 3,
            "edges": 2,
            "roots": 1,
            "positive_terminal_node": true,
            "negative_terminal_node": true
      },
      {
            "name": "G182",
            "nodes": 3,
            "edges": 2,
            "roots": 1,
            "positive_terminal_node": true,
            "negative_terminal_node": true
      },
      {
            "name": "G171",
            "nodes": 9,
            "edges": 14,
            "roots": 1,
            "positive_terminal_node": true,
            "negative_terminal_node": true
      },
      {
            "name": "G189",
            "nodes": 3,
            "edges": 2,
            "roots": 1,
            "positive_terminal_node": true,
            "negative_terminal_node": true
      },
      {
            "name": "G350",
            "nodes": 3,
            "edges": 2,
            "roots": 1,
            "positive_terminal_node": true,
            "negative_terminal_node": true
      },
      {
            "name": "G269",
            "nodes": 3,
            "edges": 2,
            "roots": 1,
            "positive_terminal_node": true,
            "negative_terminal_node": true
      },
      {
            "name": "G168",
            "nodes": 9,
            "edges": 14,
            "roots": 1,
            "positive_terminal_node": true,
            "negative_terminal_node": true
      },
      {
            "name": "G329",
            "nodes": 1701,
            "edges": 3398,
            "roots": 1,
            "positive_terminal_node": true,
            "negative_terminal_node": true
      },
      {
            "name": "G181",
            "nodes": 3,
            "edges": 2,
            "roots": 1,
            "positive_terminal_node": true,
            "negative_terminal_node": true
      },
      {
            "name": "G206",
            "nodes": 3,
            "edges": 2,
            "roots": 1,
            "positive_terminal_node": true,
            "negative_terminal_node": true
      },
      {
            "name": "G249",
            "nodes": 3,
            "edges": 2,
            "roots": 1,
            "positive_terminal_node": true,
            "negative_terminal_node": true
      },
      {
            "name": "G248",
            "nodes": 3,
            "edges": 2,
            "roots": 1,
            "positive_terminal_node": true,
            "negative_terminal_node": true
      },
      {
            "name": "G176",
            "nodes": 16,
            "edges": 28,
            "roots": 1,
            "positive_terminal_node": true,
            "negative_terminal_node": true
      },
      {
            "name": "G223",
            "nodes": 4,
            "edges": 4,
            "roots": 1,
            "positive_terminal_node": true,
            "negative_terminal_node": true
      },
      {
            "name": "G179",
            "nodes": 3,
            "edges": 2,
            "roots": 1,
            "positive_terminal_node": true,
            "negative_terminal_node": true
      },
      {
            "name": "G169",
            "nodes": 3,
            "edges": 2,
            "roots": 1,
            "positive_terminal_node": true,
            "negative_terminal_node": true
      },
      {
            "name": "G199",
            "nodes": 3,
            "edges": 2,
            "roots": 1,
            "positive_terminal_node": true,
            "negative_terminal_node": true
      },
      {
            "name": "G245",
            "nodes": 3,
            "edges": 2,
            "roots": 1,
            "positive_terminal_node": true,
            "negative_terminal_node": true
      },
      {
            "name": "G214",
            "nodes": 3,
            "edges": 2,
            "roots": 1,
            "positive_terminal_node": true,
            "negative_terminal_node": true
      },
      {
            "name": "G397",
            "nodes": 80,
            "edges": 156,
            "roots": 1,
            "positive_terminal_node": true,
            "negative_terminal_node": true
      },
      {
            "name": "G272",
            "nodes": 3,
            "edges": 2,
            "roots": 1,
            "positive_terminal_node": true,
            "negative_terminal_node": true
      },
      {
            "name": "G235",
            "nodes": 3,
            "edges": 2,
            "roots": 1,
            "positive_terminal_node": true,
            "negative_terminal_node": true
      },
      {
            "name": "G209",
            "nodes": 3,
            "edges": 2,
            "roots": 1,
            "positive_terminal_node": true,
            "negative_terminal_node": true
      },
      {
            "name": "G212",
            "nodes": 3,
            "edges": 2,
            "roots": 1,
            "positive_terminal_node": true,
            "negative_terminal_node": true
      },
      {
            "name": "G279",
            "nodes": 3,
            "edges": 2,
            "roots": 1,
            "positive_terminal_node": true,
            "negative_terminal_node": true
      },
      {
            "name": "G162",
            "nodes": 9,
            "edges": 14,
            "roots": 1,
            "positive_terminal_node": true,
            "negative_terminal_node": true
      },
      {
            "name": "G207",
            "nodes": 3,
            "edges": 2,
            "roots": 1,
            "positive_terminal_node": true,
            "negative_terminal_node": true
      },
      {
            "name": "G213",
            "nodes": 3,
            "edges": 2,
            "roots": 1,
            "positive_terminal_node": true,
            "negative_terminal_node": true
      },
      {
            "name": "G185",
            "nodes": 3,
            "edges": 2,
            "roots": 1,
            "positive_terminal_node": true,
            "negative_terminal_node": true
      },
      {
            "name": "G257",
            "nodes": 3,
            "edges": 2,
            "roots": 1,
            "positive_terminal_node": true,
            "negative_terminal_node": true
      },
      {
            "name": "G173",
            "nodes": 4,
            "edges": 4,
            "roots": 1,
            "positive_terminal_node": true,
            "negative_terminal_node": true
      },
      {
            "name": "G229",
            "nodes": 21,
            "edges": 38,
            "roots": 1,
            "positive_terminal_node": true,
            "negative_terminal_node": true
      },
      {
            "name": "G273",
            "nodes": 3,
            "edges": 2,
            "roots": 1,
            "positive_terminal_node": true,
            "negative_terminal_node": true
      },
      {
            "name": "G280",
            "nodes": 17,
            "edges": 30,
            "roots": 1,
            "positive_terminal_node": true,
            "negative_terminal_node": true
      },
      {
            "name": "G201",
            "nodes": 3,
            "edges": 2,
            "roots": 1,
            "positive_terminal_node": true,
            "negative_terminal_node": true
      },
      {
            "name": "G242",
            "nodes": 3,
            "edges": 2,
            "roots": 1,
            "positive_terminal_node": true,
            "negative_terminal_node": true
      },
      {
            "name": "G178",
            "nodes": 3,
            "edges": 2,
            "roots": 1,
            "positive_terminal_node": true,
            "negative_terminal_node": true
      },
      {
            "name": "G275",
            "nodes": 3,
            "edges": 2,
            "roots": 1,
            "positive_terminal_node": true,
            "negative_terminal_node": true
      },
      {
            "name": "G261",
            "nodes": 10,
            "edges": 16,
            "roots": 1,
            "positive_terminal_node": true,
            "negative_terminal_node": true
      },
      {
            "name": "G218",
            "nodes": 3,
            "edges": 2,
            "roots": 1,
            "positive_terminal_node": true,
            "negative_terminal_node": true
      },
      {
            "name": "G337",
            "nodes": 3,
            "edges": 2,
            "roots": 1,
            "positive_terminal_node": true,
            "negative_terminal_node": true
      },
      {
            "name": "G255",
            "nodes": 3,
            "edges": 2,
            "roots": 1,
            "positive_terminal_node": true,
            "negative_terminal_node": true
      },
      {
            "name": "G183",
            "nodes": 3,
            "edges": 2,
            "roots": 1,
            "positive_terminal_node": true,
            "negative_terminal_node": true
      },
      {
            "name": "G194",
            "nodes": 3,
            "edges": 2,
            "roots": 1,
            "positive_terminal_node": true,
            "negative_terminal_node": true
      },
      {
            "name": "G202",
            "nodes": 3,
            "edges": 2,
            "roots": 1,
            "positive_terminal_node": true,
            "negative_terminal_node": true
      },
      {
            "name": "G243",
            "nodes": 3,
            "edges": 2,
            "roots": 1,
            "positive_terminal_node": true,
            "negative_terminal_node": true
      },
      {
            "name": "G367",
            "nodes": 3,
            "edges": 2,
            "roots": 1,
            "positive_terminal_node": true,
            "negative_terminal_node": true
      },
      {
            "name": "G267",
            "nodes": 3,
            "edges": 2,
            "roots": 1,
            "positive_terminal_node": true,
            "negative_terminal_node": true
      },
      {
            "name": "G253",
            "nodes": 3,
            "edges": 2,
            "roots": 1,
            "positive_terminal_node": true,
            "negative_terminal_node": true
      },
      {
            "name": "G160",
            "nodes": 9,
            "edges": 14,
            "roots": 1,
            "positive_terminal_node": true,
            "negative_terminal_node": true
      },
      {
            "name": "G325",
            "nodes": 10,
            "edges": 16,
            "roots": 1,
            "positive_terminal_node": true,
            "negative_terminal_node": true
      },
      {
            "name": "G299",
            "nodes": 9,
            "edges": 14,
            "roots": 1,
            "positive_terminal_node": true,
            "negative_terminal_node": true
      },
      {
            "name": "G193",
            "nodes": 3,
            "edges": 2,
            "roots": 1,
            "positive_terminal_node": true,
            "negative_terminal_node": true
      },
      {
            "name": "G411",
            "nodes": 3,
            "edges": 2,
            "roots": 1,
            "positive_terminal_node": true,
            "negative_terminal_node": true
      },
      {
            "name": "G311",
            "nodes": 1004,
            "edges": 2004,
            "roots": 1,
            "positive_terminal_node": true,
            "negative_terminal_node": true
      },
      {
            "name": "G250",
            "nodes": 3,
            "edges": 2,
            "roots": 1,
            "positive_terminal_node": true,
            "negative_terminal_node": true
      },
      {
            "name": "G395",
            "nodes": 74,
            "edges": 144,
            "roots": 1,
            "positive_terminal_node": true,
            "negative_terminal_node": true
      },
      {
            "name": "G262",
            "nodes": 3,
            "edges": 2,
            "roots": 1,
            "positive_terminal_node": true,
            "negative_terminal_node": true
      },
      {
            "name": "G319",
            "nodes": 12,
            "edges": 20,
            "roots": 1,
            "positive_terminal_node": true,
            "negative_terminal_node": true
      },
      {
            "name": "G174",
            "nodes": 3,
            "edges": 2,
            "roots": 1,
            "positive_terminal_node": true,
            "negative_terminal_node": true
      },
      {
            "name": "G384",
            "nodes": 3,
            "edges": 2,
            "roots": 1,
            "positive_terminal_node": true,
            "negative_terminal_node": true
      },
      {
            "name": "G211",
            "nodes": 3,
            "edges": 2,
            "roots": 1,
            "positive_terminal_node": true,
            "negative_terminal_node": true
      },
      {
            "name": "G301",
            "nodes": 9,
            "edges": 14,
            "roots": 1,
            "positive_terminal_node": true,
            "negative_terminal_node": true
      },
      {
            "name": "G197",
            "nodes": 3,
            "edges": 2,
            "roots": 1,
            "positive_terminal_node": true,
            "negative_terminal_node": true
      },
      {
            "name": "G369",
            "nodes": 3,
            "edges": 2,
            "roots": 1,
            "positive_terminal_node": true,
            "negative_terminal_node": true
      },
      {
            "name": "G196",
            "nodes": 3,
            "edges": 2,
            "roots": 1,
            "positive_terminal_node": true,
            "negative_terminal_node": true
      },
      {
            "name": "G188",
            "nodes": 17,
            "edges": 30,
            "roots": 1,
            "positive_terminal_node": true,
            "negative_terminal_node": true
      },
      {
            "name": "G266",
            "nodes": 3,
            "edges": 2,
            "roots": 1,
            "positive_terminal_node": true,
            "negative_terminal_node": true
      },
      {
            "name": "G246",
            "nodes": 3,
            "edges": 2,
            "roots": 1,
            "positive_terminal_node": true,
            "negative_terminal_node": true
      },
      {
            "name": "G166",
            "nodes": 9,
            "edges": 14,
            "roots": 1,
            "positive_terminal_node": true,
            "negative_terminal_node": true
      },
      {
            "name": "G217",
            "nodes": 5,
            "edges": 6,
            "roots": 1,
            "positive_terminal_node": true,
            "negative_terminal_node": true
      },
      {
            "name": "G205",
            "nodes": 3,
            "edges": 2,
            "roots": 1,
            "positive_terminal_node": true,
            "negative_terminal_node": true
      },
      {
            "name": "G401",
            "nodes": 22,
            "edges": 40,
            "roots": 1,
            "positive_terminal_node": true,
            "negative_terminal_node": true
      },
      {
            "name": "G303",
            "nodes": 9,
            "edges": 14,
            "roots": 1,
            "positive_terminal_node": true,
            "negative_terminal_node": true
      },
      {
            "name": "G177",
            "nodes": 3,
            "edges": 2,
            "roots": 1,
            "positive_terminal_node": true,
            "negative_terminal_node": true
      },
      {
            "name": "G238",
            "nodes": 3,
            "edges": 2,
            "roots": 1,
            "positive_terminal_node": true,
            "negative_terminal_node": true
      },
      {
            "name": "G264",
            "nodes": 3,
            "edges": 2,
            "roots": 1,
            "positive_terminal_node": true,
            "negative_terminal_node": true
      },
      {
            "name": "G391",
            "nodes": 3,
            "edges": 2,
            "roots": 1,
            "positive_terminal_node": true,
            "negative_terminal_node": true
      },
      {
            "name": "G195",
            "nodes": 3,
            "edges": 2,
            "roots": 1,
            "positive_terminal_node": true,
            "negative_terminal_node": true
      },
      {
            "name": "G254",
            "nodes": 3,
            "edges": 2,
            "roots": 1,
            "positive_terminal_node": true,
            "negative_terminal_node": true
      },
      {
            "name": "G295",
            "nodes": 79,
            "edges": 154,
            "roots": 1,
            "positive_terminal_node": true,
            "negative_terminal_node": true
      },
      {
            "name": "G220",
            "nodes": 3,
            "edges": 2,
            "roots": 1,
            "positive_terminal_node": true,
            "negative_terminal_node": true
      },
      {
            "name": "G237",
            "nodes": 3,
            "edges": 2,
            "roots": 1,
            "positive_terminal_node": true,
            "negative_terminal_node": true
      },
      {
            "name": "G308",
            "nodes": 1742,
            "edges": 3096,
            "roots": 1,
            "positive_terminal_node": true,
            "negative_terminal_node": false
      },
      {
            "name": "G174",
            "nodes": 2,
            "edges": 1,
            "roots": 1,
            "positive_terminal_node": true,
            "negative_terminal_node": false
      },
      {
            "name": "G397",
            "nodes": 79,
            "edges": 147,
            "roots": 1,
            "positive_terminal_node": true,
            "negative_terminal_node": false
      },
      {
            "name": "G231",
            "nodes": 0,
            "edges": 0,
            "roots": 0,
            "positive_terminal_node": false,
            "negative_terminal_node": false
      },
      {
            "name": "G202",
            "nodes": 2,
            "edges": 1,
            "roots": 1,
            "positive_terminal_node": true,
            "negative_terminal_node": false
      },
      {
            "name": "G297",
            "nodes": 16,
            "edges": 22,
            "roots": 1,
            "positive_terminal_node": true,
            "negative_terminal_node": false
      },
      {
            "name": "G150",
            "nodes": 1003,
            "edges": 1994,
            "roots": 1,
            "positive_terminal_node": true,
            "negative_terminal_node": false
      },
      {
            "name": "G272",
            "nodes": 2,
            "edges": 1,
            "roots": 1,
            "positive_terminal_node": true,
            "negative_terminal_node": false
      },
      {
            "name": "G337",
            "nodes": 2,
            "edges": 1,
            "roots": 1,
            "positive_terminal_node": true,
            "negative_terminal_node": false
      },
      {
            "name": "G288",
            "nodes": 7,
            "edges": 9,
            "roots": 1,
            "positive_terminal_node": true,
            "negative_terminal_node": false
      },
      {
            "name": "G184",
            "nodes": 2,
            "edges": 1,
            "roots": 1,
            "positive_terminal_node": true,
            "negative_terminal_node": false
      },
      {
            "name": "G195",
            "nodes": 2,
            "edges": 1,
            "roots": 1,
            "positive_terminal_node": true,
            "negative_terminal_node": false
      },
      {
            "name": "G241",
            "nodes": 2,
            "edges": 1,
            "roots": 1,
            "positive_terminal_node": true,
            "negative_terminal_node": false
      },
      {
            "name": "G251",
            "nodes": 2,
            "edges": 1,
            "roots": 1,
            "positive_terminal_node": true,
            "negative_terminal_node": false
      },
      {
            "name": "G214",
            "nodes": 2,
            "edges": 1,
            "roots": 1,
            "positive_terminal_node": true,
            "negative_terminal_node": false
      },
      {
            "name": "G217",
            "nodes": 4,
            "edges": 5,
            "roots": 1,
            "positive_terminal_node": true,
            "negative_terminal_node": false
      },
      {
            "name": "G246",
            "nodes": 2,
            "edges": 1,
            "roots": 1,
            "positive_terminal_node": true,
            "negative_terminal_node": false
      },
      {
            "name": "G311",
            "nodes": 1003,
            "edges": 1420,
            "roots": 1,
            "positive_terminal_node": true,
            "negative_terminal_node": false
      },
      {
            "name": "G169",
            "nodes": 2,
            "edges": 1,
            "roots": 1,
            "positive_terminal_node": true,
            "negative_terminal_node": false
      },
      {
            "name": "G225",
            "nodes": 1742,
            "edges": 3472,
            "roots": 1,
            "positive_terminal_node": true,
            "negative_terminal_node": false
      },
      {
            "name": "G239",
            "nodes": 2,
            "edges": 1,
            "roots": 1,
            "positive_terminal_node": true,
            "negative_terminal_node": false
      },
      {
            "name": "G282",
            "nodes": 20,
            "edges": 30,
            "roots": 1,
            "positive_terminal_node": true,
            "negative_terminal_node": false
      },
      {
            "name": "G208",
            "nodes": 2,
            "edges": 1,
            "roots": 1,
            "positive_terminal_node": true,
            "negative_terminal_node": false
      },
      {
            "name": "G249",
            "nodes": 2,
            "edges": 1,
            "roots": 1,
            "positive_terminal_node": true,
            "negative_terminal_node": false
      },
      {
            "name": "G259",
            "nodes": 4,
            "edges": 5,
            "roots": 1,
            "positive_terminal_node": true,
            "negative_terminal_node": false
      },
      {
            "name": "G264",
            "nodes": 2,
            "edges": 1,
            "roots": 1,
            "positive_terminal_node": true,
            "negative_terminal_node": false
      },
      {
            "name": "G203",
            "nodes": 2,
            "edges": 1,
            "roots": 1,
            "positive_terminal_node": true,
            "negative_terminal_node": false
      },
      {
            "name": "G252",
            "nodes": 2,
            "edges": 1,
            "roots": 1,
            "positive_terminal_node": true,
            "negative_terminal_node": false
      },
      {
            "name": "G261",
            "nodes": 9,
            "edges": 15,
            "roots": 1,
            "positive_terminal_node": true,
            "negative_terminal_node": false
      },
      {
            "name": "G181",
            "nodes": 2,
            "edges": 1,
            "roots": 1,
            "positive_terminal_node": true,
            "negative_terminal_node": false
      },
      {
            "name": "G268",
            "nodes": 2,
            "edges": 1,
            "roots": 1,
            "positive_terminal_node": true,
            "negative_terminal_node": false
      },
      {
            "name": "G301",
            "nodes": 8,
            "edges": 10,
            "roots": 1,
            "positive_terminal_node": true,
            "negative_terminal_node": false
      },
      {
            "name": "G303",
            "nodes": 8,
            "edges": 10,
            "roots": 1,
            "positive_terminal_node": true,
            "negative_terminal_node": false
      },
      {
            "name": "G171",
            "nodes": 8,
            "edges": 10,
            "roots": 1,
            "positive_terminal_node": true,
            "negative_terminal_node": false
      },
      {
            "name": "G242",
            "nodes": 2,
            "edges": 1,
            "roots": 1,
            "positive_terminal_node": true,
            "negative_terminal_node": false
      },
      {
            "name": "G234",
            "nodes": 4,
            "edges": 5,
            "roots": 1,
            "positive_terminal_node": true,
            "negative_terminal_node": false
      },
      {
            "name": "G179",
            "nodes": 2,
            "edges": 1,
            "roots": 1,
            "positive_terminal_node": true,
            "negative_terminal_node": false
      },
      {
            "name": "G162",
            "nodes": 8,
            "edges": 10,
            "roots": 1,
            "positive_terminal_node": true,
            "negative_terminal_node": false
      },
      {
            "name": "G248",
            "nodes": 2,
            "edges": 1,
            "roots": 1,
            "positive_terminal_node": true,
            "negative_terminal_node": false
      },
      {
            "name": "G321",
            "nodes": 16,
            "edges": 22,
            "roots": 1,
            "positive_terminal_node": true,
            "negative_terminal_node": false
      },
      {
            "name": "G335",
            "nodes": 2,
            "edges": 1,
            "roots": 1,
            "positive_terminal_node": true,
            "negative_terminal_node": false
      },
      {
            "name": "G210",
            "nodes": 2,
            "edges": 1,
            "roots": 1,
            "positive_terminal_node": true,
            "negative_terminal_node": false
      },
      {
            "name": "G178",
            "nodes": 2,
            "edges": 1,
            "roots": 1,
            "positive_terminal_node": true,
            "negative_terminal_node": false
      },
      {
            "name": "G278",
            "nodes": 2,
            "edges": 1,
            "roots": 1,
            "positive_terminal_node": true,
            "negative_terminal_node": false
      },
      {
            "name": "G207",
            "nodes": 2,
            "edges": 1,
            "roots": 1,
            "positive_terminal_node": true,
            "negative_terminal_node": false
      },
      {
            "name": "G176",
            "nodes": 15,
            "edges": 26,
            "roots": 1,
            "positive_terminal_node": true,
            "negative_terminal_node": false
      },
      {
            "name": "G253",
            "nodes": 2,
            "edges": 1,
            "roots": 1,
            "positive_terminal_node": true,
            "negative_terminal_node": false
      },
      {
            "name": "G204",
            "nodes": 2,
            "edges": 1,
            "roots": 1,
            "positive_terminal_node": true,
            "negative_terminal_node": false
      },
      {
            "name": "G266",
            "nodes": 2,
            "edges": 1,
            "roots": 1,
            "positive_terminal_node": true,
            "negative_terminal_node": false
      },
      {
            "name": "G213",
            "nodes": 2,
            "edges": 1,
            "roots": 1,
            "positive_terminal_node": true,
            "negative_terminal_node": false
      },
      {
            "name": "G279",
            "nodes": 2,
            "edges": 1,
            "roots": 1,
            "positive_terminal_node": true,
            "negative_terminal_node": false
      },
      {
            "name": "G384",
            "nodes": 2,
            "edges": 1,
            "roots": 1,
            "positive_terminal_node": true,
            "negative_terminal_node": false
      },
      {
            "name": "G186",
            "nodes": 2,
            "edges": 1,
            "roots": 1,
            "positive_terminal_node": true,
            "negative_terminal_node": false
      },
      {
            "name": "G265",
            "nodes": 2,
            "edges": 1,
            "roots": 1,
            "positive_terminal_node": true,
            "negative_terminal_node": false
      },
      {
            "name": "G286",
            "nodes": 8,
            "edges": 10,
            "roots": 1,
            "positive_terminal_node": true,
            "negative_terminal_node": false
      },
      {
            "name": "G211",
            "nodes": 2,
            "edges": 1,
            "roots": 1,
            "positive_terminal_node": true,
            "negative_terminal_node": false
      },
      {
            "name": "G223",
            "nodes": 3,
            "edges": 3,
            "roots": 1,
            "positive_terminal_node": true,
            "negative_terminal_node": false
      },
      {
            "name": "G271",
            "nodes": 2,
            "edges": 1,
            "roots": 1,
            "positive_terminal_node": true,
            "negative_terminal_node": false
      },
      {
            "name": "G227",
            "nodes": 16,
            "edges": 28,
            "roots": 1,
            "positive_terminal_node": true,
            "negative_terminal_node": false
      },
      {
            "name": "G218",
            "nodes": 2,
            "edges": 1,
            "roots": 1,
            "positive_terminal_node": true,
            "negative_terminal_node": false
      },
      {
            "name": "G168",
            "nodes": 8,
            "edges": 10,
            "roots": 1,
            "positive_terminal_node": true,
            "negative_terminal_node": false
      },
      {
            "name": "G245",
            "nodes": 2,
            "edges": 1,
            "roots": 1,
            "positive_terminal_node": true,
            "negative_terminal_node": false
      },
      {
            "name": "G192",
            "nodes": 2,
            "edges": 1,
            "roots": 1,
            "positive_terminal_node": true,
            "negative_terminal_node": false
      },
      {
            "name": "G411",
            "nodes": 2,
            "edges": 1,
            "roots": 1,
            "positive_terminal_node": true,
            "negative_terminal_node": false
      },
      {
            "name": "G329",
            "nodes": 1700,
            "edges": 3362,
            "roots": 1,
            "positive_terminal_node": true,
            "negative_terminal_node": false
      },
      {
            "name": "G250",
            "nodes": 2,
            "edges": 1,
            "roots": 1,
            "positive_terminal_node": true,
            "negative_terminal_node": false
      },
      {
            "name": "G244",
            "nodes": 2,
            "edges": 1,
            "roots": 1,
            "positive_terminal_node": true,
            "negative_terminal_node": false
      },
      {
            "name": "G325",
            "nodes": 9,
            "edges": 8,
            "roots": 1,
            "positive_terminal_node": true,
            "negative_terminal_node": false
      },
      {
            "name": "G188",
            "nodes": 16,
            "edges": 28,
            "roots": 1,
            "positive_terminal_node": true,
            "negative_terminal_node": false
      },
      {
            "name": "G220",
            "nodes": 2,
            "edges": 1,
            "roots": 1,
            "positive_terminal_node": true,
            "negative_terminal_node": false
      },
      {
            "name": "G409",
            "nodes": 2,
            "edges": 1,
            "roots": 1,
            "positive_terminal_node": true,
            "negative_terminal_node": false
      },
      {
            "name": "G305",
            "nodes": 8,
            "edges": 10,
            "roots": 1,
            "positive_terminal_node": true,
            "negative_terminal_node": false
      },
      {
            "name": "G160",
            "nodes": 8,
            "edges": 10,
            "roots": 1,
            "positive_terminal_node": true,
            "negative_terminal_node": false
      },
      {
            "name": "G229",
            "nodes": 20,
            "edges": 36,
            "roots": 1,
            "positive_terminal_node": true,
            "negative_terminal_node": false
      },
      {
            "name": "G205",
            "nodes": 2,
            "edges": 1,
            "roots": 1,
            "positive_terminal_node": true,
            "negative_terminal_node": false
      },
      {
            "name": "G319",
            "nodes": 11,
            "edges": 12,
            "roots": 1,
            "positive_terminal_node": true,
            "negative_terminal_node": false
      },
      {
            "name": "G219",
            "nodes": 2,
            "edges": 1,
            "roots": 1,
            "positive_terminal_node": true,
            "negative_terminal_node": false
      },
      {
            "name": "G183",
            "nodes": 2,
            "edges": 1,
            "roots": 1,
            "positive_terminal_node": true,
            "negative_terminal_node": false
      },
      {
            "name": "G274",
            "nodes": 2,
            "edges": 1,
            "roots": 1,
            "positive_terminal_node": true,
            "negative_terminal_node": false
      },
      {
            "name": "G391",
            "nodes": 2,
            "edges": 1,
            "roots": 1,
            "positive_terminal_node": true,
            "negative_terminal_node": false
      },
      {
            "name": "G196",
            "nodes": 2,
            "edges": 1,
            "roots": 1,
            "positive_terminal_node": true,
            "negative_terminal_node": false
      },
      {
            "name": "G369",
            "nodes": 2,
            "edges": 1,
            "roots": 1,
            "positive_terminal_node": true,
            "negative_terminal_node": false
      },
      {
            "name": "G193",
            "nodes": 2,
            "edges": 1,
            "roots": 1,
            "positive_terminal_node": true,
            "negative_terminal_node": false
      },
      {
            "name": "G284",
            "nodes": 16,
            "edges": 22,
            "roots": 1,
            "positive_terminal_node": true,
            "negative_terminal_node": false
      },
      {
            "name": "G156",
            "nodes": 17,
            "edges": 24,
            "roots": 1,
            "positive_terminal_node": true,
            "negative_terminal_node": false
      },
      {
            "name": "G212",
            "nodes": 2,
            "edges": 1,
            "roots": 1,
            "positive_terminal_node": true,
            "negative_terminal_node": false
      },
      {
            "name": "G273",
            "nodes": 2,
            "edges": 1,
            "roots": 1,
            "positive_terminal_node": true,
            "negative_terminal_node": false
      },
      {
            "name": "G269",
            "nodes": 2,
            "edges": 1,
            "roots": 1,
            "positive_terminal_node": true,
            "negative_terminal_node": false
      },
      {
            "name": "G247",
            "nodes": 2,
            "edges": 1,
            "roots": 1,
            "positive_terminal_node": true,
            "negative_terminal_node": false
      },
      {
            "name": "G180",
            "nodes": 2,
            "edges": 1,
            "roots": 1,
            "positive_terminal_node": true,
            "negative_terminal_node": false
      },
      {
            "name": "G182",
            "nodes": 2,
            "edges": 1,
            "roots": 1,
            "positive_terminal_node": true,
            "negative_terminal_node": false
      },
      {
            "name": "G177",
            "nodes": 2,
            "edges": 1,
            "roots": 1,
            "positive_terminal_node": true,
            "negative_terminal_node": false
      },
      {
            "name": "G255",
            "nodes": 2,
            "edges": 1,
            "roots": 1,
            "positive_terminal_node": true,
            "negative_terminal_node": false
      },
      {
            "name": "G189",
            "nodes": 2,
            "edges": 1,
            "roots": 1,
            "positive_terminal_node": true,
            "negative_terminal_node": false
      },
      {
            "name": "G194",
            "nodes": 2,
            "edges": 1,
            "roots": 1,
            "positive_terminal_node": true,
            "negative_terminal_node": false
      },
      {
            "name": "G199",
            "nodes": 2,
            "edges": 1,
            "roots": 1,
            "positive_terminal_node": true,
            "negative_terminal_node": false
      },
      {
            "name": "G276",
            "nodes": 2,
            "edges": 1,
            "roots": 1,
            "positive_terminal_node": true,
            "negative_terminal_node": false
      },
      {
            "name": "G240",
            "nodes": 2,
            "edges": 1,
            "roots": 1,
            "positive_terminal_node": true,
            "negative_terminal_node": false
      },
      {
            "name": "G280",
            "nodes": 16,
            "edges": 22,
            "roots": 1,
            "positive_terminal_node": true,
            "negative_terminal_node": false
      },
      {
            "name": "G190",
            "nodes": 2,
            "edges": 1,
            "roots": 1,
            "positive_terminal_node": true,
            "negative_terminal_node": false
      },
      {
            "name": "G236",
            "nodes": 2,
            "edges": 1,
            "roots": 1,
            "positive_terminal_node": true,
            "negative_terminal_node": false
      },
      {
            "name": "G164",
            "nodes": 8,
            "edges": 10,
            "roots": 1,
            "positive_terminal_node": true,
            "negative_terminal_node": false
      },
      {
            "name": "G158",
            "nodes": 5,
            "edges": 7,
            "roots": 1,
            "positive_terminal_node": true,
            "negative_terminal_node": false
      },
      {
            "name": "G243",
            "nodes": 2,
            "edges": 1,
            "roots": 1,
            "positive_terminal_node": true,
            "negative_terminal_node": false
      },
      {
            "name": "G270",
            "nodes": 2,
            "edges": 1,
            "roots": 1,
            "positive_terminal_node": true,
            "negative_terminal_node": false
      },
      {
            "name": "G235",
            "nodes": 2,
            "edges": 1,
            "roots": 1,
            "positive_terminal_node": true,
            "negative_terminal_node": false
      },
      {
            "name": "G257",
            "nodes": 2,
            "edges": 1,
            "roots": 1,
            "positive_terminal_node": true,
            "negative_terminal_node": false
      },
      {
            "name": "G200",
            "nodes": 2,
            "edges": 1,
            "roots": 1,
            "positive_terminal_node": true,
            "negative_terminal_node": false
      },
      {
            "name": "G215",
            "nodes": 2,
            "edges": 1,
            "roots": 1,
            "positive_terminal_node": true,
            "negative_terminal_node": false
      },
      {
            "name": "G148",
            "nodes": 16,
            "edges": 26,
            "roots": 1,
            "positive_terminal_node": true,
            "negative_terminal_node": false
      },
      {
            "name": "G267",
            "nodes": 2,
            "edges": 1,
            "roots": 1,
            "positive_terminal_node": true,
            "negative_terminal_node": false
      },
      {
            "name": "G166",
            "nodes": 8,
            "edges": 10,
            "roots": 1,
            "positive_terminal_node": true,
            "negative_terminal_node": false
      },
      {
            "name": "G331",
            "nodes": 78,
            "edges": 142,
            "roots": 1,
            "positive_terminal_node": true,
            "negative_terminal_node": false
      },
      {
            "name": "G295",
            "nodes": 78,
            "edges": 142,
            "roots": 1,
            "positive_terminal_node": true,
            "negative_terminal_node": false
      },
      {
            "name": "G275",
            "nodes": 2,
            "edges": 1,
            "roots": 1,
            "positive_terminal_node": true,
            "negative_terminal_node": false
      },
      {
            "name": "G367",
            "nodes": 2,
            "edges": 1,
            "roots": 1,
            "positive_terminal_node": true,
            "negative_terminal_node": false
      },
      {
            "name": "G201",
            "nodes": 2,
            "edges": 1,
            "roots": 1,
            "positive_terminal_node": true,
            "negative_terminal_node": false
      },
      {
            "name": "G263",
            "nodes": 2,
            "edges": 1,
            "roots": 1,
            "positive_terminal_node": true,
            "negative_terminal_node": false
      },
      {
            "name": "G145",
            "nodes": 36,
            "edges": 62,
            "roots": 1,
            "positive_terminal_node": true,
            "negative_terminal_node": false
      },
      {
            "name": "G323",
            "nodes": 20,
            "edges": 30,
            "roots": 1,
            "positive_terminal_node": true,
            "negative_terminal_node": false
      },
      {
            "name": "G173",
            "nodes": 3,
            "edges": 2,
            "roots": 1,
            "positive_terminal_node": true,
            "negative_terminal_node": false
      },
      {
            "name": "G197",
            "nodes": 2,
            "edges": 1,
            "roots": 1,
            "positive_terminal_node": true,
            "negative_terminal_node": false
      },
      {
            "name": "G221",
            "nodes": 2,
            "edges": 1,
            "roots": 1,
            "positive_terminal_node": true,
            "negative_terminal_node": false
      },
      {
            "name": "G401",
            "nodes": 21,
            "edges": 37,
            "roots": 1,
            "positive_terminal_node": true,
            "negative_terminal_node": false
      },
      {
            "name": "G153",
            "nodes": 9,
            "edges": 12,
            "roots": 1,
            "positive_terminal_node": true,
            "negative_terminal_node": false
      },
      {
            "name": "G290",
            "nodes": 8,
            "edges": 10,
            "roots": 1,
            "positive_terminal_node": true,
            "negative_terminal_node": false
      },
      {
            "name": "G191",
            "nodes": 2,
            "edges": 1,
            "roots": 1,
            "positive_terminal_node": true,
            "negative_terminal_node": false
      },
      {
            "name": "G209",
            "nodes": 2,
            "edges": 1,
            "roots": 1,
            "positive_terminal_node": true,
            "negative_terminal_node": false
      },
      {
            "name": "G262",
            "nodes": 2,
            "edges": 1,
            "roots": 1,
            "positive_terminal_node": true,
            "negative_terminal_node": false
      },
      {
            "name": "G350",
            "nodes": 2,
            "edges": 1,
            "roots": 1,
            "positive_terminal_node": true,
            "negative_terminal_node": false
      },
      {
            "name": "G256",
            "nodes": 2,
            "edges": 1,
            "roots": 1,
            "positive_terminal_node": true,
            "negative_terminal_node": false
      },
      {
            "name": "G277",
            "nodes": 2,
            "edges": 1,
            "roots": 1,
            "positive_terminal_node": true,
            "negative_terminal_node": false
      },
      {
            "name": "G254",
            "nodes": 2,
            "edges": 1,
            "roots": 1,
            "positive_terminal_node": true,
            "negative_terminal_node": false
      },
      {
            "name": "G395",
            "nodes": 73,
            "edges": 135,
            "roots": 1,
            "positive_terminal_node": true,
            "negative_terminal_node": false
      },
      {
            "name": "G185",
            "nodes": 2,
            "edges": 1,
            "roots": 1,
            "positive_terminal_node": true,
            "negative_terminal_node": false
      },
      {
            "name": "G237",
            "nodes": 2,
            "edges": 1,
            "roots": 1,
            "positive_terminal_node": true,
            "negative_terminal_node": false
      },
      {
            "name": "G198",
            "nodes": 2,
            "edges": 1,
            "roots": 1,
            "positive_terminal_node": true,
            "negative_terminal_node": false
      },
      {
            "name": "G206",
            "nodes": 2,
            "edges": 1,
            "roots": 1,
            "positive_terminal_node": true,
            "negative_terminal_node": false
      },
      {
            "name": "G299",
            "nodes": 8,
            "edges": 10,
            "roots": 1,
            "positive_terminal_node": true,
            "negative_terminal_node": false
      },
      {
            "name": "G238",
            "nodes": 2,
            "edges": 1,
            "roots": 1,
            "positive_terminal_node": true,
            "negative_terminal_node": false
      }
]
