[
      {
            "name": "God6",
            "nodes": 4301,
            "edges": 8598,
            "roots": 1,
            "positive_terminal_node": true,
            "negative_terminal_node": true
      },
      {
            "name": "God19",
            "nodes": 2414,
            "edges": 4824,
            "roots": 1,
            "positive_terminal_node": true,
            "negative_terminal_node": true
      },
      {
            "name": "God16",
            "nodes": 3581,
            "edges": 7158,
            "roots": 1,
            "positive_terminal_node": true,
            "negative_terminal_node": true
      },
      {
            "name": "God20",
            "nodes": 3581,
            "edges": 7158,
            "roots": 1,
            "positive_terminal_node": true,
            "negative_terminal_node": true
      },
      {
            "name": "God2",
            "nodes": 4301,
            "edges": 8598,
            "roots": 1,
            "positive_terminal_node": true,
            "negative_terminal_node": true
      },
      {
            "name": "God12",
            "nodes": 4093,
            "edges": 8182,
            "roots": 1,
            "positive_terminal_node": true,
            "negative_terminal_node": true
      },
      {
            "name": "God25",
            "nodes": 2910,
            "edges": 5816,
            "roots": 1,
            "positive_terminal_node": true,
            "negative_terminal_node": true
      },
      {
            "name": "God31",
            "nodes": 2218,
            "edges": 4432,
            "roots": 1,
            "positive_terminal_node": true,
            "negative_terminal_node": true
      },
      {
            "name": "God15",
            "nodes": 4157,
            "edges": 8310,
            "roots": 1,
            "positive_terminal_node": true,
            "negative_terminal_node": true
      },
      {
            "name": "God26",
            "nodes": 2310,
            "edges": 4616,
            "roots": 1,
            "positive_terminal_node": true,
            "negative_terminal_node": true
      },
      {
            "name": "God22",
            "nodes": 2574,
            "edges": 5144,
            "roots": 1,
            "positive_terminal_node": true,
            "negative_terminal_node": true
      },
      {
            "name": "God13",
            "nodes": 4029,
            "edges": 8054,
            "roots": 1,
            "positive_terminal_node": true,
            "negative_terminal_node": true
      },
      {
            "name": "God24",
            "nodes": 3453,
            "edges": 6902,
            "roots": 1,
            "positive_terminal_node": true,
            "negative_terminal_node": true
      },
      {
            "name": "God9",
            "nodes": 3901,
            "edges": 7798,
            "roots": 1,
            "positive_terminal_node": true,
            "negative_terminal_node": true
      },
      {
            "name": "God27",
            "nodes": 2270,
            "edges": 4536,
            "roots": 1,
            "positive_terminal_node": true,
            "negative_terminal_node": true
      },
      {
            "name": "God30",
            "nodes": 2200,
            "edges": 4396,
            "roots": 1,
            "positive_terminal_node": true,
            "negative_terminal_node": true
      },
      {
            "name": "God10",
            "nodes": 4157,
            "edges": 8310,
            "roots": 1,
            "positive_terminal_node": true,
            "negative_terminal_node": true
      },
      {
            "name": "God21",
            "nodes": 3102,
            "edges": 6200,
            "roots": 1,
            "positive_terminal_node": true,
            "negative_terminal_node": true
      },
      {
            "name": "God29",
            "nodes": 2814,
            "edges": 5624,
            "roots": 1,
            "positive_terminal_node": true,
            "negative_terminal_node": true
      },
      {
            "name": "God14",
            "nodes": 3837,
            "edges": 7670,
            "roots": 1,
            "positive_terminal_node": true,
            "negative_terminal_node": true
      },
      {
            "name": "God28",
            "nodes": 3325,
            "edges": 6646,
            "roots": 1,
            "positive_terminal_node": true,
            "negative_terminal_node": true
      },
      {
            "name": "God4",
            "nodes": 4325,
            "edges": 8646,
            "roots": 1,
            "positive_terminal_node": true,
            "negative_terminal_node": true
      },
      {
            "name": "God1",
            "nodes": 4325,
            "edges": 8646,
            "roots": 1,
            "positive_terminal_node": true,
            "negative_terminal_node": true
      },
      {
            "name": "God18",
            "nodes": 2494,
            "edges": 4984,
            "roots": 1,
            "positive_terminal_node": true,
            "negative_terminal_node": true
      },
      {
            "name": "God11",
            "nodes": 3773,
            "edges": 7542,
            "roots": 1,
            "positive_terminal_node": true,
            "negative_terminal_node": true
      },
      {
            "name": "God5",
            "nodes": 4325,
            "edges": 8646,
            "roots": 1,
            "positive_terminal_node": true,
            "negative_terminal_node": true
      },
      {
            "name": "God17",
            "nodes": 3006,
            "edges": 6008,
            "roots": 1,
            "positive_terminal_node": true,
            "negative_terminal_node": true
      },
      {
            "name": "God7",
            "nodes": 4253,
            "edges": 8502,
            "roots": 1,
            "positive_terminal_node": true,
            "negative_terminal_node": true
      },
      {
            "name": "God0",
            "nodes": 4325,
            "edges": 8646,
            "roots": 1,
            "positive_terminal_node": true,
            "negative_terminal_node": true
      },
      {
            "name": "God3",
            "nodes": 4253,
            "edges": 8502,
            "roots": 1,
            "positive_terminal_node": true,
            "negative_terminal_node": true
      },
      {
            "name": "God8",
            "nodes": 3965,
            "edges": 7926,
            "roots": 1,
            "positive_terminal_node": true,
            "negative_terminal_node": true
      },
      {
            "name": "God23",
            "nodes": 2574,
            "edges": 5144,
            "roots": 1,
            "positive_terminal_node": true,
            "negative_terminal_node": true
      },
      {
            "name": "God19",
            "nodes": 2413,
            "edges": 4675,
            "roots": 1,
            "positive_terminal_node": true,
            "negative_terminal_node": false
      },
      {
            "name": "God12",
            "nodes": 4092,
            "edges": 7794,
            "roots": 1,
            "positive_terminal_node": true,
            "negative_terminal_node": false
      },
      {
            "name": "God26",
            "nodes": 2309,
            "edges": 4539,
            "roots": 1,
            "positive_terminal_node": true,
            "negative_terminal_node": false
      },
      {
            "name": "God31",
            "nodes": 2217,
            "edges": 4397,
            "roots": 1,
            "positive_terminal_node": true,
            "negative_terminal_node": false
      },
      {
            "name": "God23",
            "nodes": 2573,
            "edges": 4987,
            "roots": 1,
            "positive_terminal_node": true,
            "negative_terminal_node": false
      },
      {
            "name": "God25",
            "nodes": 2909,
            "edges": 5539,
            "roots": 1,
            "positive_terminal_node": true,
            "negative_terminal_node": false
      },
      {
            "name": "God16",
            "nodes": 3580,
            "edges": 6770,
            "roots": 1,
            "positive_terminal_node": true,
            "negative_terminal_node": false
      },
      {
            "name": "God20",
            "nodes": 3580,
            "edges": 6770,
            "roots": 1,
            "positive_terminal_node": true,
            "negative_terminal_node": false
      },
      {
            "name": "God2",
            "nodes": 4300,
            "edges": 8210,
            "roots": 1,
            "positive_terminal_node": true,
            "negative_terminal_node": false
      },
      {
            "name": "God7",
            "nodes": 4252,
            "edges": 8114,
            "roots": 1,
            "positive_terminal_node": true,
            "negative_terminal_node": false
      },
      {
            "name": "God11",
            "nodes": 3772,
            "edges": 7154,
            "roots": 1,
            "positive_terminal_node": true,
            "negative_terminal_node": false
      },
      {
            "name": "God6",
            "nodes": 4300,
            "edges": 8210,
            "roots": 1,
            "positive_terminal_node": true,
            "negative_terminal_node": false
      },
      {
            "name": "God22",
            "nodes": 2573,
            "edges": 4987,
            "roots": 1,
            "positive_terminal_node": true,
            "negative_terminal_node": false
      },
      {
            "name": "God5",
            "nodes": 4324,
            "edges": 8258,
            "roots": 1,
            "positive_terminal_node": true,
            "negative_terminal_node": false
      },
      {
            "name": "God17",
            "nodes": 3005,
            "edges": 5731,
            "roots": 1,
            "positive_terminal_node": true,
            "negative_terminal_node": false
      },
      {
            "name": "God30",
            "nodes": 2199,
            "edges": 4363,
            "roots": 1,
            "positive_terminal_node": true,
            "negative_terminal_node": false
      },
      {
            "name": "God14",
            "nodes": 3836,
            "edges": 7282,
            "roots": 1,
            "positive_terminal_node": true,
            "negative_terminal_node": false
      },
      {
            "name": "God10",
            "nodes": 4156,
            "edges": 7922,
            "roots": 1,
            "positive_terminal_node": true,
            "negative_terminal_node": false
      },
      {
            "name": "God4",
            "nodes": 4324,
            "edges": 8258,
            "roots": 1,
            "positive_terminal_node": true,
            "negative_terminal_node": false
      },
      {
            "name": "God1",
            "nodes": 4324,
            "edges": 8258,
            "roots": 1,
            "positive_terminal_node": true,
            "negative_terminal_node": false
      },
      {
            "name": "God0",
            "nodes": 4324,
            "edges": 8258,
            "roots": 1,
            "positive_terminal_node": true,
            "negative_terminal_node": false
      },
      {
            "name": "God13",
            "nodes": 4028,
            "edges": 7666,
            "roots": 1,
            "positive_terminal_node": true,
            "negative_terminal_node": false
      },
      {
            "name": "God28",
            "nodes": 3324,
            "edges": 6258,
            "roots": 1,
            "positive_terminal_node": true,
            "negative_terminal_node": false
      },
      {
            "name": "God18",
            "nodes": 2493,
            "edges": 4827,
            "roots": 1,
            "positive_terminal_node": true,
            "negative_terminal_node": false
      },
      {
            "name": "God3",
            "nodes": 4252,
            "edges": 8114,
            "roots": 1,
            "positive_terminal_node": true,
            "negative_terminal_node": false
      },
      {
            "name": "God29",
            "nodes": 2813,
            "edges": 5355,
            "roots": 1,
            "positive_terminal_node": true,
            "negative_terminal_node": false
      },
      {
            "name": "God9",
            "nodes": 3900,
            "edges": 7410,
            "roots": 1,
            "positive_terminal_node": true,
            "negative_terminal_node": false
      },
      {
            "name": "God15",
            "nodes": 4156,
            "edges": 7922,
            "roots": 1,
            "positive_terminal_node": true,
            "negative_terminal_node": false
      },
      {
            "name": "God21",
            "nodes": 3101,
            "edges": 5923,
            "roots": 1,
            "positive_terminal_node": true,
            "negative_terminal_node": false
      },
      {
            "name": "God24",
            "nodes": 3452,
            "edges": 6514,
            "roots": 1,
            "positive_terminal_node": true,
            "negative_terminal_node": false
      },
      {
            "name": "God27",
            "nodes": 2269,
            "edges": 4463,
            "roots": 1,
            "positive_terminal_node": true,
            "negative_terminal_node": false
      },
      {
            "name": "God8",
            "nodes": 3964,
            "edges": 7538,
            "roots": 1,
            "positive_terminal_node": true,
            "negative_terminal_node": false
      }
]
