[
      {
            "name": "G388gat",
            "nodes": 5,
            "edges": 6,
            "roots": 1,
            "positive_terminal_node": true,
            "negative_terminal_node": true
      },
      {
            "name": "G390gat",
            "nodes": 5,
            "edges": 6,
            "roots": 1,
            "positive_terminal_node": true,
            "negative_terminal_node": true
      },
      {
            "name": "G389gat",
            "nodes": 5,
            "edges": 6,
            "roots": 1,
            "positive_terminal_node": true,
            "negative_terminal_node": true
      },
      {
            "name": "new_n116_",
            "nodes": 5,
            "edges": 6,
            "roots": 1,
            "positive_terminal_node": true,
            "negative_terminal_node": true
      },
      {
            "name": "G391gat",
            "nodes": 4,
            "edges": 4,
            "roots": 1,
            "positive_terminal_node": true,
            "negative_terminal_node": true
      },
      {
            "name": "G418gat",
            "nodes": 6,
            "edges": 8,
            "roots": 1,
            "positive_terminal_node": true,
            "negative_terminal_node": true
      },
      {
            "name": "G420gat",
            "nodes": 5,
            "edges": 6,
            "roots": 1,
            "positive_terminal_node": true,
            "negative_terminal_node": true
      },
      {
            "name": "G421gat",
            "nodes": 5,
            "edges": 6,
            "roots": 1,
            "positive_terminal_node": true,
            "negative_terminal_node": true
      },
      {
            "name": "G422gat",
            "nodes": 5,
            "edges": 6,
            "roots": 1,
            "positive_terminal_node": true,
            "negative_terminal_node": true
      },
      {
            "name": "new_n113_",
            "nodes": 5,
            "edges": 6,
            "roots": 1,
            "positive_terminal_node": true,
            "negative_terminal_node": true
      },
      {
            "name": "G423gat",
            "nodes": 5,
            "edges": 6,
            "roots": 1,
            "positive_terminal_node": true,
            "negative_terminal_node": true
      },
      {
            "name": "G447gat",
            "nodes": 5,
            "edges": 6,
            "roots": 1,
            "positive_terminal_node": true,
            "negative_terminal_node": true
      },
      {
            "name": "new_n114_",
            "nodes": 6,
            "edges": 8,
            "roots": 1,
            "positive_terminal_node": true,
            "negative_terminal_node": true
      },
      {
            "name": "new_n101_",
            "nodes": 6,
            "edges": 8,
            "roots": 1,
            "positive_terminal_node": true,
            "negative_terminal_node": true
      },
      {
            "name": "G450gat",
            "nodes": 5,
            "edges": 6,
            "roots": 1,
            "positive_terminal_node": true,
            "negative_terminal_node": true
      },
      {
            "name": "new_n105_",
            "nodes": 11,
            "edges": 18,
            "roots": 1,
            "positive_terminal_node": true,
            "negative_terminal_node": true
      },
      {
            "name": "new_n107_",
            "nodes": 11,
            "edges": 18,
            "roots": 1,
            "positive_terminal_node": true,
            "negative_terminal_node": true
      },
      {
            "name": "new_n112_",
            "nodes": 7,
            "edges": 10,
            "roots": 1,
            "positive_terminal_node": true,
            "negative_terminal_node": true
      },
      {
            "name": "new_n118_",
            "nodes": 8,
            "edges": 12,
            "roots": 1,
            "positive_terminal_node": true,
            "negative_terminal_node": true
      },
      {
            "name": "new_n120_",
            "nodes": 6,
            "edges": 8,
            "roots": 1,
            "positive_terminal_node": true,
            "negative_terminal_node": true
      },
      {
            "name": "new_n133_",
            "nodes": 4,
            "edges": 4,
            "roots": 1,
            "positive_terminal_node": true,
            "negative_terminal_node": true
      },
      {
            "name": "new_n166_",
            "nodes": 4,
            "edges": 4,
            "roots": 1,
            "positive_terminal_node": true,
            "negative_terminal_node": true
      },
      {
            "name": "new_n170_",
            "nodes": 4,
            "edges": 4,
            "roots": 1,
            "positive_terminal_node": true,
            "negative_terminal_node": true
      },
      {
            "name": "new_n174_",
            "nodes": 4,
            "edges": 4,
            "roots": 1,
            "positive_terminal_node": true,
            "negative_terminal_node": true
      },
      {
            "name": "new_n139_",
            "nodes": 6,
            "edges": 8,
            "roots": 1,
            "positive_terminal_node": true,
            "negative_terminal_node": true
      },
      {
            "name": "G419gat",
            "nodes": 7,
            "edges": 10,
            "roots": 1,
            "positive_terminal_node": true,
            "negative_terminal_node": true
      },
      {
            "name": "G446gat",
            "nodes": 7,
            "edges": 10,
            "roots": 1,
            "positive_terminal_node": true,
            "negative_terminal_node": true
      },
      {
            "name": "new_n115_",
            "nodes": 6,
            "edges": 8,
            "roots": 1,
            "positive_terminal_node": true,
            "negative_terminal_node": true
      },
      {
            "name": "new_n147_",
            "nodes": 6,
            "edges": 8,
            "roots": 1,
            "positive_terminal_node": true,
            "negative_terminal_node": true
      },
      {
            "name": "new_n148_",
            "nodes": 7,
            "edges": 10,
            "roots": 1,
            "positive_terminal_node": true,
            "negative_terminal_node": true
      },
      {
            "name": "new_n151_",
            "nodes": 7,
            "edges": 10,
            "roots": 1,
            "positive_terminal_node": true,
            "negative_terminal_node": true
      },
      {
            "name": "new_n152_",
            "nodes": 8,
            "edges": 12,
            "roots": 1,
            "positive_terminal_node": true,
            "negative_terminal_node": true
      },
      {
            "name": "new_n156_",
            "nodes": 7,
            "edges": 10,
            "roots": 1,
            "positive_terminal_node": true,
            "negative_terminal_node": true
      },
      {
            "name": "new_n160_",
            "nodes": 6,
            "edges": 8,
            "roots": 1,
            "positive_terminal_node": true,
            "negative_terminal_node": true
      },
      {
            "name": "G448gat",
            "nodes": 5,
            "edges": 6,
            "roots": 1,
            "positive_terminal_node": true,
            "negative_terminal_node": true
      },
      {
            "name": "G449gat",
            "nodes": 6,
            "edges": 8,
            "roots": 1,
            "positive_terminal_node": true,
            "negative_terminal_node": true
      },
      {
            "name": "new_n119_",
            "nodes": 8,
            "edges": 12,
            "roots": 1,
            "positive_terminal_node": true,
            "negative_terminal_node": true
      },
      {
            "name": "G767gat",
            "nodes": 13,
            "edges": 22,
            "roots": 1,
            "positive_terminal_node": true,
            "negative_terminal_node": true
      },
      {
            "name": "G768gat",
            "nodes": 13,
            "edges": 22,
            "roots": 1,
            "positive_terminal_node": true,
            "negative_terminal_node": true
      },
      {
            "name": "new_n111_",
            "nodes": 6,
            "edges": 8,
            "roots": 1,
            "positive_terminal_node": true,
            "negative_terminal_node": true
      },
      {
            "name": "new_n125_",
            "nodes": 7,
            "edges": 10,
            "roots": 1,
            "positive_terminal_node": true,
            "negative_terminal_node": true
      },
      {
            "name": "new_n127_",
            "nodes": 7,
            "edges": 10,
            "roots": 1,
            "positive_terminal_node": true,
            "negative_terminal_node": true
      },
      {
            "name": "new_n117_",
            "nodes": 4,
            "edges": 4,
            "roots": 1,
            "positive_terminal_node": true,
            "negative_terminal_node": true
      },
      {
            "name": "new_n126_",
            "nodes": 8,
            "edges": 12,
            "roots": 1,
            "positive_terminal_node": true,
            "negative_terminal_node": true
      },
      {
            "name": "new_n128_",
            "nodes": 8,
            "edges": 12,
            "roots": 1,
            "positive_terminal_node": true,
            "negative_terminal_node": true
      },
      {
            "name": "new_n159_",
            "nodes": 5,
            "edges": 6,
            "roots": 1,
            "positive_terminal_node": true,
            "negative_terminal_node": true
      },
      {
            "name": "new_n142_",
            "nodes": 8,
            "edges": 12,
            "roots": 1,
            "positive_terminal_node": true,
            "negative_terminal_node": true
      },
      {
            "name": "new_n163_",
            "nodes": 6,
            "edges": 8,
            "roots": 1,
            "positive_terminal_node": true,
            "negative_terminal_node": true
      },
      {
            "name": "new_n132_",
            "nodes": 7,
            "edges": 10,
            "roots": 1,
            "positive_terminal_node": true,
            "negative_terminal_node": true
      },
      {
            "name": "new_n146_",
            "nodes": 8,
            "edges": 12,
            "roots": 1,
            "positive_terminal_node": true,
            "negative_terminal_node": true
      },
      {
            "name": "new_n150_",
            "nodes": 6,
            "edges": 8,
            "roots": 1,
            "positive_terminal_node": true,
            "negative_terminal_node": true
      },
      {
            "name": "new_n155_",
            "nodes": 8,
            "edges": 12,
            "roots": 1,
            "positive_terminal_node": true,
            "negative_terminal_node": true
      },
      {
            "name": "new_n157_",
            "nodes": 7,
            "edges": 10,
            "roots": 1,
            "positive_terminal_node": true,
            "negative_terminal_node": true
      },
      {
            "name": "new_n110_",
            "nodes": 6,
            "edges": 8,
            "roots": 1,
            "positive_terminal_node": true,
            "negative_terminal_node": true
      },
      {
            "name": "new_n123_",
            "nodes": 7,
            "edges": 10,
            "roots": 1,
            "positive_terminal_node": true,
            "negative_terminal_node": true
      },
      {
            "name": "new_n129_",
            "nodes": 8,
            "edges": 12,
            "roots": 1,
            "positive_terminal_node": true,
            "negative_terminal_node": true
      },
      {
            "name": "new_n138_",
            "nodes": 4,
            "edges": 4,
            "roots": 1,
            "positive_terminal_node": true,
            "negative_terminal_node": true
      },
      {
            "name": "new_n124_",
            "nodes": 8,
            "edges": 12,
            "roots": 1,
            "positive_terminal_node": true,
            "negative_terminal_node": true
      },
      {
            "name": "new_n130_",
            "nodes": 9,
            "edges": 14,
            "roots": 1,
            "positive_terminal_node": true,
            "negative_terminal_node": true
      },
      {
            "name": "new_n136_",
            "nodes": 4,
            "edges": 4,
            "roots": 1,
            "positive_terminal_node": true,
            "negative_terminal_node": true
      },
      {
            "name": "new_n158_",
            "nodes": 7,
            "edges": 10,
            "roots": 1,
            "positive_terminal_node": true,
            "negative_terminal_node": true
      },
      {
            "name": "new_n131_",
            "nodes": 8,
            "edges": 12,
            "roots": 1,
            "positive_terminal_node": true,
            "negative_terminal_node": true
      },
      {
            "name": "new_n145_",
            "nodes": 4,
            "edges": 4,
            "roots": 1,
            "positive_terminal_node": true,
            "negative_terminal_node": true
      },
      {
            "name": "new_n173_",
            "nodes": 8,
            "edges": 12,
            "roots": 1,
            "positive_terminal_node": true,
            "negative_terminal_node": true
      },
      {
            "name": "new_n149_",
            "nodes": 4,
            "edges": 4,
            "roots": 1,
            "positive_terminal_node": true,
            "negative_terminal_node": true
      },
      {
            "name": "new_n162_",
            "nodes": 9,
            "edges": 14,
            "roots": 1,
            "positive_terminal_node": true,
            "negative_terminal_node": true
      },
      {
            "name": "new_n169_",
            "nodes": 8,
            "edges": 12,
            "roots": 1,
            "positive_terminal_node": true,
            "negative_terminal_node": true
      },
      {
            "name": "new_n154_",
            "nodes": 9,
            "edges": 14,
            "roots": 1,
            "positive_terminal_node": true,
            "negative_terminal_node": true
      },
      {
            "name": "new_n109_",
            "nodes": 8,
            "edges": 12,
            "roots": 1,
            "positive_terminal_node": true,
            "negative_terminal_node": true
      },
      {
            "name": "new_n137_",
            "nodes": 8,
            "edges": 12,
            "roots": 1,
            "positive_terminal_node": true,
            "negative_terminal_node": true
      },
      {
            "name": "new_n122_",
            "nodes": 6,
            "edges": 8,
            "roots": 1,
            "positive_terminal_node": true,
            "negative_terminal_node": true
      },
      {
            "name": "new_n153_",
            "nodes": 9,
            "edges": 14,
            "roots": 1,
            "positive_terminal_node": true,
            "negative_terminal_node": true
      },
      {
            "name": "new_n135_",
            "nodes": 7,
            "edges": 10,
            "roots": 1,
            "positive_terminal_node": true,
            "negative_terminal_node": true
      },
      {
            "name": "new_n141_",
            "nodes": 9,
            "edges": 14,
            "roots": 1,
            "positive_terminal_node": true,
            "negative_terminal_node": true
      },
      {
            "name": "new_n165_",
            "nodes": 8,
            "edges": 12,
            "roots": 1,
            "positive_terminal_node": true,
            "negative_terminal_node": true
      },
      {
            "name": "G850gat",
            "nodes": 11,
            "edges": 18,
            "roots": 1,
            "positive_terminal_node": true,
            "negative_terminal_node": true
      },
      {
            "name": "G863gat",
            "nodes": 11,
            "edges": 18,
            "roots": 1,
            "positive_terminal_node": true,
            "negative_terminal_node": true
      },
      {
            "name": "new_n144_",
            "nodes": 8,
            "edges": 12,
            "roots": 1,
            "positive_terminal_node": true,
            "negative_terminal_node": true
      },
      {
            "name": "G874gat",
            "nodes": 9,
            "edges": 14,
            "roots": 1,
            "positive_terminal_node": true,
            "negative_terminal_node": true
      },
      {
            "name": "new_n168_",
            "nodes": 8,
            "edges": 12,
            "roots": 1,
            "positive_terminal_node": true,
            "negative_terminal_node": true
      },
      {
            "name": "new_n172_",
            "nodes": 5,
            "edges": 6,
            "roots": 1,
            "positive_terminal_node": true,
            "negative_terminal_node": true
      },
      {
            "name": "G864gat",
            "nodes": 11,
            "edges": 18,
            "roots": 1,
            "positive_terminal_node": true,
            "negative_terminal_node": true
      },
      {
            "name": "G865gat",
            "nodes": 11,
            "edges": 18,
            "roots": 1,
            "positive_terminal_node": true,
            "negative_terminal_node": true
      },
      {
            "name": "G866gat",
            "nodes": 6,
            "edges": 8,
            "roots": 1,
            "positive_terminal_node": true,
            "negative_terminal_node": true
      },
      {
            "name": "G878gat",
            "nodes": 11,
            "edges": 18,
            "roots": 1,
            "positive_terminal_node": true,
            "negative_terminal_node": true
      },
      {
            "name": "G879gat",
            "nodes": 11,
            "edges": 18,
            "roots": 1,
            "positive_terminal_node": true,
            "negative_terminal_node": true
      },
      {
            "name": "G880gat",
            "nodes": 11,
            "edges": 18,
            "roots": 1,
            "positive_terminal_node": true,
            "negative_terminal_node": true
      },
      {
            "klutparser": {
                  "total_time": 198.25769996643066
            }
      },
      {
            "patterns": [
                  {
                        "hash": "4b8c2cfb0c6f53666a623b1146239137",
                        "nr_bdds": 10,
                        "nodes": 5,
                        "edges": 6
                  },
                  {
                        "hash": "9b4be5d748a292e481722f1ef8f75020",
                        "nr_bdds": 10,
                        "nodes": 4,
                        "edges": 4
                  },
                  {
                        "hash": "e8b84f9a6048973ee83f697d1702109b",
                        "nr_bdds": 6,
                        "nodes": 6,
                        "edges": 8
                  },
                  {
                        "hash": "9cb5538ee75163054fc2701486e1c8c0",
                        "nr_bdds": 4,
                        "nodes": 5,
                        "edges": 6
                  },
                  {
                        "hash": "96cbf4917540f32a3d8d1c90aff4ad59",
                        "nr_bdds": 2,
                        "nodes": 11,
                        "edges": 18
                  },
                  {
                        "hash": "cf33423f96dd37da0446da5e50889457",
                        "nr_bdds": 1,
                        "nodes": 7,
                        "edges": 10
                  },
                  {
                        "hash": "f7ef45a629c74956195fb00f91040809",
                        "nr_bdds": 3,
                        "nodes": 8,
                        "edges": 12
                  },
                  {
                        "hash": "a2dbf422e172f0d81f68959829399c7e",
                        "nr_bdds": 4,
                        "nodes": 6,
                        "edges": 8
                  },
                  {
                        "hash": "b67c4407f4287f5343f69dcba92bfc1f",
                        "nr_bdds": 2,
                        "nodes": 7,
                        "edges": 10
                  },
                  {
                        "hash": "36a876a601ff7965f67d4cc2d54b793b",
                        "nr_bdds": 3,
                        "nodes": 7,
                        "edges": 10
                  },
                  {
                        "hash": "cca7cdc0080081f6153d7a231f13e7f2",
                        "nr_bdds": 3,
                        "nodes": 8,
                        "edges": 12
                  },
                  {
                        "hash": "0786a4b7b6e7e9aa4fd2d348958211f2",
                        "nr_bdds": 3,
                        "nodes": 6,
                        "edges": 8
                  },
                  {
                        "hash": "e87fa10a6bf60d1ec04fd944e316007c",
                        "nr_bdds": 1,
                        "nodes": 8,
                        "edges": 12
                  },
                  {
                        "hash": "6f53425869bfed77e17e9fb68eb1e9d9",
                        "nr_bdds": 2,
                        "nodes": 13,
                        "edges": 22
                  },
                  {
                        "hash": "c3c111ea7a96c42024a30bfdfc3a906f",
                        "nr_bdds": 2,
                        "nodes": 7,
                        "edges": 10
                  },
                  {
                        "hash": "0e0c39f571f392bd16c22b0a285f5ceb",
                        "nr_bdds": 1,
                        "nodes": 8,
                        "edges": 12
                  },
                  {
                        "hash": "8ada93ed6dcbc31b8896267fc07625af",
                        "nr_bdds": 2,
                        "nodes": 7,
                        "edges": 10
                  },
                  {
                        "hash": "1fce3decee4b23ef54bb5823f1bcf696",
                        "nr_bdds": 2,
                        "nodes": 8,
                        "edges": 12
                  },
                  {
                        "hash": "ed8314af0bf865a4fc83b23abf96fee7",
                        "nr_bdds": 2,
                        "nodes": 7,
                        "edges": 10
                  },
                  {
                        "hash": "1fe98114de43b1ff6daec33a8ee4d464",
                        "nr_bdds": 1,
                        "nodes": 8,
                        "edges": 12
                  },
                  {
                        "hash": "d8e7eb518326285db30e39d23e3d3b66",
                        "nr_bdds": 1,
                        "nodes": 9,
                        "edges": 14
                  },
                  {
                        "hash": "7405e99d2155c15bc9076cca8856cc3c",
                        "nr_bdds": 6,
                        "nodes": 8,
                        "edges": 12
                  },
                  {
                        "hash": "343a9f74d8b1c0a9e05c4ff701d2443f",
                        "nr_bdds": 2,
                        "nodes": 9,
                        "edges": 14
                  },
                  {
                        "hash": "4a0eab8fb01c8bafda3f4e335b485256",
                        "nr_bdds": 1,
                        "nodes": 9,
                        "edges": 14
                  },
                  {
                        "hash": "139ddeb095408caaf1d74b1c22dfed03",
                        "nr_bdds": 1,
                        "nodes": 6,
                        "edges": 8
                  },
                  {
                        "hash": "a716fdf80a235dcf19920f98ddfcd463",
                        "nr_bdds": 1,
                        "nodes": 9,
                        "edges": 14
                  },
                  {
                        "hash": "d125de513ca8b1ffebff5462759c9c11",
                        "nr_bdds": 1,
                        "nodes": 7,
                        "edges": 10
                  },
                  {
                        "hash": "16582087f5d68caac33a2ee11e515f19",
                        "nr_bdds": 6,
                        "nodes": 11,
                        "edges": 18
                  },
                  {
                        "hash": "52ea65f2801ab5a5e4f337e57ecb6815",
                        "nr_bdds": 1,
                        "nodes": 9,
                        "edges": 14
                  },
                  {
                        "hash": "f6897f75111bf3be736ddc5b76625229",
                        "nr_bdds": 1,
                        "nodes": 8,
                        "edges": 12
                  },
                  {
                        "hash": "4d7cfd9c1b7617c7d35b2a850a008b72",
                        "nr_bdds": 1,
                        "nodes": 11,
                        "edges": 18
                  },
                  {
                        "hash": "4096f635d63d699f18af72eb0332f0ff",
                        "nr_bdds": 1,
                        "nodes": 6,
                        "edges": 8
                  }
            ],
            "before": {
                  "rows": 614,
                  "cols": 880,
                  "semi": 1494,
                  "area": 540320,
                  "cycles": 7,
                  "total_time": 0.015071868896484375
            },
            "after": {
                  "rows": 248,
                  "cols": 368,
                  "semi": 616,
                  "area": 91264,
                  "cycles": 29,
                  "total_time": 0.00025272369384765625
            }
      },
      {
            "cycles": {
                  "cycles": [
                        [
                              {
                                    "type": "LOAD",
                                    "hash": "4b8c2cfb0c6f53666a623b1146239137"
                              },
                              {
                                    "type": "LOAD",
                                    "hash": "9b4be5d748a292e481722f1ef8f75020"
                              },
                              {
                                    "type": "LOAD",
                                    "hash": "16582087f5d68caac33a2ee11e515f19"
                              },
                              {
                                    "type": "LOAD",
                                    "hash": "7405e99d2155c15bc9076cca8856cc3c"
                              }
                        ],
                        [
                              {
                                    "type": "EVAL",
                                    "hash": "4b8c2cfb0c6f53666a623b1146239137"
                              }
                        ],
                        [
                              {
                                    "type": "EVAL",
                                    "hash": "4b8c2cfb0c6f53666a623b1146239137"
                              }
                        ],
                        [
                              {
                                    "type": "EVAL",
                                    "hash": "4b8c2cfb0c6f53666a623b1146239137"
                              }
                        ],
                        [
                              {
                                    "type": "LOAD",
                                    "hash": "cf33423f96dd37da0446da5e50889457"
                              }
                        ],
                        [
                              {
                                    "type": "EVAL",
                                    "hash": "cf33423f96dd37da0446da5e50889457"
                              }
                        ],
                        [
                              {
                                    "type": "LOAD",
                                    "hash": "f7ef45a629c74956195fb00f91040809"
                              }
                        ],
                        [
                              {
                                    "type": "EVAL",
                                    "hash": "f7ef45a629c74956195fb00f91040809"
                              }
                        ],
                        [
                              {
                                    "type": "LOAD",
                                    "hash": "e8b84f9a6048973ee83f697d1702109b"
                              }
                        ],
                        [
                              {
                                    "type": "EVAL",
                                    "hash": "e8b84f9a6048973ee83f697d1702109b"
                              }
                        ],
                        [
                              {
                                    "type": "EVAL",
                                    "hash": "e8b84f9a6048973ee83f697d1702109b"
                              }
                        ],
                        [
                              {
                                    "type": "LOAD",
                                    "hash": "36a876a601ff7965f67d4cc2d54b793b"
                              }
                        ],
                        [
                              {
                                    "type": "EVAL",
                                    "hash": "36a876a601ff7965f67d4cc2d54b793b"
                              }
                        ],
                        [
                              {
                                    "type": "LOAD",
                                    "hash": "cca7cdc0080081f6153d7a231f13e7f2"
                              }
                        ],
                        [
                              {
                                    "type": "EVAL",
                                    "hash": "cca7cdc0080081f6153d7a231f13e7f2"
                              }
                        ],
                        [
                              {
                                    "type": "EVAL",
                                    "hash": "cca7cdc0080081f6153d7a231f13e7f2"
                              }
                        ],
                        [
                              {
                                    "type": "LOAD",
                                    "hash": "e8b84f9a6048973ee83f697d1702109b"
                              }
                        ],
                        [
                              {
                                    "type": "EVAL",
                                    "hash": "e8b84f9a6048973ee83f697d1702109b"
                              }
                        ],
                        [
                              {
                                    "type": "LOAD",
                                    "hash": "c3c111ea7a96c42024a30bfdfc3a906f"
                              }
                        ],
                        [
                              {
                                    "type": "EVAL",
                                    "hash": "c3c111ea7a96c42024a30bfdfc3a906f"
                              }
                        ],
                        [
                              {
                                    "type": "LOAD",
                                    "hash": "36a876a601ff7965f67d4cc2d54b793b"
                              }
                        ],
                        [
                              {
                                    "type": "EVAL",
                                    "hash": "36a876a601ff7965f67d4cc2d54b793b"
                              }
                        ],
                        [
                              {
                                    "type": "EVAL",
                                    "hash": "9b4be5d748a292e481722f1ef8f75020"
                              },
                              {
                                    "type": "EVAL",
                                    "hash": "36a876a601ff7965f67d4cc2d54b793b"
                              }
                        ],
                        [
                              {
                                    "type": "LOAD",
                                    "hash": "cca7cdc0080081f6153d7a231f13e7f2"
                              }
                        ],
                        [
                              {
                                    "type": "EVAL",
                                    "hash": "cca7cdc0080081f6153d7a231f13e7f2"
                              }
                        ],
                        [
                              {
                                    "type": "LOAD",
                                    "hash": "c3c111ea7a96c42024a30bfdfc3a906f"
                              }
                        ],
                        [
                              {
                                    "type": "EVAL",
                                    "hash": "c3c111ea7a96c42024a30bfdfc3a906f"
                              }
                        ],
                        [
                              {
                                    "type": "LOAD",
                                    "hash": "e8b84f9a6048973ee83f697d1702109b"
                              }
                        ],
                        [
                              {
                                    "type": "EVAL",
                                    "hash": "e8b84f9a6048973ee83f697d1702109b"
                              }
                        ],
                        [
                              {
                                    "type": "LOAD",
                                    "hash": "a2dbf422e172f0d81f68959829399c7e"
                              }
                        ],
                        [
                              {
                                    "type": "EVAL",
                                    "hash": "a2dbf422e172f0d81f68959829399c7e"
                              }
                        ],
                        [
                              {
                                    "type": "LOAD",
                                    "hash": "0786a4b7b6e7e9aa4fd2d348958211f2"
                              }
                        ],
                        [
                              {
                                    "type": "EVAL",
                                    "hash": "0786a4b7b6e7e9aa4fd2d348958211f2"
                              }
                        ],
                        [
                              {
                                    "type": "LOAD",
                                    "hash": "1fce3decee4b23ef54bb5823f1bcf696"
                              }
                        ],
                        [
                              {
                                    "type": "EVAL",
                                    "hash": "1fce3decee4b23ef54bb5823f1bcf696"
                              }
                        ],
                        [
                              {
                                    "type": "LOAD",
                                    "hash": "ed8314af0bf865a4fc83b23abf96fee7"
                              }
                        ],
                        [
                              {
                                    "type": "EVAL",
                                    "hash": "ed8314af0bf865a4fc83b23abf96fee7"
                              }
                        ],
                        [
                              {
                                    "type": "EVAL",
                                    "hash": "ed8314af0bf865a4fc83b23abf96fee7"
                              }
                        ],
                        [
                              {
                                    "type": "LOAD",
                                    "hash": "9cb5538ee75163054fc2701486e1c8c0"
                              }
                        ],
                        [
                              {
                                    "type": "EVAL",
                                    "hash": "9cb5538ee75163054fc2701486e1c8c0"
                              }
                        ],
                        [
                              {
                                    "type": "LOAD",
                                    "hash": "1fe98114de43b1ff6daec33a8ee4d464"
                              }
                        ],
                        [
                              {
                                    "type": "EVAL",
                                    "hash": "1fe98114de43b1ff6daec33a8ee4d464"
                              }
                        ],
                        [
                              {
                                    "type": "LOAD",
                                    "hash": "d8e7eb518326285db30e39d23e3d3b66"
                              }
                        ],
                        [
                              {
                                    "type": "EVAL",
                                    "hash": "d8e7eb518326285db30e39d23e3d3b66"
                              }
                        ],
                        [
                              {
                                    "type": "LOAD",
                                    "hash": "f7ef45a629c74956195fb00f91040809"
                              }
                        ],
                        [
                              {
                                    "type": "EVAL",
                                    "hash": "f7ef45a629c74956195fb00f91040809"
                              }
                        ],
                        [
                              {
                                    "type": "LOAD",
                                    "hash": "8ada93ed6dcbc31b8896267fc07625af"
                              }
                        ],
                        [
                              {
                                    "type": "EVAL",
                                    "hash": "8ada93ed6dcbc31b8896267fc07625af"
                              }
                        ],
                        [
                              {
                                    "type": "LOAD",
                                    "hash": "0786a4b7b6e7e9aa4fd2d348958211f2"
                              }
                        ],
                        [
                              {
                                    "type": "EVAL",
                                    "hash": "0786a4b7b6e7e9aa4fd2d348958211f2"
                              }
                        ],
                        [
                              {
                                    "type": "LOAD",
                                    "hash": "1fce3decee4b23ef54bb5823f1bcf696"
                              }
                        ],
                        [
                              {
                                    "type": "EVAL",
                                    "hash": "1fce3decee4b23ef54bb5823f1bcf696"
                              }
                        ],
                        [
                              {
                                    "type": "LOAD",
                                    "hash": "e87fa10a6bf60d1ec04fd944e316007c"
                              }
                        ],
                        [
                              {
                                    "type": "EVAL",
                                    "hash": "e87fa10a6bf60d1ec04fd944e316007c"
                              }
                        ],
                        [
                              {
                                    "type": "EVAL",
                                    "hash": "9b4be5d748a292e481722f1ef8f75020"
                              }
                        ],
                        [
                              {
                                    "type": "EVAL",
                                    "hash": "9b4be5d748a292e481722f1ef8f75020"
                              }
                        ],
                        [
                              {
                                    "type": "EVAL",
                                    "hash": "9b4be5d748a292e481722f1ef8f75020"
                              }
                        ],
                        [
                              {
                                    "type": "EVAL",
                                    "hash": "9b4be5d748a292e481722f1ef8f75020"
                              }
                        ],
                        [
                              {
                                    "type": "EVAL",
                                    "hash": "9b4be5d748a292e481722f1ef8f75020"
                              }
                        ],
                        [
                              {
                                    "type": "EVAL",
                                    "hash": "9b4be5d748a292e481722f1ef8f75020"
                              }
                        ],
                        [
                              {
                                    "type": "LOAD",
                                    "hash": "a2dbf422e172f0d81f68959829399c7e"
                              }
                        ],
                        [
                              {
                                    "type": "EVAL",
                                    "hash": "a2dbf422e172f0d81f68959829399c7e"
                              }
                        ],
                        [
                              {
                                    "type": "EVAL",
                                    "hash": "9b4be5d748a292e481722f1ef8f75020"
                              },
                              {
                                    "type": "EVAL",
                                    "hash": "a2dbf422e172f0d81f68959829399c7e"
                              }
                        ],
                        [
                              {
                                    "type": "EVAL",
                                    "hash": "9b4be5d748a292e481722f1ef8f75020"
                              },
                              {
                                    "type": "EVAL",
                                    "hash": "a2dbf422e172f0d81f68959829399c7e"
                              }
                        ],
                        [
                              {
                                    "type": "LOAD",
                                    "hash": "4a0eab8fb01c8bafda3f4e335b485256"
                              }
                        ],
                        [
                              {
                                    "type": "EVAL",
                                    "hash": "4a0eab8fb01c8bafda3f4e335b485256"
                              }
                        ],
                        [
                              {
                                    "type": "LOAD",
                                    "hash": "8ada93ed6dcbc31b8896267fc07625af"
                              }
                        ],
                        [
                              {
                                    "type": "EVAL",
                                    "hash": "8ada93ed6dcbc31b8896267fc07625af"
                              }
                        ],
                        [
                              {
                                    "type": "LOAD",
                                    "hash": "0e0c39f571f392bd16c22b0a285f5ceb"
                              }
                        ],
                        [
                              {
                                    "type": "EVAL",
                                    "hash": "0e0c39f571f392bd16c22b0a285f5ceb"
                              }
                        ],
                        [
                              {
                                    "type": "LOAD",
                                    "hash": "0786a4b7b6e7e9aa4fd2d348958211f2"
                              }
                        ],
                        [
                              {
                                    "type": "EVAL",
                                    "hash": "0786a4b7b6e7e9aa4fd2d348958211f2"
                              }
                        ],
                        [
                              {
                                    "type": "LOAD",
                                    "hash": "a716fdf80a235dcf19920f98ddfcd463"
                              }
                        ],
                        [
                              {
                                    "type": "EVAL",
                                    "hash": "a716fdf80a235dcf19920f98ddfcd463"
                              }
                        ],
                        [
                              {
                                    "type": "EVAL",
                                    "hash": "7405e99d2155c15bc9076cca8856cc3c"
                              }
                        ],
                        [
                              {
                                    "type": "EVAL",
                                    "hash": "7405e99d2155c15bc9076cca8856cc3c"
                              }
                        ],
                        [
                              {
                                    "type": "EVAL",
                                    "hash": "7405e99d2155c15bc9076cca8856cc3c"
                              }
                        ],
                        [
                              {
                                    "type": "EVAL",
                                    "hash": "7405e99d2155c15bc9076cca8856cc3c"
                              }
                        ],
                        [
                              {
                                    "type": "EVAL",
                                    "hash": "7405e99d2155c15bc9076cca8856cc3c"
                              }
                        ],
                        [
                              {
                                    "type": "LOAD",
                                    "hash": "96cbf4917540f32a3d8d1c90aff4ad59"
                              }
                        ],
                        [
                              {
                                    "type": "EVAL",
                                    "hash": "96cbf4917540f32a3d8d1c90aff4ad59"
                              }
                        ],
                        [
                              {
                                    "type": "LOAD",
                                    "hash": "343a9f74d8b1c0a9e05c4ff701d2443f"
                              }
                        ],
                        [
                              {
                                    "type": "EVAL",
                                    "hash": "343a9f74d8b1c0a9e05c4ff701d2443f"
                              }
                        ],
                        [
                              {
                                    "type": "EVAL",
                                    "hash": "4b8c2cfb0c6f53666a623b1146239137"
                              },
                              {
                                    "type": "EVAL",
                                    "hash": "343a9f74d8b1c0a9e05c4ff701d2443f"
                              },
                              {
                                    "type": "EVAL",
                                    "hash": "7405e99d2155c15bc9076cca8856cc3c"
                              }
                        ],
                        [
                              {
                                    "type": "LOAD",
                                    "hash": "96cbf4917540f32a3d8d1c90aff4ad59"
                              }
                        ],
                        [
                              {
                                    "type": "EVAL",
                                    "hash": "96cbf4917540f32a3d8d1c90aff4ad59"
                              }
                        ],
                        [
                              {
                                    "type": "LOAD",
                                    "hash": "9cb5538ee75163054fc2701486e1c8c0"
                              }
                        ],
                        [
                              {
                                    "type": "EVAL",
                                    "hash": "9cb5538ee75163054fc2701486e1c8c0"
                              }
                        ],
                        [
                              {
                                    "type": "LOAD",
                                    "hash": "f7ef45a629c74956195fb00f91040809"
                              }
                        ],
                        [
                              {
                                    "type": "EVAL",
                                    "hash": "f7ef45a629c74956195fb00f91040809"
                              }
                        ],
                        [
                              {
                                    "type": "LOAD",
                                    "hash": "139ddeb095408caaf1d74b1c22dfed03"
                              }
                        ],
                        [
                              {
                                    "type": "EVAL",
                                    "hash": "139ddeb095408caaf1d74b1c22dfed03"
                              }
                        ],
                        [
                              {
                                    "type": "LOAD",
                                    "hash": "f6897f75111bf3be736ddc5b76625229"
                              }
                        ],
                        [
                              {
                                    "type": "EVAL",
                                    "hash": "f6897f75111bf3be736ddc5b76625229"
                              }
                        ],
                        [
                              {
                                    "type": "LOAD",
                                    "hash": "d125de513ca8b1ffebff5462759c9c11"
                              }
                        ],
                        [
                              {
                                    "type": "EVAL",
                                    "hash": "d125de513ca8b1ffebff5462759c9c11"
                              }
                        ],
                        [
                              {
                                    "type": "EVAL",
                                    "hash": "4b8c2cfb0c6f53666a623b1146239137"
                              },
                              {
                                    "type": "EVAL",
                                    "hash": "16582087f5d68caac33a2ee11e515f19"
                              }
                        ],
                        [
                              {
                                    "type": "EVAL",
                                    "hash": "4b8c2cfb0c6f53666a623b1146239137"
                              },
                              {
                                    "type": "EVAL",
                                    "hash": "16582087f5d68caac33a2ee11e515f19"
                              }
                        ],
                        [
                              {
                                    "type": "EVAL",
                                    "hash": "4b8c2cfb0c6f53666a623b1146239137"
                              },
                              {
                                    "type": "EVAL",
                                    "hash": "16582087f5d68caac33a2ee11e515f19"
                              }
                        ],
                        [
                              {
                                    "type": "EVAL",
                                    "hash": "4b8c2cfb0c6f53666a623b1146239137"
                              },
                              {
                                    "type": "EVAL",
                                    "hash": "16582087f5d68caac33a2ee11e515f19"
                              }
                        ],
                        [
                              {
                                    "type": "EVAL",
                                    "hash": "4b8c2cfb0c6f53666a623b1146239137"
                              },
                              {
                                    "type": "EVAL",
                                    "hash": "16582087f5d68caac33a2ee11e515f19"
                              }
                        ],
                        [
                              {
                                    "type": "LOAD",
                                    "hash": "b67c4407f4287f5343f69dcba92bfc1f"
                              }
                        ],
                        [
                              {
                                    "type": "EVAL",
                                    "hash": "b67c4407f4287f5343f69dcba92bfc1f"
                              }
                        ],
                        [
                              {
                                    "type": "LOAD",
                                    "hash": "e8b84f9a6048973ee83f697d1702109b"
                              }
                        ],
                        [
                              {
                                    "type": "EVAL",
                                    "hash": "e8b84f9a6048973ee83f697d1702109b"
                              }
                        ],
                        [
                              {
                                    "type": "LOAD",
                                    "hash": "9cb5538ee75163054fc2701486e1c8c0"
                              }
                        ],
                        [
                              {
                                    "type": "EVAL",
                                    "hash": "9cb5538ee75163054fc2701486e1c8c0"
                              }
                        ],
                        [
                              {
                                    "type": "LOAD",
                                    "hash": "6f53425869bfed77e17e9fb68eb1e9d9"
                              }
                        ],
                        [
                              {
                                    "type": "EVAL",
                                    "hash": "6f53425869bfed77e17e9fb68eb1e9d9"
                              }
                        ],
                        [
                              {
                                    "type": "EVAL",
                                    "hash": "9b4be5d748a292e481722f1ef8f75020"
                              },
                              {
                                    "type": "EVAL",
                                    "hash": "4b8c2cfb0c6f53666a623b1146239137"
                              },
                              {
                                    "type": "EVAL",
                                    "hash": "16582087f5d68caac33a2ee11e515f19"
                              },
                              {
                                    "type": "EVAL",
                                    "hash": "6f53425869bfed77e17e9fb68eb1e9d9"
                              }
                        ],
                        [
                              {
                                    "type": "LOAD",
                                    "hash": "b67c4407f4287f5343f69dcba92bfc1f"
                              }
                        ],
                        [
                              {
                                    "type": "EVAL",
                                    "hash": "b67c4407f4287f5343f69dcba92bfc1f"
                              }
                        ],
                        [
                              {
                                    "type": "LOAD",
                                    "hash": "52ea65f2801ab5a5e4f337e57ecb6815"
                              }
                        ],
                        [
                              {
                                    "type": "EVAL",
                                    "hash": "52ea65f2801ab5a5e4f337e57ecb6815"
                              }
                        ],
                        [
                              {
                                    "type": "LOAD",
                                    "hash": "4d7cfd9c1b7617c7d35b2a850a008b72"
                              }
                        ],
                        [
                              {
                                    "type": "EVAL",
                                    "hash": "4d7cfd9c1b7617c7d35b2a850a008b72"
                              }
                        ],
                        [
                              {
                                    "type": "LOAD",
                                    "hash": "e8b84f9a6048973ee83f697d1702109b"
                              }
                        ],
                        [
                              {
                                    "type": "EVAL",
                                    "hash": "e8b84f9a6048973ee83f697d1702109b"
                              }
                        ],
                        [
                              {
                                    "type": "LOAD",
                                    "hash": "9cb5538ee75163054fc2701486e1c8c0"
                              }
                        ],
                        [
                              {
                                    "type": "EVAL",
                                    "hash": "9cb5538ee75163054fc2701486e1c8c0"
                              }
                        ],
                        [
                              {
                                    "type": "LOAD",
                                    "hash": "4096f635d63d699f18af72eb0332f0ff"
                              }
                        ],
                        [
                              {
                                    "type": "EVAL",
                                    "hash": "4096f635d63d699f18af72eb0332f0ff"
                              }
                        ]
                  ],
                  "total_time": 0.00038313865661621094
            }
      }
]
