[
      {
            "name": "new_n78_",
            "nodes": 9,
            "edges": 14,
            "roots": 1,
            "positive_terminal_node": true,
            "negative_terminal_node": true
      },
      {
            "name": "new_n79_",
            "nodes": 4,
            "edges": 4,
            "roots": 1,
            "positive_terminal_node": true,
            "negative_terminal_node": true
      },
      {
            "name": "new_n80_",
            "nodes": 9,
            "edges": 14,
            "roots": 1,
            "positive_terminal_node": true,
            "negative_terminal_node": true
      },
      {
            "name": "new_n81_",
            "nodes": 9,
            "edges": 14,
            "roots": 1,
            "positive_terminal_node": true,
            "negative_terminal_node": true
      },
      {
            "name": "new_n83_",
            "nodes": 9,
            "edges": 14,
            "roots": 1,
            "positive_terminal_node": true,
            "negative_terminal_node": true
      },
      {
            "name": "new_n84_",
            "nodes": 4,
            "edges": 4,
            "roots": 1,
            "positive_terminal_node": true,
            "negative_terminal_node": true
      },
      {
            "name": "new_n85_",
            "nodes": 9,
            "edges": 14,
            "roots": 1,
            "positive_terminal_node": true,
            "negative_terminal_node": true
      },
      {
            "name": "new_n87_",
            "nodes": 9,
            "edges": 14,
            "roots": 1,
            "positive_terminal_node": true,
            "negative_terminal_node": true
      },
      {
            "name": "new_n88_",
            "nodes": 4,
            "edges": 4,
            "roots": 1,
            "positive_terminal_node": true,
            "negative_terminal_node": true
      },
      {
            "name": "new_n95_",
            "nodes": 9,
            "edges": 14,
            "roots": 1,
            "positive_terminal_node": true,
            "negative_terminal_node": true
      },
      {
            "name": "new_n100_",
            "nodes": 9,
            "edges": 14,
            "roots": 1,
            "positive_terminal_node": true,
            "negative_terminal_node": true
      },
      {
            "name": "new_n108_",
            "nodes": 9,
            "edges": 14,
            "roots": 1,
            "positive_terminal_node": true,
            "negative_terminal_node": true
      },
      {
            "name": "new_n89_",
            "nodes": 9,
            "edges": 14,
            "roots": 1,
            "positive_terminal_node": true,
            "negative_terminal_node": true
      },
      {
            "name": "new_n105_",
            "nodes": 9,
            "edges": 14,
            "roots": 1,
            "positive_terminal_node": true,
            "negative_terminal_node": true
      },
      {
            "name": "new_n98_",
            "nodes": 9,
            "edges": 14,
            "roots": 1,
            "positive_terminal_node": true,
            "negative_terminal_node": true
      },
      {
            "name": "new_n97_",
            "nodes": 9,
            "edges": 14,
            "roots": 1,
            "positive_terminal_node": true,
            "negative_terminal_node": true
      },
      {
            "name": "new_n103_",
            "nodes": 9,
            "edges": 14,
            "roots": 1,
            "positive_terminal_node": true,
            "negative_terminal_node": true
      },
      {
            "name": "new_n91_",
            "nodes": 9,
            "edges": 14,
            "roots": 1,
            "positive_terminal_node": true,
            "negative_terminal_node": true
      },
      {
            "name": "new_n102_",
            "nodes": 9,
            "edges": 14,
            "roots": 1,
            "positive_terminal_node": true,
            "negative_terminal_node": true
      },
      {
            "name": "new_n92_",
            "nodes": 4,
            "edges": 4,
            "roots": 1,
            "positive_terminal_node": true,
            "negative_terminal_node": true
      },
      {
            "name": "new_n96_",
            "nodes": 4,
            "edges": 4,
            "roots": 1,
            "positive_terminal_node": true,
            "negative_terminal_node": true
      },
      {
            "name": "new_n101_",
            "nodes": 4,
            "edges": 4,
            "roots": 1,
            "positive_terminal_node": true,
            "negative_terminal_node": true
      },
      {
            "name": "new_n106_",
            "nodes": 4,
            "edges": 4,
            "roots": 1,
            "positive_terminal_node": true,
            "negative_terminal_node": true
      },
      {
            "name": "new_n109_",
            "nodes": 4,
            "edges": 4,
            "roots": 1,
            "positive_terminal_node": true,
            "negative_terminal_node": true
      },
      {
            "name": "new_n77_",
            "nodes": 9,
            "edges": 14,
            "roots": 1,
            "positive_terminal_node": true,
            "negative_terminal_node": true
      },
      {
            "name": "new_n82_",
            "nodes": 9,
            "edges": 14,
            "roots": 1,
            "positive_terminal_node": true,
            "negative_terminal_node": true
      },
      {
            "name": "new_n86_",
            "nodes": 9,
            "edges": 14,
            "roots": 1,
            "positive_terminal_node": true,
            "negative_terminal_node": true
      },
      {
            "name": "new_n90_",
            "nodes": 9,
            "edges": 14,
            "roots": 1,
            "positive_terminal_node": true,
            "negative_terminal_node": true
      },
      {
            "name": "new_n94_",
            "nodes": 9,
            "edges": 14,
            "roots": 1,
            "positive_terminal_node": true,
            "negative_terminal_node": true
      },
      {
            "name": "new_n99_",
            "nodes": 9,
            "edges": 14,
            "roots": 1,
            "positive_terminal_node": true,
            "negative_terminal_node": true
      },
      {
            "name": "new_n104_",
            "nodes": 9,
            "edges": 14,
            "roots": 1,
            "positive_terminal_node": true,
            "negative_terminal_node": true
      },
      {
            "name": "new_n107_",
            "nodes": 9,
            "edges": 14,
            "roots": 1,
            "positive_terminal_node": true,
            "negative_terminal_node": true
      },
      {
            "name": "new_n76_",
            "nodes": 9,
            "edges": 14,
            "roots": 1,
            "positive_terminal_node": true,
            "negative_terminal_node": true
      },
      {
            "name": "new_n130_",
            "nodes": 6,
            "edges": 8,
            "roots": 1,
            "positive_terminal_node": true,
            "negative_terminal_node": true
      },
      {
            "name": "new_n135_",
            "nodes": 6,
            "edges": 8,
            "roots": 1,
            "positive_terminal_node": true,
            "negative_terminal_node": true
      },
      {
            "name": "new_n140_",
            "nodes": 6,
            "edges": 8,
            "roots": 1,
            "positive_terminal_node": true,
            "negative_terminal_node": true
      },
      {
            "name": "new_n145_",
            "nodes": 6,
            "edges": 8,
            "roots": 1,
            "positive_terminal_node": true,
            "negative_terminal_node": true
      },
      {
            "name": "new_n93_",
            "nodes": 6,
            "edges": 8,
            "roots": 1,
            "positive_terminal_node": true,
            "negative_terminal_node": true
      },
      {
            "name": "new_n114_",
            "nodes": 6,
            "edges": 8,
            "roots": 1,
            "positive_terminal_node": true,
            "negative_terminal_node": true
      },
      {
            "name": "new_n119_",
            "nodes": 6,
            "edges": 8,
            "roots": 1,
            "positive_terminal_node": true,
            "negative_terminal_node": true
      },
      {
            "name": "new_n124_",
            "nodes": 6,
            "edges": 8,
            "roots": 1,
            "positive_terminal_node": true,
            "negative_terminal_node": true
      },
      {
            "name": "new_n129_",
            "nodes": 9,
            "edges": 14,
            "roots": 1,
            "positive_terminal_node": true,
            "negative_terminal_node": true
      },
      {
            "name": "God0",
            "nodes": 9,
            "edges": 14,
            "roots": 1,
            "positive_terminal_node": true,
            "negative_terminal_node": true
      },
      {
            "name": "God1",
            "nodes": 9,
            "edges": 14,
            "roots": 1,
            "positive_terminal_node": true,
            "negative_terminal_node": true
      },
      {
            "name": "God2",
            "nodes": 9,
            "edges": 14,
            "roots": 1,
            "positive_terminal_node": true,
            "negative_terminal_node": true
      },
      {
            "name": "God3",
            "nodes": 9,
            "edges": 14,
            "roots": 1,
            "positive_terminal_node": true,
            "negative_terminal_node": true
      },
      {
            "name": "God4",
            "nodes": 9,
            "edges": 14,
            "roots": 1,
            "positive_terminal_node": true,
            "negative_terminal_node": true
      },
      {
            "name": "God5",
            "nodes": 9,
            "edges": 14,
            "roots": 1,
            "positive_terminal_node": true,
            "negative_terminal_node": true
      },
      {
            "name": "God6",
            "nodes": 9,
            "edges": 14,
            "roots": 1,
            "positive_terminal_node": true,
            "negative_terminal_node": true
      },
      {
            "name": "God7",
            "nodes": 9,
            "edges": 14,
            "roots": 1,
            "positive_terminal_node": true,
            "negative_terminal_node": true
      },
      {
            "name": "God8",
            "nodes": 9,
            "edges": 14,
            "roots": 1,
            "positive_terminal_node": true,
            "negative_terminal_node": true
      },
      {
            "name": "God9",
            "nodes": 9,
            "edges": 14,
            "roots": 1,
            "positive_terminal_node": true,
            "negative_terminal_node": true
      },
      {
            "name": "God10",
            "nodes": 9,
            "edges": 14,
            "roots": 1,
            "positive_terminal_node": true,
            "negative_terminal_node": true
      },
      {
            "name": "God11",
            "nodes": 9,
            "edges": 14,
            "roots": 1,
            "positive_terminal_node": true,
            "negative_terminal_node": true
      },
      {
            "name": "God12",
            "nodes": 9,
            "edges": 14,
            "roots": 1,
            "positive_terminal_node": true,
            "negative_terminal_node": true
      },
      {
            "name": "God13",
            "nodes": 9,
            "edges": 14,
            "roots": 1,
            "positive_terminal_node": true,
            "negative_terminal_node": true
      },
      {
            "name": "God14",
            "nodes": 9,
            "edges": 14,
            "roots": 1,
            "positive_terminal_node": true,
            "negative_terminal_node": true
      },
      {
            "name": "God15",
            "nodes": 9,
            "edges": 14,
            "roots": 1,
            "positive_terminal_node": true,
            "negative_terminal_node": true
      },
      {
            "name": "God16",
            "nodes": 9,
            "edges": 14,
            "roots": 1,
            "positive_terminal_node": true,
            "negative_terminal_node": true
      },
      {
            "name": "God17",
            "nodes": 9,
            "edges": 14,
            "roots": 1,
            "positive_terminal_node": true,
            "negative_terminal_node": true
      },
      {
            "name": "God18",
            "nodes": 9,
            "edges": 14,
            "roots": 1,
            "positive_terminal_node": true,
            "negative_terminal_node": true
      },
      {
            "name": "God19",
            "nodes": 9,
            "edges": 14,
            "roots": 1,
            "positive_terminal_node": true,
            "negative_terminal_node": true
      },
      {
            "name": "God20",
            "nodes": 9,
            "edges": 14,
            "roots": 1,
            "positive_terminal_node": true,
            "negative_terminal_node": true
      },
      {
            "name": "God21",
            "nodes": 9,
            "edges": 14,
            "roots": 1,
            "positive_terminal_node": true,
            "negative_terminal_node": true
      },
      {
            "name": "God22",
            "nodes": 9,
            "edges": 14,
            "roots": 1,
            "positive_terminal_node": true,
            "negative_terminal_node": true
      },
      {
            "name": "God23",
            "nodes": 9,
            "edges": 14,
            "roots": 1,
            "positive_terminal_node": true,
            "negative_terminal_node": true
      },
      {
            "name": "God24",
            "nodes": 9,
            "edges": 14,
            "roots": 1,
            "positive_terminal_node": true,
            "negative_terminal_node": true
      },
      {
            "name": "God25",
            "nodes": 9,
            "edges": 14,
            "roots": 1,
            "positive_terminal_node": true,
            "negative_terminal_node": true
      },
      {
            "name": "God26",
            "nodes": 9,
            "edges": 14,
            "roots": 1,
            "positive_terminal_node": true,
            "negative_terminal_node": true
      },
      {
            "name": "God27",
            "nodes": 9,
            "edges": 14,
            "roots": 1,
            "positive_terminal_node": true,
            "negative_terminal_node": true
      },
      {
            "name": "God28",
            "nodes": 9,
            "edges": 14,
            "roots": 1,
            "positive_terminal_node": true,
            "negative_terminal_node": true
      },
      {
            "name": "God29",
            "nodes": 9,
            "edges": 14,
            "roots": 1,
            "positive_terminal_node": true,
            "negative_terminal_node": true
      },
      {
            "name": "God30",
            "nodes": 9,
            "edges": 14,
            "roots": 1,
            "positive_terminal_node": true,
            "negative_terminal_node": true
      },
      {
            "name": "God31",
            "nodes": 9,
            "edges": 14,
            "roots": 1,
            "positive_terminal_node": true,
            "negative_terminal_node": true
      },
      {
            "klutparser": {
                  "total_time": 168.902822971344
            }
      },
      {
            "patterns": [
                  {
                        "hash": "a5d842cf76d1112fa025602764872564",
                        "nr_bdds": 24,
                        "nodes": 9,
                        "edges": 14
                  },
                  {
                        "hash": "9b4be5d748a292e481722f1ef8f75020",
                        "nr_bdds": 8,
                        "nodes": 4,
                        "edges": 4
                  },
                  {
                        "hash": "647ff337cd492473f2283c3d4b414880",
                        "nr_bdds": 2,
                        "nodes": 9,
                        "edges": 14
                  },
                  {
                        "hash": "e8b84f9a6048973ee83f697d1702109b",
                        "nr_bdds": 8,
                        "nodes": 6,
                        "edges": 8
                  },
                  {
                        "hash": "7a6f2d8482f2fa6c02f2b44f1109de12",
                        "nr_bdds": 32,
                        "nodes": 9,
                        "edges": 14
                  }
            ],
            "before": {
                  "rows": 602,
                  "cols": 908,
                  "semi": 1510,
                  "area": 546616,
                  "cycles": 5,
                  "total_time": 0.016793251037597656
            },
            "after": {
                  "rows": 37,
                  "cols": 54,
                  "semi": 91,
                  "area": 1998,
                  "cycles": 65,
                  "total_time": 0.0005154609680175781
            }
      },
      {
            "cycles": {
                  "cycles": [
                        [
                              {
                                    "type": "LOAD",
                                    "hash": "7a6f2d8482f2fa6c02f2b44f1109de12"
                              },
                              {
                                    "type": "LOAD",
                                    "hash": "a5d842cf76d1112fa025602764872564"
                              },
                              {
                                    "type": "LOAD",
                                    "hash": "e8b84f9a6048973ee83f697d1702109b"
                              },
                              {
                                    "type": "LOAD",
                                    "hash": "9b4be5d748a292e481722f1ef8f75020"
                              },
                              {
                                    "type": "LOAD",
                                    "hash": "647ff337cd492473f2283c3d4b414880"
                              }
                        ],
                        [
                              {
                                    "type": "EVAL",
                                    "hash": "a5d842cf76d1112fa025602764872564"
                              }
                        ],
                        [
                              {
                                    "type": "EVAL",
                                    "hash": "a5d842cf76d1112fa025602764872564"
                              }
                        ],
                        [
                              {
                                    "type": "EVAL",
                                    "hash": "a5d842cf76d1112fa025602764872564"
                              }
                        ],
                        [
                              {
                                    "type": "EVAL",
                                    "hash": "a5d842cf76d1112fa025602764872564"
                              }
                        ],
                        [
                              {
                                    "type": "EVAL",
                                    "hash": "a5d842cf76d1112fa025602764872564"
                              }
                        ],
                        [
                              {
                                    "type": "EVAL",
                                    "hash": "a5d842cf76d1112fa025602764872564"
                              }
                        ],
                        [
                              {
                                    "type": "EVAL",
                                    "hash": "a5d842cf76d1112fa025602764872564"
                              }
                        ],
                        [
                              {
                                    "type": "EVAL",
                                    "hash": "a5d842cf76d1112fa025602764872564"
                              }
                        ],
                        [
                              {
                                    "type": "EVAL",
                                    "hash": "a5d842cf76d1112fa025602764872564"
                              },
                              {
                                    "type": "EVAL",
                                    "hash": "9b4be5d748a292e481722f1ef8f75020"
                              }
                        ],
                        [
                              {
                                    "type": "EVAL",
                                    "hash": "a5d842cf76d1112fa025602764872564"
                              },
                              {
                                    "type": "EVAL",
                                    "hash": "9b4be5d748a292e481722f1ef8f75020"
                              }
                        ],
                        [
                              {
                                    "type": "EVAL",
                                    "hash": "a5d842cf76d1112fa025602764872564"
                              },
                              {
                                    "type": "EVAL",
                                    "hash": "9b4be5d748a292e481722f1ef8f75020"
                              }
                        ],
                        [
                              {
                                    "type": "EVAL",
                                    "hash": "a5d842cf76d1112fa025602764872564"
                              },
                              {
                                    "type": "EVAL",
                                    "hash": "9b4be5d748a292e481722f1ef8f75020"
                              }
                        ],
                        [
                              {
                                    "type": "EVAL",
                                    "hash": "a5d842cf76d1112fa025602764872564"
                              },
                              {
                                    "type": "EVAL",
                                    "hash": "9b4be5d748a292e481722f1ef8f75020"
                              }
                        ],
                        [
                              {
                                    "type": "EVAL",
                                    "hash": "a5d842cf76d1112fa025602764872564"
                              },
                              {
                                    "type": "EVAL",
                                    "hash": "9b4be5d748a292e481722f1ef8f75020"
                              }
                        ],
                        [
                              {
                                    "type": "EVAL",
                                    "hash": "a5d842cf76d1112fa025602764872564"
                              },
                              {
                                    "type": "EVAL",
                                    "hash": "9b4be5d748a292e481722f1ef8f75020"
                              }
                        ],
                        [
                              {
                                    "type": "EVAL",
                                    "hash": "a5d842cf76d1112fa025602764872564"
                              },
                              {
                                    "type": "EVAL",
                                    "hash": "9b4be5d748a292e481722f1ef8f75020"
                              }
                        ],
                        [
                              {
                                    "type": "EVAL",
                                    "hash": "a5d842cf76d1112fa025602764872564"
                              }
                        ],
                        [
                              {
                                    "type": "EVAL",
                                    "hash": "a5d842cf76d1112fa025602764872564"
                              }
                        ],
                        [
                              {
                                    "type": "EVAL",
                                    "hash": "a5d842cf76d1112fa025602764872564"
                              }
                        ],
                        [
                              {
                                    "type": "EVAL",
                                    "hash": "a5d842cf76d1112fa025602764872564"
                              }
                        ],
                        [
                              {
                                    "type": "EVAL",
                                    "hash": "a5d842cf76d1112fa025602764872564"
                              }
                        ],
                        [
                              {
                                    "type": "EVAL",
                                    "hash": "a5d842cf76d1112fa025602764872564"
                              }
                        ],
                        [
                              {
                                    "type": "EVAL",
                                    "hash": "a5d842cf76d1112fa025602764872564"
                              }
                        ],
                        [
                              {
                                    "type": "EVAL",
                                    "hash": "a5d842cf76d1112fa025602764872564"
                              }
                        ],
                        [
                              {
                                    "type": "EVAL",
                                    "hash": "e8b84f9a6048973ee83f697d1702109b"
                              }
                        ],
                        [
                              {
                                    "type": "EVAL",
                                    "hash": "e8b84f9a6048973ee83f697d1702109b"
                              }
                        ],
                        [
                              {
                                    "type": "EVAL",
                                    "hash": "e8b84f9a6048973ee83f697d1702109b"
                              }
                        ],
                        [
                              {
                                    "type": "EVAL",
                                    "hash": "e8b84f9a6048973ee83f697d1702109b"
                              }
                        ],
                        [
                              {
                                    "type": "EVAL",
                                    "hash": "e8b84f9a6048973ee83f697d1702109b"
                              }
                        ],
                        [
                              {
                                    "type": "EVAL",
                                    "hash": "e8b84f9a6048973ee83f697d1702109b"
                              }
                        ],
                        [
                              {
                                    "type": "EVAL",
                                    "hash": "647ff337cd492473f2283c3d4b414880"
                              },
                              {
                                    "type": "EVAL",
                                    "hash": "e8b84f9a6048973ee83f697d1702109b"
                              }
                        ],
                        [
                              {
                                    "type": "EVAL",
                                    "hash": "647ff337cd492473f2283c3d4b414880"
                              },
                              {
                                    "type": "EVAL",
                                    "hash": "e8b84f9a6048973ee83f697d1702109b"
                              }
                        ],
                        [
                              {
                                    "type": "EVAL",
                                    "hash": "7a6f2d8482f2fa6c02f2b44f1109de12"
                              }
                        ],
                        [
                              {
                                    "type": "EVAL",
                                    "hash": "7a6f2d8482f2fa6c02f2b44f1109de12"
                              }
                        ],
                        [
                              {
                                    "type": "EVAL",
                                    "hash": "7a6f2d8482f2fa6c02f2b44f1109de12"
                              }
                        ],
                        [
                              {
                                    "type": "EVAL",
                                    "hash": "7a6f2d8482f2fa6c02f2b44f1109de12"
                              }
                        ],
                        [
                              {
                                    "type": "EVAL",
                                    "hash": "7a6f2d8482f2fa6c02f2b44f1109de12"
                              }
                        ],
                        [
                              {
                                    "type": "EVAL",
                                    "hash": "7a6f2d8482f2fa6c02f2b44f1109de12"
                              }
                        ],
                        [
                              {
                                    "type": "EVAL",
                                    "hash": "7a6f2d8482f2fa6c02f2b44f1109de12"
                              }
                        ],
                        [
                              {
                                    "type": "EVAL",
                                    "hash": "7a6f2d8482f2fa6c02f2b44f1109de12"
                              }
                        ],
                        [
                              {
                                    "type": "EVAL",
                                    "hash": "7a6f2d8482f2fa6c02f2b44f1109de12"
                              }
                        ],
                        [
                              {
                                    "type": "EVAL",
                                    "hash": "7a6f2d8482f2fa6c02f2b44f1109de12"
                              }
                        ],
                        [
                              {
                                    "type": "EVAL",
                                    "hash": "7a6f2d8482f2fa6c02f2b44f1109de12"
                              }
                        ],
                        [
                              {
                                    "type": "EVAL",
                                    "hash": "7a6f2d8482f2fa6c02f2b44f1109de12"
                              }
                        ],
                        [
                              {
                                    "type": "EVAL",
                                    "hash": "7a6f2d8482f2fa6c02f2b44f1109de12"
                              }
                        ],
                        [
                              {
                                    "type": "EVAL",
                                    "hash": "7a6f2d8482f2fa6c02f2b44f1109de12"
                              }
                        ],
                        [
                              {
                                    "type": "EVAL",
                                    "hash": "7a6f2d8482f2fa6c02f2b44f1109de12"
                              }
                        ],
                        [
                              {
                                    "type": "EVAL",
                                    "hash": "7a6f2d8482f2fa6c02f2b44f1109de12"
                              }
                        ],
                        [
                              {
                                    "type": "EVAL",
                                    "hash": "7a6f2d8482f2fa6c02f2b44f1109de12"
                              }
                        ],
                        [
                              {
                                    "type": "EVAL",
                                    "hash": "7a6f2d8482f2fa6c02f2b44f1109de12"
                              }
                        ],
                        [
                              {
                                    "type": "EVAL",
                                    "hash": "7a6f2d8482f2fa6c02f2b44f1109de12"
                              }
                        ],
                        [
                              {
                                    "type": "EVAL",
                                    "hash": "7a6f2d8482f2fa6c02f2b44f1109de12"
                              }
                        ],
                        [
                              {
                                    "type": "EVAL",
                                    "hash": "7a6f2d8482f2fa6c02f2b44f1109de12"
                              }
                        ],
                        [
                              {
                                    "type": "EVAL",
                                    "hash": "7a6f2d8482f2fa6c02f2b44f1109de12"
                              }
                        ],
                        [
                              {
                                    "type": "EVAL",
                                    "hash": "7a6f2d8482f2fa6c02f2b44f1109de12"
                              }
                        ],
                        [
                              {
                                    "type": "EVAL",
                                    "hash": "7a6f2d8482f2fa6c02f2b44f1109de12"
                              }
                        ],
                        [
                              {
                                    "type": "EVAL",
                                    "hash": "7a6f2d8482f2fa6c02f2b44f1109de12"
                              }
                        ],
                        [
                              {
                                    "type": "EVAL",
                                    "hash": "7a6f2d8482f2fa6c02f2b44f1109de12"
                              }
                        ],
                        [
                              {
                                    "type": "EVAL",
                                    "hash": "7a6f2d8482f2fa6c02f2b44f1109de12"
                              }
                        ],
                        [
                              {
                                    "type": "EVAL",
                                    "hash": "7a6f2d8482f2fa6c02f2b44f1109de12"
                              }
                        ],
                        [
                              {
                                    "type": "EVAL",
                                    "hash": "7a6f2d8482f2fa6c02f2b44f1109de12"
                              }
                        ],
                        [
                              {
                                    "type": "EVAL",
                                    "hash": "7a6f2d8482f2fa6c02f2b44f1109de12"
                              }
                        ],
                        [
                              {
                                    "type": "EVAL",
                                    "hash": "7a6f2d8482f2fa6c02f2b44f1109de12"
                              }
                        ],
                        [
                              {
                                    "type": "EVAL",
                                    "hash": "7a6f2d8482f2fa6c02f2b44f1109de12"
                              }
                        ]
                  ],
                  "total_time": 0.00028824806213378906
            }
      }
]
