[
      {
            "name": "G388gat",
            "nodes": 5,
            "edges": 6,
            "roots": 1,
            "positive_terminal_node": true,
            "negative_terminal_node": true
      },
      {
            "name": "G390gat",
            "nodes": 5,
            "edges": 6,
            "roots": 1,
            "positive_terminal_node": true,
            "negative_terminal_node": true
      },
      {
            "name": "G389gat",
            "nodes": 5,
            "edges": 6,
            "roots": 1,
            "positive_terminal_node": true,
            "negative_terminal_node": true
      },
      {
            "name": "new_n122_",
            "nodes": 5,
            "edges": 6,
            "roots": 1,
            "positive_terminal_node": true,
            "negative_terminal_node": true
      },
      {
            "name": "G391gat",
            "nodes": 4,
            "edges": 4,
            "roots": 1,
            "positive_terminal_node": true,
            "negative_terminal_node": true
      },
      {
            "name": "G418gat",
            "nodes": 6,
            "edges": 8,
            "roots": 1,
            "positive_terminal_node": true,
            "negative_terminal_node": true
      },
      {
            "name": "new_n94_",
            "nodes": 6,
            "edges": 8,
            "roots": 1,
            "positive_terminal_node": true,
            "negative_terminal_node": true
      },
      {
            "name": "G420gat",
            "nodes": 5,
            "edges": 6,
            "roots": 1,
            "positive_terminal_node": true,
            "negative_terminal_node": true
      },
      {
            "name": "G421gat",
            "nodes": 5,
            "edges": 6,
            "roots": 1,
            "positive_terminal_node": true,
            "negative_terminal_node": true
      },
      {
            "name": "G422gat",
            "nodes": 5,
            "edges": 6,
            "roots": 1,
            "positive_terminal_node": true,
            "negative_terminal_node": true
      },
      {
            "name": "G423gat",
            "nodes": 5,
            "edges": 6,
            "roots": 1,
            "positive_terminal_node": true,
            "negative_terminal_node": true
      },
      {
            "name": "G447gat",
            "nodes": 5,
            "edges": 6,
            "roots": 1,
            "positive_terminal_node": true,
            "negative_terminal_node": true
      },
      {
            "name": "new_n119_",
            "nodes": 6,
            "edges": 8,
            "roots": 1,
            "positive_terminal_node": true,
            "negative_terminal_node": true
      },
      {
            "name": "new_n102_",
            "nodes": 6,
            "edges": 8,
            "roots": 1,
            "positive_terminal_node": true,
            "negative_terminal_node": true
      },
      {
            "name": "G450gat",
            "nodes": 5,
            "edges": 6,
            "roots": 1,
            "positive_terminal_node": true,
            "negative_terminal_node": true
      },
      {
            "name": "new_n106_",
            "nodes": 9,
            "edges": 14,
            "roots": 1,
            "positive_terminal_node": true,
            "negative_terminal_node": true
      },
      {
            "name": "new_n107_",
            "nodes": 9,
            "edges": 14,
            "roots": 1,
            "positive_terminal_node": true,
            "negative_terminal_node": true
      },
      {
            "name": "new_n109_",
            "nodes": 9,
            "edges": 14,
            "roots": 1,
            "positive_terminal_node": true,
            "negative_terminal_node": true
      },
      {
            "name": "new_n110_",
            "nodes": 9,
            "edges": 14,
            "roots": 1,
            "positive_terminal_node": true,
            "negative_terminal_node": true
      },
      {
            "name": "new_n117_",
            "nodes": 4,
            "edges": 4,
            "roots": 1,
            "positive_terminal_node": true,
            "negative_terminal_node": true
      },
      {
            "name": "new_n129_",
            "nodes": 5,
            "edges": 6,
            "roots": 1,
            "positive_terminal_node": true,
            "negative_terminal_node": true
      },
      {
            "name": "new_n130_",
            "nodes": 6,
            "edges": 8,
            "roots": 1,
            "positive_terminal_node": true,
            "negative_terminal_node": true
      },
      {
            "name": "new_n153_",
            "nodes": 6,
            "edges": 8,
            "roots": 1,
            "positive_terminal_node": true,
            "negative_terminal_node": true
      },
      {
            "name": "new_n162_",
            "nodes": 6,
            "edges": 8,
            "roots": 1,
            "positive_terminal_node": true,
            "negative_terminal_node": true
      },
      {
            "name": "G419gat",
            "nodes": 4,
            "edges": 4,
            "roots": 1,
            "positive_terminal_node": true,
            "negative_terminal_node": true
      },
      {
            "name": "G446gat",
            "nodes": 4,
            "edges": 4,
            "roots": 1,
            "positive_terminal_node": true,
            "negative_terminal_node": true
      },
      {
            "name": "new_n121_",
            "nodes": 6,
            "edges": 8,
            "roots": 1,
            "positive_terminal_node": true,
            "negative_terminal_node": true
      },
      {
            "name": "new_n170_",
            "nodes": 6,
            "edges": 8,
            "roots": 1,
            "positive_terminal_node": true,
            "negative_terminal_node": true
      },
      {
            "name": "new_n118_",
            "nodes": 6,
            "edges": 8,
            "roots": 1,
            "positive_terminal_node": true,
            "negative_terminal_node": true
      },
      {
            "name": "G448gat",
            "nodes": 5,
            "edges": 6,
            "roots": 1,
            "positive_terminal_node": true,
            "negative_terminal_node": true
      },
      {
            "name": "G449gat",
            "nodes": 6,
            "edges": 8,
            "roots": 1,
            "positive_terminal_node": true,
            "negative_terminal_node": true
      },
      {
            "name": "G767gat",
            "nodes": 9,
            "edges": 14,
            "roots": 1,
            "positive_terminal_node": true,
            "negative_terminal_node": true
      },
      {
            "name": "G768gat",
            "nodes": 9,
            "edges": 14,
            "roots": 1,
            "positive_terminal_node": true,
            "negative_terminal_node": true
      },
      {
            "name": "new_n116_",
            "nodes": 6,
            "edges": 8,
            "roots": 1,
            "positive_terminal_node": true,
            "negative_terminal_node": true
      },
      {
            "name": "new_n123_",
            "nodes": 6,
            "edges": 8,
            "roots": 1,
            "positive_terminal_node": true,
            "negative_terminal_node": true
      },
      {
            "name": "new_n171_",
            "nodes": 5,
            "edges": 6,
            "roots": 1,
            "positive_terminal_node": true,
            "negative_terminal_node": true
      },
      {
            "name": "new_n128_",
            "nodes": 6,
            "edges": 8,
            "roots": 1,
            "positive_terminal_node": true,
            "negative_terminal_node": true
      },
      {
            "name": "new_n169_",
            "nodes": 5,
            "edges": 6,
            "roots": 1,
            "positive_terminal_node": true,
            "negative_terminal_node": true
      },
      {
            "name": "new_n174_",
            "nodes": 5,
            "edges": 6,
            "roots": 1,
            "positive_terminal_node": true,
            "negative_terminal_node": true
      },
      {
            "name": "new_n179_",
            "nodes": 5,
            "edges": 6,
            "roots": 1,
            "positive_terminal_node": true,
            "negative_terminal_node": true
      },
      {
            "name": "new_n185_",
            "nodes": 5,
            "edges": 6,
            "roots": 1,
            "positive_terminal_node": true,
            "negative_terminal_node": true
      },
      {
            "name": "new_n115_",
            "nodes": 5,
            "edges": 6,
            "roots": 1,
            "positive_terminal_node": true,
            "negative_terminal_node": true
      },
      {
            "name": "new_n120_",
            "nodes": 5,
            "edges": 6,
            "roots": 1,
            "positive_terminal_node": true,
            "negative_terminal_node": true
      },
      {
            "name": "new_n136_",
            "nodes": 5,
            "edges": 6,
            "roots": 1,
            "positive_terminal_node": true,
            "negative_terminal_node": true
      },
      {
            "name": "new_n142_",
            "nodes": 5,
            "edges": 6,
            "roots": 1,
            "positive_terminal_node": true,
            "negative_terminal_node": true
      },
      {
            "name": "new_n144_",
            "nodes": 5,
            "edges": 6,
            "roots": 1,
            "positive_terminal_node": true,
            "negative_terminal_node": true
      },
      {
            "name": "new_n127_",
            "nodes": 5,
            "edges": 6,
            "roots": 1,
            "positive_terminal_node": true,
            "negative_terminal_node": true
      },
      {
            "name": "new_n137_",
            "nodes": 6,
            "edges": 8,
            "roots": 1,
            "positive_terminal_node": true,
            "negative_terminal_node": true
      },
      {
            "name": "new_n152_",
            "nodes": 5,
            "edges": 6,
            "roots": 1,
            "positive_terminal_node": true,
            "negative_terminal_node": true
      },
      {
            "name": "new_n161_",
            "nodes": 5,
            "edges": 6,
            "roots": 1,
            "positive_terminal_node": true,
            "negative_terminal_node": true
      },
      {
            "name": "new_n190_",
            "nodes": 6,
            "edges": 8,
            "roots": 1,
            "positive_terminal_node": true,
            "negative_terminal_node": true
      },
      {
            "name": "new_n197_",
            "nodes": 6,
            "edges": 8,
            "roots": 1,
            "positive_terminal_node": true,
            "negative_terminal_node": true
      },
      {
            "name": "new_n205_",
            "nodes": 6,
            "edges": 8,
            "roots": 1,
            "positive_terminal_node": true,
            "negative_terminal_node": true
      },
      {
            "name": "new_n212_",
            "nodes": 6,
            "edges": 8,
            "roots": 1,
            "positive_terminal_node": true,
            "negative_terminal_node": true
      },
      {
            "name": "new_n168_",
            "nodes": 5,
            "edges": 6,
            "roots": 1,
            "positive_terminal_node": true,
            "negative_terminal_node": true
      },
      {
            "name": "new_n173_",
            "nodes": 5,
            "edges": 6,
            "roots": 1,
            "positive_terminal_node": true,
            "negative_terminal_node": true
      },
      {
            "name": "new_n178_",
            "nodes": 5,
            "edges": 6,
            "roots": 1,
            "positive_terminal_node": true,
            "negative_terminal_node": true
      },
      {
            "name": "new_n184_",
            "nodes": 5,
            "edges": 6,
            "roots": 1,
            "positive_terminal_node": true,
            "negative_terminal_node": true
      },
      {
            "name": "new_n114_",
            "nodes": 5,
            "edges": 6,
            "roots": 1,
            "positive_terminal_node": true,
            "negative_terminal_node": true
      },
      {
            "name": "new_n135_",
            "nodes": 5,
            "edges": 6,
            "roots": 1,
            "positive_terminal_node": true,
            "negative_terminal_node": true
      },
      {
            "name": "new_n141_",
            "nodes": 5,
            "edges": 6,
            "roots": 1,
            "positive_terminal_node": true,
            "negative_terminal_node": true
      },
      {
            "name": "new_n143_",
            "nodes": 5,
            "edges": 6,
            "roots": 1,
            "positive_terminal_node": true,
            "negative_terminal_node": true
      },
      {
            "name": "new_n147_",
            "nodes": 6,
            "edges": 8,
            "roots": 1,
            "positive_terminal_node": true,
            "negative_terminal_node": true
      },
      {
            "name": "new_n167_",
            "nodes": 5,
            "edges": 6,
            "roots": 1,
            "positive_terminal_node": true,
            "negative_terminal_node": true
      },
      {
            "name": "new_n172_",
            "nodes": 5,
            "edges": 6,
            "roots": 1,
            "positive_terminal_node": true,
            "negative_terminal_node": true
      },
      {
            "name": "new_n177_",
            "nodes": 5,
            "edges": 6,
            "roots": 1,
            "positive_terminal_node": true,
            "negative_terminal_node": true
      },
      {
            "name": "new_n183_",
            "nodes": 5,
            "edges": 6,
            "roots": 1,
            "positive_terminal_node": true,
            "negative_terminal_node": true
      },
      {
            "name": "new_n113_",
            "nodes": 5,
            "edges": 6,
            "roots": 1,
            "positive_terminal_node": true,
            "negative_terminal_node": true
      },
      {
            "name": "new_n125_",
            "nodes": 4,
            "edges": 4,
            "roots": 1,
            "positive_terminal_node": true,
            "negative_terminal_node": true
      },
      {
            "name": "new_n126_",
            "nodes": 5,
            "edges": 6,
            "roots": 1,
            "positive_terminal_node": true,
            "negative_terminal_node": true
      },
      {
            "name": "new_n145_",
            "nodes": 5,
            "edges": 6,
            "roots": 1,
            "positive_terminal_node": true,
            "negative_terminal_node": true
      },
      {
            "name": "new_n134_",
            "nodes": 5,
            "edges": 6,
            "roots": 1,
            "positive_terminal_node": true,
            "negative_terminal_node": true
      },
      {
            "name": "new_n138_",
            "nodes": 5,
            "edges": 6,
            "roots": 1,
            "positive_terminal_node": true,
            "negative_terminal_node": true
      },
      {
            "name": "new_n151_",
            "nodes": 5,
            "edges": 6,
            "roots": 1,
            "positive_terminal_node": true,
            "negative_terminal_node": true
      },
      {
            "name": "new_n154_",
            "nodes": 5,
            "edges": 6,
            "roots": 1,
            "positive_terminal_node": true,
            "negative_terminal_node": true
      },
      {
            "name": "new_n140_",
            "nodes": 6,
            "edges": 8,
            "roots": 1,
            "positive_terminal_node": true,
            "negative_terminal_node": true
      },
      {
            "name": "new_n158_",
            "nodes": 5,
            "edges": 6,
            "roots": 1,
            "positive_terminal_node": true,
            "negative_terminal_node": true
      },
      {
            "name": "new_n160_",
            "nodes": 5,
            "edges": 6,
            "roots": 1,
            "positive_terminal_node": true,
            "negative_terminal_node": true
      },
      {
            "name": "new_n146_",
            "nodes": 6,
            "edges": 8,
            "roots": 1,
            "positive_terminal_node": true,
            "negative_terminal_node": true
      },
      {
            "name": "new_n166_",
            "nodes": 4,
            "edges": 4,
            "roots": 1,
            "positive_terminal_node": true,
            "negative_terminal_node": true
      },
      {
            "name": "new_n181_",
            "nodes": 4,
            "edges": 4,
            "roots": 1,
            "positive_terminal_node": true,
            "negative_terminal_node": true
      },
      {
            "name": "new_n211_",
            "nodes": 5,
            "edges": 6,
            "roots": 1,
            "positive_terminal_node": true,
            "negative_terminal_node": true
      },
      {
            "name": "new_n213_",
            "nodes": 5,
            "edges": 6,
            "roots": 1,
            "positive_terminal_node": true,
            "negative_terminal_node": true
      },
      {
            "name": "new_n204_",
            "nodes": 5,
            "edges": 6,
            "roots": 1,
            "positive_terminal_node": true,
            "negative_terminal_node": true
      },
      {
            "name": "new_n206_",
            "nodes": 5,
            "edges": 6,
            "roots": 1,
            "positive_terminal_node": true,
            "negative_terminal_node": true
      },
      {
            "name": "new_n176_",
            "nodes": 4,
            "edges": 4,
            "roots": 1,
            "positive_terminal_node": true,
            "negative_terminal_node": true
      },
      {
            "name": "new_n182_",
            "nodes": 4,
            "edges": 4,
            "roots": 1,
            "positive_terminal_node": true,
            "negative_terminal_node": true
      },
      {
            "name": "new_n189_",
            "nodes": 5,
            "edges": 6,
            "roots": 1,
            "positive_terminal_node": true,
            "negative_terminal_node": true
      },
      {
            "name": "new_n191_",
            "nodes": 5,
            "edges": 6,
            "roots": 1,
            "positive_terminal_node": true,
            "negative_terminal_node": true
      },
      {
            "name": "new_n196_",
            "nodes": 5,
            "edges": 6,
            "roots": 1,
            "positive_terminal_node": true,
            "negative_terminal_node": true
      },
      {
            "name": "new_n198_",
            "nodes": 5,
            "edges": 6,
            "roots": 1,
            "positive_terminal_node": true,
            "negative_terminal_node": true
      },
      {
            "name": "new_n112_",
            "nodes": 6,
            "edges": 8,
            "roots": 1,
            "positive_terminal_node": true,
            "negative_terminal_node": true
      },
      {
            "name": "new_n124_",
            "nodes": 5,
            "edges": 6,
            "roots": 1,
            "positive_terminal_node": true,
            "negative_terminal_node": true
      },
      {
            "name": "new_n155_",
            "nodes": 7,
            "edges": 10,
            "roots": 1,
            "positive_terminal_node": true,
            "negative_terminal_node": true
      },
      {
            "name": "new_n133_",
            "nodes": 6,
            "edges": 8,
            "roots": 1,
            "positive_terminal_node": true,
            "negative_terminal_node": true
      },
      {
            "name": "new_n150_",
            "nodes": 6,
            "edges": 8,
            "roots": 1,
            "positive_terminal_node": true,
            "negative_terminal_node": true
      },
      {
            "name": "new_n157_",
            "nodes": 7,
            "edges": 10,
            "roots": 1,
            "positive_terminal_node": true,
            "negative_terminal_node": true
      },
      {
            "name": "new_n159_",
            "nodes": 5,
            "edges": 6,
            "roots": 1,
            "positive_terminal_node": true,
            "negative_terminal_node": true
      },
      {
            "name": "new_n139_",
            "nodes": 6,
            "edges": 8,
            "roots": 1,
            "positive_terminal_node": true,
            "negative_terminal_node": true
      },
      {
            "name": "new_n165_",
            "nodes": 5,
            "edges": 6,
            "roots": 1,
            "positive_terminal_node": true,
            "negative_terminal_node": true
      },
      {
            "name": "new_n180_",
            "nodes": 6,
            "edges": 8,
            "roots": 1,
            "positive_terminal_node": true,
            "negative_terminal_node": true
      },
      {
            "name": "new_n210_",
            "nodes": 5,
            "edges": 6,
            "roots": 1,
            "positive_terminal_node": true,
            "negative_terminal_node": true
      },
      {
            "name": "new_n203_",
            "nodes": 6,
            "edges": 8,
            "roots": 1,
            "positive_terminal_node": true,
            "negative_terminal_node": true
      },
      {
            "name": "new_n201_",
            "nodes": 5,
            "edges": 6,
            "roots": 1,
            "positive_terminal_node": true,
            "negative_terminal_node": true
      },
      {
            "name": "new_n188_",
            "nodes": 5,
            "edges": 6,
            "roots": 1,
            "positive_terminal_node": true,
            "negative_terminal_node": true
      },
      {
            "name": "new_n195_",
            "nodes": 6,
            "edges": 8,
            "roots": 1,
            "positive_terminal_node": true,
            "negative_terminal_node": true
      },
      {
            "name": "G850gat",
            "nodes": 6,
            "edges": 8,
            "roots": 1,
            "positive_terminal_node": true,
            "negative_terminal_node": true
      },
      {
            "name": "new_n132_",
            "nodes": 5,
            "edges": 6,
            "roots": 1,
            "positive_terminal_node": true,
            "negative_terminal_node": true
      },
      {
            "name": "new_n149_",
            "nodes": 5,
            "edges": 6,
            "roots": 1,
            "positive_terminal_node": true,
            "negative_terminal_node": true
      },
      {
            "name": "G865gat",
            "nodes": 6,
            "edges": 8,
            "roots": 1,
            "positive_terminal_node": true,
            "negative_terminal_node": true
      },
      {
            "name": "new_n175_",
            "nodes": 7,
            "edges": 10,
            "roots": 1,
            "positive_terminal_node": true,
            "negative_terminal_node": true
      },
      {
            "name": "new_n192_",
            "nodes": 6,
            "edges": 8,
            "roots": 1,
            "positive_terminal_node": true,
            "negative_terminal_node": true
      },
      {
            "name": "new_n209_",
            "nodes": 5,
            "edges": 6,
            "roots": 1,
            "positive_terminal_node": true,
            "negative_terminal_node": true
      },
      {
            "name": "new_n202_",
            "nodes": 5,
            "edges": 6,
            "roots": 1,
            "positive_terminal_node": true,
            "negative_terminal_node": true
      },
      {
            "name": "new_n187_",
            "nodes": 5,
            "edges": 6,
            "roots": 1,
            "positive_terminal_node": true,
            "negative_terminal_node": true
      },
      {
            "name": "new_n194_",
            "nodes": 5,
            "edges": 6,
            "roots": 1,
            "positive_terminal_node": true,
            "negative_terminal_node": true
      },
      {
            "name": "G863gat",
            "nodes": 7,
            "edges": 10,
            "roots": 1,
            "positive_terminal_node": true,
            "negative_terminal_node": true
      },
      {
            "name": "G864gat",
            "nodes": 7,
            "edges": 10,
            "roots": 1,
            "positive_terminal_node": true,
            "negative_terminal_node": true
      },
      {
            "name": "new_n164_",
            "nodes": 6,
            "edges": 8,
            "roots": 1,
            "positive_terminal_node": true,
            "negative_terminal_node": true
      },
      {
            "name": "new_n208_",
            "nodes": 4,
            "edges": 4,
            "roots": 1,
            "positive_terminal_node": true,
            "negative_terminal_node": true
      },
      {
            "name": "new_n200_",
            "nodes": 6,
            "edges": 8,
            "roots": 1,
            "positive_terminal_node": true,
            "negative_terminal_node": true
      },
      {
            "name": "G874gat",
            "nodes": 7,
            "edges": 10,
            "roots": 1,
            "positive_terminal_node": true,
            "negative_terminal_node": true
      },
      {
            "name": "G866gat",
            "nodes": 6,
            "edges": 8,
            "roots": 1,
            "positive_terminal_node": true,
            "negative_terminal_node": true
      },
      {
            "name": "G878gat",
            "nodes": 7,
            "edges": 10,
            "roots": 1,
            "positive_terminal_node": true,
            "negative_terminal_node": true
      },
      {
            "name": "G880gat",
            "nodes": 7,
            "edges": 10,
            "roots": 1,
            "positive_terminal_node": true,
            "negative_terminal_node": true
      },
      {
            "name": "G879gat",
            "nodes": 7,
            "edges": 10,
            "roots": 1,
            "positive_terminal_node": true,
            "negative_terminal_node": true
      },
      {
            "klutparser": {
                  "total_time": 287.32976603507996
            }
      },
      {
            "patterns": [
                  {
                        "hash": "4b8c2cfb0c6f53666a623b1146239137",
                        "nr_bdds": 11,
                        "nodes": 5,
                        "edges": 6
                  },
                  {
                        "hash": "9b4be5d748a292e481722f1ef8f75020",
                        "nr_bdds": 10,
                        "nodes": 4,
                        "edges": 4
                  },
                  {
                        "hash": "e8b84f9a6048973ee83f697d1702109b",
                        "nr_bdds": 8,
                        "nodes": 6,
                        "edges": 8
                  },
                  {
                        "hash": "9cb5538ee75163054fc2701486e1c8c0",
                        "nr_bdds": 47,
                        "nodes": 5,
                        "edges": 6
                  },
                  {
                        "hash": "a5d842cf76d1112fa025602764872564",
                        "nr_bdds": 6,
                        "nodes": 9,
                        "edges": 14
                  },
                  {
                        "hash": "a2dbf422e172f0d81f68959829399c7e",
                        "nr_bdds": 9,
                        "nodes": 6,
                        "edges": 8
                  },
                  {
                        "hash": "9c64a4a606a48aab8432d0086169cf18",
                        "nr_bdds": 7,
                        "nodes": 6,
                        "edges": 8
                  },
                  {
                        "hash": "d9a37025335199f832c9fe6df8843cd0",
                        "nr_bdds": 2,
                        "nodes": 6,
                        "edges": 8
                  },
                  {
                        "hash": "139ddeb095408caaf1d74b1c22dfed03",
                        "nr_bdds": 3,
                        "nodes": 6,
                        "edges": 8
                  },
                  {
                        "hash": "9822a24b511f3933f5d70afca4f08599",
                        "nr_bdds": 8,
                        "nodes": 5,
                        "edges": 6
                  },
                  {
                        "hash": "4096f635d63d699f18af72eb0332f0ff",
                        "nr_bdds": 4,
                        "nodes": 6,
                        "edges": 8
                  },
                  {
                        "hash": "d125de513ca8b1ffebff5462759c9c11",
                        "nr_bdds": 1,
                        "nodes": 7,
                        "edges": 10
                  },
                  {
                        "hash": "b196992a908675ec2151fb0a75d0a79a",
                        "nr_bdds": 1,
                        "nodes": 7,
                        "edges": 10
                  },
                  {
                        "hash": "0786a4b7b6e7e9aa4fd2d348958211f2",
                        "nr_bdds": 2,
                        "nodes": 6,
                        "edges": 8
                  },
                  {
                        "hash": "b6917ad71b3f20c040634caa142cd179",
                        "nr_bdds": 1,
                        "nodes": 7,
                        "edges": 10
                  },
                  {
                        "hash": "b0119d264c02ac9d08f59ad7e1bd9ac7",
                        "nr_bdds": 6,
                        "nodes": 7,
                        "edges": 10
                  }
            ],
            "before": {
                  "rows": 697,
                  "cols": 890,
                  "semi": 1587,
                  "area": 620330,
                  "cycles": 10,
                  "total_time": 0.01988363265991211
            },
            "after": {
                  "rows": 98,
                  "cols": 132,
                  "semi": 230,
                  "area": 12936,
                  "cycles": 59,
                  "total_time": 0.0004596710205078125
            }
      },
      {
            "cycles": {
                  "cycles": [
                        [
                              {
                                    "type": "LOAD",
                                    "hash": "9cb5538ee75163054fc2701486e1c8c0"
                              },
                              {
                                    "type": "LOAD",
                                    "hash": "4b8c2cfb0c6f53666a623b1146239137"
                              },
                              {
                                    "type": "LOAD",
                                    "hash": "9b4be5d748a292e481722f1ef8f75020"
                              },
                              {
                                    "type": "LOAD",
                                    "hash": "a2dbf422e172f0d81f68959829399c7e"
                              },
                              {
                                    "type": "LOAD",
                                    "hash": "e8b84f9a6048973ee83f697d1702109b"
                              },
                              {
                                    "type": "LOAD",
                                    "hash": "9822a24b511f3933f5d70afca4f08599"
                              },
                              {
                                    "type": "LOAD",
                                    "hash": "9c64a4a606a48aab8432d0086169cf18"
                              },
                              {
                                    "type": "LOAD",
                                    "hash": "a5d842cf76d1112fa025602764872564"
                              },
                              {
                                    "type": "LOAD",
                                    "hash": "b0119d264c02ac9d08f59ad7e1bd9ac7"
                              },
                              {
                                    "type": "LOAD",
                                    "hash": "4096f635d63d699f18af72eb0332f0ff"
                              },
                              {
                                    "type": "LOAD",
                                    "hash": "139ddeb095408caaf1d74b1c22dfed03"
                              },
                              {
                                    "type": "LOAD",
                                    "hash": "d9a37025335199f832c9fe6df8843cd0"
                              },
                              {
                                    "type": "LOAD",
                                    "hash": "0786a4b7b6e7e9aa4fd2d348958211f2"
                              },
                              {
                                    "type": "LOAD",
                                    "hash": "d125de513ca8b1ffebff5462759c9c11"
                              }
                        ],
                        [
                              {
                                    "type": "EVAL",
                                    "hash": "4b8c2cfb0c6f53666a623b1146239137"
                              }
                        ],
                        [
                              {
                                    "type": "EVAL",
                                    "hash": "9b4be5d748a292e481722f1ef8f75020"
                              },
                              {
                                    "type": "EVAL",
                                    "hash": "4b8c2cfb0c6f53666a623b1146239137"
                              },
                              {
                                    "type": "EVAL",
                                    "hash": "e8b84f9a6048973ee83f697d1702109b"
                              }
                        ],
                        [
                              {
                                    "type": "EVAL",
                                    "hash": "9c64a4a606a48aab8432d0086169cf18"
                              },
                              {
                                    "type": "EVAL",
                                    "hash": "e8b84f9a6048973ee83f697d1702109b"
                              }
                        ],
                        [
                              {
                                    "type": "EVAL",
                                    "hash": "e8b84f9a6048973ee83f697d1702109b"
                              },
                              {
                                    "type": "EVAL",
                                    "hash": "9c64a4a606a48aab8432d0086169cf18"
                              },
                              {
                                    "type": "EVAL",
                                    "hash": "d9a37025335199f832c9fe6df8843cd0"
                              }
                        ],
                        [
                              {
                                    "type": "EVAL",
                                    "hash": "9cb5538ee75163054fc2701486e1c8c0"
                              }
                        ],
                        [
                              {
                                    "type": "EVAL",
                                    "hash": "9cb5538ee75163054fc2701486e1c8c0"
                              }
                        ],
                        [
                              {
                                    "type": "EVAL",
                                    "hash": "9cb5538ee75163054fc2701486e1c8c0"
                              }
                        ],
                        [
                              {
                                    "type": "EVAL",
                                    "hash": "9cb5538ee75163054fc2701486e1c8c0"
                              }
                        ],
                        [
                              {
                                    "type": "EVAL",
                                    "hash": "9cb5538ee75163054fc2701486e1c8c0"
                              }
                        ],
                        [
                              {
                                    "type": "EVAL",
                                    "hash": "9cb5538ee75163054fc2701486e1c8c0"
                              }
                        ],
                        [
                              {
                                    "type": "EVAL",
                                    "hash": "4b8c2cfb0c6f53666a623b1146239137"
                              },
                              {
                                    "type": "EVAL",
                                    "hash": "9cb5538ee75163054fc2701486e1c8c0"
                              }
                        ],
                        [
                              {
                                    "type": "EVAL",
                                    "hash": "4b8c2cfb0c6f53666a623b1146239137"
                              },
                              {
                                    "type": "EVAL",
                                    "hash": "9cb5538ee75163054fc2701486e1c8c0"
                              },
                              {
                                    "type": "EVAL",
                                    "hash": "e8b84f9a6048973ee83f697d1702109b"
                              }
                        ],
                        [
                              {
                                    "type": "EVAL",
                                    "hash": "9cb5538ee75163054fc2701486e1c8c0"
                              }
                        ],
                        [
                              {
                                    "type": "EVAL",
                                    "hash": "9cb5538ee75163054fc2701486e1c8c0"
                              }
                        ],
                        [
                              {
                                    "type": "EVAL",
                                    "hash": "9cb5538ee75163054fc2701486e1c8c0"
                              }
                        ],
                        [
                              {
                                    "type": "EVAL",
                                    "hash": "9cb5538ee75163054fc2701486e1c8c0"
                              }
                        ],
                        [
                              {
                                    "type": "EVAL",
                                    "hash": "9cb5538ee75163054fc2701486e1c8c0"
                              }
                        ],
                        [
                              {
                                    "type": "EVAL",
                                    "hash": "9cb5538ee75163054fc2701486e1c8c0"
                              }
                        ],
                        [
                              {
                                    "type": "EVAL",
                                    "hash": "9cb5538ee75163054fc2701486e1c8c0"
                              }
                        ],
                        [
                              {
                                    "type": "EVAL",
                                    "hash": "139ddeb095408caaf1d74b1c22dfed03"
                              },
                              {
                                    "type": "EVAL",
                                    "hash": "e8b84f9a6048973ee83f697d1702109b"
                              },
                              {
                                    "type": "EVAL",
                                    "hash": "9cb5538ee75163054fc2701486e1c8c0"
                              },
                              {
                                    "type": "EVAL",
                                    "hash": "a2dbf422e172f0d81f68959829399c7e"
                              }
                        ],
                        [
                              {
                                    "type": "EVAL",
                                    "hash": "a2dbf422e172f0d81f68959829399c7e"
                              }
                        ],
                        [
                              {
                                    "type": "EVAL",
                                    "hash": "9cb5538ee75163054fc2701486e1c8c0"
                              },
                              {
                                    "type": "EVAL",
                                    "hash": "a2dbf422e172f0d81f68959829399c7e"
                              }
                        ],
                        [
                              {
                                    "type": "EVAL",
                                    "hash": "9cb5538ee75163054fc2701486e1c8c0"
                              },
                              {
                                    "type": "EVAL",
                                    "hash": "a2dbf422e172f0d81f68959829399c7e"
                              }
                        ],
                        [
                              {
                                    "type": "EVAL",
                                    "hash": "9cb5538ee75163054fc2701486e1c8c0"
                              },
                              {
                                    "type": "EVAL",
                                    "hash": "a2dbf422e172f0d81f68959829399c7e"
                              }
                        ],
                        [
                              {
                                    "type": "EVAL",
                                    "hash": "9cb5538ee75163054fc2701486e1c8c0"
                              },
                              {
                                    "type": "EVAL",
                                    "hash": "a2dbf422e172f0d81f68959829399c7e"
                              }
                        ],
                        [
                              {
                                    "type": "EVAL",
                                    "hash": "9cb5538ee75163054fc2701486e1c8c0"
                              },
                              {
                                    "type": "EVAL",
                                    "hash": "a2dbf422e172f0d81f68959829399c7e"
                              }
                        ],
                        [
                              {
                                    "type": "EVAL",
                                    "hash": "9cb5538ee75163054fc2701486e1c8c0"
                              },
                              {
                                    "type": "EVAL",
                                    "hash": "a2dbf422e172f0d81f68959829399c7e"
                              }
                        ],
                        [
                              {
                                    "type": "EVAL",
                                    "hash": "9b4be5d748a292e481722f1ef8f75020"
                              },
                              {
                                    "type": "EVAL",
                                    "hash": "a2dbf422e172f0d81f68959829399c7e"
                              },
                              {
                                    "type": "EVAL",
                                    "hash": "9cb5538ee75163054fc2701486e1c8c0"
                              },
                              {
                                    "type": "EVAL",
                                    "hash": "4096f635d63d699f18af72eb0332f0ff"
                              }
                        ],
                        [
                              {
                                    "type": "EVAL",
                                    "hash": "9cb5538ee75163054fc2701486e1c8c0"
                              }
                        ],
                        [
                              {
                                    "type": "EVAL",
                                    "hash": "9cb5538ee75163054fc2701486e1c8c0"
                              }
                        ],
                        [
                              {
                                    "type": "EVAL",
                                    "hash": "9cb5538ee75163054fc2701486e1c8c0"
                              }
                        ],
                        [
                              {
                                    "type": "EVAL",
                                    "hash": "9cb5538ee75163054fc2701486e1c8c0"
                              }
                        ],
                        [
                              {
                                    "type": "EVAL",
                                    "hash": "9b4be5d748a292e481722f1ef8f75020"
                              },
                              {
                                    "type": "EVAL",
                                    "hash": "9cb5538ee75163054fc2701486e1c8c0"
                              }
                        ],
                        [
                              {
                                    "type": "EVAL",
                                    "hash": "9b4be5d748a292e481722f1ef8f75020"
                              },
                              {
                                    "type": "EVAL",
                                    "hash": "9cb5538ee75163054fc2701486e1c8c0"
                              }
                        ],
                        [
                              {
                                    "type": "EVAL",
                                    "hash": "9b4be5d748a292e481722f1ef8f75020"
                              },
                              {
                                    "type": "EVAL",
                                    "hash": "9cb5538ee75163054fc2701486e1c8c0"
                              }
                        ],
                        [
                              {
                                    "type": "EVAL",
                                    "hash": "9b4be5d748a292e481722f1ef8f75020"
                              },
                              {
                                    "type": "EVAL",
                                    "hash": "9cb5538ee75163054fc2701486e1c8c0"
                              },
                              {
                                    "type": "EVAL",
                                    "hash": "139ddeb095408caaf1d74b1c22dfed03"
                              }
                        ],
                        [
                              {
                                    "type": "EVAL",
                                    "hash": "9822a24b511f3933f5d70afca4f08599"
                              }
                        ],
                        [
                              {
                                    "type": "EVAL",
                                    "hash": "9822a24b511f3933f5d70afca4f08599"
                              }
                        ],
                        [
                              {
                                    "type": "EVAL",
                                    "hash": "9822a24b511f3933f5d70afca4f08599"
                              },
                              {
                                    "type": "EVAL",
                                    "hash": "9cb5538ee75163054fc2701486e1c8c0"
                              }
                        ],
                        [
                              {
                                    "type": "EVAL",
                                    "hash": "9822a24b511f3933f5d70afca4f08599"
                              },
                              {
                                    "type": "EVAL",
                                    "hash": "9cb5538ee75163054fc2701486e1c8c0"
                              }
                        ],
                        [
                              {
                                    "type": "EVAL",
                                    "hash": "9c64a4a606a48aab8432d0086169cf18"
                              },
                              {
                                    "type": "EVAL",
                                    "hash": "9822a24b511f3933f5d70afca4f08599"
                              },
                              {
                                    "type": "EVAL",
                                    "hash": "9cb5538ee75163054fc2701486e1c8c0"
                              }
                        ],
                        [
                              {
                                    "type": "EVAL",
                                    "hash": "9c64a4a606a48aab8432d0086169cf18"
                              },
                              {
                                    "type": "EVAL",
                                    "hash": "9822a24b511f3933f5d70afca4f08599"
                              },
                              {
                                    "type": "EVAL",
                                    "hash": "9cb5538ee75163054fc2701486e1c8c0"
                              }
                        ],
                        [
                              {
                                    "type": "EVAL",
                                    "hash": "9c64a4a606a48aab8432d0086169cf18"
                              },
                              {
                                    "type": "EVAL",
                                    "hash": "9822a24b511f3933f5d70afca4f08599"
                              },
                              {
                                    "type": "EVAL",
                                    "hash": "9cb5538ee75163054fc2701486e1c8c0"
                              },
                              {
                                    "type": "EVAL",
                                    "hash": "4096f635d63d699f18af72eb0332f0ff"
                              }
                        ],
                        [
                              {
                                    "type": "EVAL",
                                    "hash": "9c64a4a606a48aab8432d0086169cf18"
                              },
                              {
                                    "type": "EVAL",
                                    "hash": "9cb5538ee75163054fc2701486e1c8c0"
                              },
                              {
                                    "type": "EVAL",
                                    "hash": "9822a24b511f3933f5d70afca4f08599"
                              },
                              {
                                    "type": "EVAL",
                                    "hash": "4096f635d63d699f18af72eb0332f0ff"
                              }
                        ],
                        [
                              {
                                    "type": "LOAD",
                                    "hash": "b6917ad71b3f20c040634caa142cd179"
                              }
                        ],
                        [
                              {
                                    "type": "EVAL",
                                    "hash": "b6917ad71b3f20c040634caa142cd179"
                              }
                        ],
                        [
                              {
                                    "type": "EVAL",
                                    "hash": "9cb5538ee75163054fc2701486e1c8c0"
                              }
                        ],
                        [
                              {
                                    "type": "EVAL",
                                    "hash": "9cb5538ee75163054fc2701486e1c8c0"
                              }
                        ],
                        [
                              {
                                    "type": "EVAL",
                                    "hash": "9cb5538ee75163054fc2701486e1c8c0"
                              }
                        ],
                        [
                              {
                                    "type": "EVAL",
                                    "hash": "9cb5538ee75163054fc2701486e1c8c0"
                              }
                        ],
                        [
                              {
                                    "type": "EVAL",
                                    "hash": "a5d842cf76d1112fa025602764872564"
                              },
                              {
                                    "type": "EVAL",
                                    "hash": "9cb5538ee75163054fc2701486e1c8c0"
                              }
                        ],
                        [
                              {
                                    "type": "EVAL",
                                    "hash": "a5d842cf76d1112fa025602764872564"
                              },
                              {
                                    "type": "EVAL",
                                    "hash": "9cb5538ee75163054fc2701486e1c8c0"
                              }
                        ],
                        [
                              {
                                    "type": "EVAL",
                                    "hash": "a5d842cf76d1112fa025602764872564"
                              },
                              {
                                    "type": "EVAL",
                                    "hash": "9cb5538ee75163054fc2701486e1c8c0"
                              }
                        ],
                        [
                              {
                                    "type": "EVAL",
                                    "hash": "a5d842cf76d1112fa025602764872564"
                              },
                              {
                                    "type": "EVAL",
                                    "hash": "e8b84f9a6048973ee83f697d1702109b"
                              },
                              {
                                    "type": "EVAL",
                                    "hash": "9cb5538ee75163054fc2701486e1c8c0"
                              },
                              {
                                    "type": "EVAL",
                                    "hash": "9c64a4a606a48aab8432d0086169cf18"
                              },
                              {
                                    "type": "EVAL",
                                    "hash": "4b8c2cfb0c6f53666a623b1146239137"
                              },
                              {
                                    "type": "EVAL",
                                    "hash": "139ddeb095408caaf1d74b1c22dfed03"
                              },
                              {
                                    "type": "EVAL",
                                    "hash": "9b4be5d748a292e481722f1ef8f75020"
                              },
                              {
                                    "type": "EVAL",
                                    "hash": "d125de513ca8b1ffebff5462759c9c11"
                              },
                              {
                                    "type": "EVAL",
                                    "hash": "d9a37025335199f832c9fe6df8843cd0"
                              }
                        ],
                        [
                              {
                                    "type": "LOAD",
                                    "hash": "b196992a908675ec2151fb0a75d0a79a"
                              }
                        ],
                        [
                              {
                                    "type": "EVAL",
                                    "hash": "b196992a908675ec2151fb0a75d0a79a"
                              }
                        ],
                        [
                              {
                                    "type": "EVAL",
                                    "hash": "4b8c2cfb0c6f53666a623b1146239137"
                              },
                              {
                                    "type": "EVAL",
                                    "hash": "b0119d264c02ac9d08f59ad7e1bd9ac7"
                              }
                        ],
                        [
                              {
                                    "type": "EVAL",
                                    "hash": "4b8c2cfb0c6f53666a623b1146239137"
                              },
                              {
                                    "type": "EVAL",
                                    "hash": "b0119d264c02ac9d08f59ad7e1bd9ac7"
                              }
                        ],
                        [
                              {
                                    "type": "EVAL",
                                    "hash": "4b8c2cfb0c6f53666a623b1146239137"
                              },
                              {
                                    "type": "EVAL",
                                    "hash": "b0119d264c02ac9d08f59ad7e1bd9ac7"
                              }
                        ],
                        [
                              {
                                    "type": "EVAL",
                                    "hash": "4b8c2cfb0c6f53666a623b1146239137"
                              },
                              {
                                    "type": "EVAL",
                                    "hash": "b0119d264c02ac9d08f59ad7e1bd9ac7"
                              },
                              {
                                    "type": "EVAL",
                                    "hash": "9b4be5d748a292e481722f1ef8f75020"
                              }
                        ],
                        [
                              {
                                    "type": "EVAL",
                                    "hash": "a5d842cf76d1112fa025602764872564"
                              },
                              {
                                    "type": "EVAL",
                                    "hash": "9cb5538ee75163054fc2701486e1c8c0"
                              },
                              {
                                    "type": "EVAL",
                                    "hash": "e8b84f9a6048973ee83f697d1702109b"
                              },
                              {
                                    "type": "EVAL",
                                    "hash": "4b8c2cfb0c6f53666a623b1146239137"
                              },
                              {
                                    "type": "EVAL",
                                    "hash": "9b4be5d748a292e481722f1ef8f75020"
                              },
                              {
                                    "type": "EVAL",
                                    "hash": "0786a4b7b6e7e9aa4fd2d348958211f2"
                              },
                              {
                                    "type": "EVAL",
                                    "hash": "b0119d264c02ac9d08f59ad7e1bd9ac7"
                              }
                        ],
                        [
                              {
                                    "type": "EVAL",
                                    "hash": "a5d842cf76d1112fa025602764872564"
                              },
                              {
                                    "type": "EVAL",
                                    "hash": "9cb5538ee75163054fc2701486e1c8c0"
                              },
                              {
                                    "type": "EVAL",
                                    "hash": "e8b84f9a6048973ee83f697d1702109b"
                              },
                              {
                                    "type": "EVAL",
                                    "hash": "4b8c2cfb0c6f53666a623b1146239137"
                              },
                              {
                                    "type": "EVAL",
                                    "hash": "9b4be5d748a292e481722f1ef8f75020"
                              },
                              {
                                    "type": "EVAL",
                                    "hash": "0786a4b7b6e7e9aa4fd2d348958211f2"
                              },
                              {
                                    "type": "EVAL",
                                    "hash": "b0119d264c02ac9d08f59ad7e1bd9ac7"
                              },
                              {
                                    "type": "EVAL",
                                    "hash": "4096f635d63d699f18af72eb0332f0ff"
                              }
                        ]
                  ],
                  "total_time": 0.0005109310150146484
            }
      }
]
